[ 2016-09-01T07:28:05+08:00 ] 192.168.3.1 /
INFO: [ app_init ] --START--
INFO: Run Behavior\BuildLiteBehavior [ RunTime:0.000018s ]
INFO: Run Common\Behavior\InitHookBehavior [ RunTime:0.031976s ]
INFO: [ app_init ] --END-- [ RunTime:0.039346s ]
INFO: [ app_begin ] --START--
INFO: Run Behavior\ReadHtmlCacheBehavior [ RunTime:0.008297s ]
INFO: [ app_begin ] --END-- [ RunTime:0.008422s ]

[ 2016-09-01T07:28:10+08:00 ] 192.168.3.1 /Home/Guandao/sactuals.html
INFO: [ app_init ] --START--
INFO: Run Behavior\BuildLiteBehavior [ RunTime:0.000018s ]
INFO: Run Common\Behavior\InitHookBehavior [ RunTime:0.015333s ]
INFO: [ app_init ] --END-- [ RunTime:0.016945s ]
INFO: [ app_begin ] --START--
INFO: Run Behavior\ReadHtmlCacheBehavior [ RunTime:0.002615s ]
INFO: [ app_begin ] --END-- [ RunTime:0.002718s ]

[ 2016-09-01T07:56:55+08:00 ] 192.168.3.1 /Home/Guandao/sactuals.html
INFO: [ app_init ] --START--
INFO: Run Behavior\BuildLiteBehavior [ RunTime:0.000020s ]
INFO: Run Common\Behavior\InitHookBehavior [ RunTime:0.020245s ]
INFO: [ app_init ] --END-- [ RunTime:0.021914s ]
INFO: [ app_begin ] --START--
INFO: Run Behavior\ReadHtmlCacheBehavior [ RunTime:0.002154s ]
INFO: [ app_begin ] --END-- [ RunTime:0.002218s ]

[ 2016-09-01T08:57:51+08:00 ] 192.168.3.1 /
INFO: [ app_init ] --START--
INFO: Run Behavior\BuildLiteBehavior [ RunTime:0.000016s ]
INFO: Run Common\Behavior\InitHookBehavior [ RunTime:0.080689s ]
INFO: [ app_init ] --END-- [ RunTime:0.087331s ]
INFO: [ app_begin ] --START--
INFO: Run Behavior\ReadHtmlCacheBehavior [ RunTime:0.021092s ]
INFO: [ app_begin ] --END-- [ RunTime:0.021181s ]

[ 2016-09-01T09:14:44+08:00 ] 192.168.3.1 /
INFO: [ app_init ] --START--
INFO: Run Behavior\BuildLiteBehavior [ RunTime:0.000018s ]
INFO: Run Common\Behavior\InitHookBehavior [ RunTime:0.052405s ]
INFO: [ app_init ] --END-- [ RunTime:0.067270s ]
INFO: [ app_begin ] --START--
INFO: Run Behavior\ReadHtmlCacheBehavior [ RunTime:0.006331s ]
INFO: [ app_begin ] --END-- [ RunTime:0.006413s ]

[ 2016-09-01T09:17:07+08:00 ] 192.168.3.1 /
INFO: [ app_init ] --START--
INFO: Run Behavior\BuildLiteBehavior [ RunTime:0.000017s ]
INFO: Run Common\Behavior\InitHookBehavior [ RunTime:0.014720s ]
INFO: [ app_init ] --END-- [ RunTime:0.016298s ]
INFO: [ app_begin ] --START--
INFO: Run Behavior\ReadHtmlCacheBehavior [ RunTime:0.002167s ]
INFO: [ app_begin ] --END-- [ RunTime:0.002253s ]

[ 2016-09-01T09:30:15+08:00 ] 192.168.3.1 /Home/Guandao/sactuals.html
INFO: [ app_init ] --START--
INFO: Run Behavior\BuildLiteBehavior [ RunTime:0.000018s ]
INFO: Run Common\Behavior\InitHookBehavior [ RunTime:0.076355s ]
INFO: [ app_init ] --END-- [ RunTime:0.090571s ]
INFO: [ app_begin ] --START--
INFO: Run Behavior\ReadHtmlCacheBehavior [ RunTime:0.025278s ]
INFO: [ app_begin ] --END-- [ RunTime:0.025730s ]
SQL: SHOW COLUMNS FROM `xh_config` [ RunTime:0.0655s ]
SQL: SELECT `type`,`name`,`value` FROM `xh_config` WHERE `status` = 1  [ RunTime:0.0181s ]
NOTIC: [8] Undefined offset: 1 /home/vagrant/Code/gousteel/Application/Home/Controller/GuandaoController.class.php 第 32 行.
NOTIC: [8] Undefined offset: 2 /home/vagrant/Code/gousteel/Application/Home/Controller/GuandaoController.class.php 第 33 行.
NOTIC: [8] Undefined variable: order /home/vagrant/Code/gousteel/Application/Home/Controller/GuandaoController.class.php 第 66 行.
NOTIC: [8] Undefined variable: order /home/vagrant/Code/gousteel/Application/Home/Controller/GuandaoController.class.php 第 69 行.
SQL: SHOW COLUMNS FROM `xh_xh_gangguan` [ RunTime:0.0399s ]
NOTIC: [8] Undefined variable: map /home/vagrant/Code/gousteel/Application/Home/Controller/GuandaoController.class.php 第 74 行.
SQL: SELECT * FROM `xh_xh_gangguan` ORDER BY create_time desc LIMIT 0,20   [ RunTime:0.0218s ]
NOTIC: [8] Undefined variable: map /home/vagrant/Code/gousteel/Application/Home/Controller/GuandaoController.class.php 第 75 行.
SQL: SELECT COUNT(*) AS tp_count FROM `xh_xh_gangguan` LIMIT 1   [ RunTime:0.1212s ]
SQL: SHOW COLUMNS FROM `xh_company` [ RunTime:0.0654s ]
SQL: SELECT * FROM `xh_company` WHERE ( id = 10009 ) LIMIT 1   [ RunTime:0.0269s ]
NOTIC: [8] Undefined index: qq /home/vagrant/Code/gousteel/Application/Home/Controller/GuandaoController.class.php 第 87 行.
SQL: SHOW COLUMNS FROM `xh_ucenter_member` [ RunTime:0.0163s ]
SQL: SELECT * FROM `xh_ucenter_member` WHERE `id` = 9 LIMIT 1   [ RunTime:0.0267s ]
SQL: SHOW COLUMNS FROM `xh_contact` [ RunTime:0.0360s ]
SQL: SELECT * FROM `xh_contact` WHERE ( uid = 9 ) LIMIT 1   [ RunTime:0.0101s ]
NOTIC: [8] Undefined index: main_business /home/vagrant/Code/gousteel/Application/Home/Controller/GuandaoController.class.php 第 98 行.
NOTIC: [8] Undefined index: a_company /home/vagrant/Code/gousteel/Application/Home/Controller/GuandaoController.class.php 第 107 行.
NOTIC: [8] Undefined offset: 395 /home/vagrant/Code/gousteel/Application/Home/Controller/GuandaoController.class.php 第 108 行.
SQL: SELECT * FROM `xh_company` WHERE ( id = 10009 ) LIMIT 1   [ RunTime:0.0128s ]
NOTIC: [8] Undefined index: qq /home/vagrant/Code/gousteel/Application/Home/Controller/GuandaoController.class.php 第 87 行.
SQL: SELECT * FROM `xh_ucenter_member` WHERE `id` = 9 LIMIT 1   [ RunTime:0.0227s ]
SQL: SELECT * FROM `xh_contact` WHERE ( uid = 9 ) LIMIT 1   [ RunTime:0.0157s ]
NOTIC: [8] Undefined index: main_business /home/vagrant/Code/gousteel/Application/Home/Controller/GuandaoController.class.php 第 98 行.
NOTIC: [8] Undefined index: a_company /home/vagrant/Code/gousteel/Application/Home/Controller/GuandaoController.class.php 第 107 行.
NOTIC: [8] Undefined offset: 395 /home/vagrant/Code/gousteel/Application/Home/Controller/GuandaoController.class.php 第 108 行.
SQL: SELECT * FROM `xh_company` WHERE ( id = 10009 ) LIMIT 1   [ RunTime:0.0424s ]
NOTIC: [8] Undefined index: qq /home/vagrant/Code/gousteel/Application/Home/Controller/GuandaoController.class.php 第 87 行.
SQL: SELECT * FROM `xh_ucenter_member` WHERE `id` = 9 LIMIT 1   [ RunTime:0.0262s ]
SQL: SELECT * FROM `xh_contact` WHERE ( uid = 9 ) LIMIT 1   [ RunTime:0.0183s ]
NOTIC: [8] Undefined index: main_business /home/vagrant/Code/gousteel/Application/Home/Controller/GuandaoController.class.php 第 98 行.
NOTIC: [8] Undefined index: a_company /home/vagrant/Code/gousteel/Application/Home/Controller/GuandaoController.class.php 第 107 行.
NOTIC: [8] Undefined offset: 395 /home/vagrant/Code/gousteel/Application/Home/Controller/GuandaoController.class.php 第 108 行.
SQL: SELECT * FROM `xh_company` WHERE ( id = 10009 ) LIMIT 1   [ RunTime:0.0344s ]
NOTIC: [8] Undefined index: qq /home/vagrant/Code/gousteel/Application/Home/Controller/GuandaoController.class.php 第 87 行.
SQL: SELECT * FROM `xh_ucenter_member` WHERE `id` = 9 LIMIT 1   [ RunTime:0.0286s ]
SQL: SELECT * FROM `xh_contact` WHERE ( uid = 9 ) LIMIT 1   [ RunTime:0.0175s ]
NOTIC: [8] Undefined index: main_business /home/vagrant/Code/gousteel/Application/Home/Controller/GuandaoController.class.php 第 98 行.
NOTIC: [8] Undefined index: a_company /home/vagrant/Code/gousteel/Application/Home/Controller/GuandaoController.class.php 第 107 行.
NOTIC: [8] Undefined offset: 395 /home/vagrant/Code/gousteel/Application/Home/Controller/GuandaoController.class.php 第 108 行.
SQL: SELECT * FROM `xh_company` WHERE ( id = 10009 ) LIMIT 1   [ RunTime:0.0634s ]
NOTIC: [8] Undefined index: qq /home/vagrant/Code/gousteel/Application/Home/Controller/GuandaoController.class.php 第 87 行.
SQL: SELECT * FROM `xh_ucenter_member` WHERE `id` = 9 LIMIT 1   [ RunTime:0.0120s ]
SQL: SELECT * FROM `xh_contact` WHERE ( uid = 9 ) LIMIT 1   [ RunTime:0.0552s ]
NOTIC: [8] Undefined index: main_business /home/vagrant/Code/gousteel/Application/Home/Controller/GuandaoController.class.php 第 98 行.
NOTIC: [8] Undefined index: a_company /home/vagrant/Code/gousteel/Application/Home/Controller/GuandaoController.class.php 第 107 行.
NOTIC: [8] Undefined offset: 395 /home/vagrant/Code/gousteel/Application/Home/Controller/GuandaoController.class.php 第 108 行.
SQL: SELECT * FROM `xh_company` WHERE ( id = 10009 ) LIMIT 1   [ RunTime:0.0158s ]
NOTIC: [8] Undefined index: qq /home/vagrant/Code/gousteel/Application/Home/Controller/GuandaoController.class.php 第 87 行.
SQL: SELECT * FROM `xh_ucenter_member` WHERE `id` = 9 LIMIT 1   [ RunTime:0.0205s ]
SQL: SELECT * FROM `xh_contact` WHERE ( uid = 9 ) LIMIT 1   [ RunTime:0.0179s ]
NOTIC: [8] Undefined index: main_business /home/vagrant/Code/gousteel/Application/Home/Controller/GuandaoController.class.php 第 98 行.
NOTIC: [8] Undefined index: a_company /home/vagrant/Code/gousteel/Application/Home/Controller/GuandaoController.class.php 第 107 行.
NOTIC: [8] Undefined offset: 395 /home/vagrant/Code/gousteel/Application/Home/Controller/GuandaoController.class.php 第 108 行.
SQL: SELECT * FROM `xh_company` WHERE ( id = 10009 ) LIMIT 1   [ RunTime:0.0364s ]
NOTIC: [8] Undefined index: qq /home/vagrant/Code/gousteel/Application/Home/Controller/GuandaoController.class.php 第 87 行.
SQL: SELECT * FROM `xh_ucenter_member` WHERE `id` = 9 LIMIT 1   [ RunTime:0.0259s ]
SQL: SELECT * FROM `xh_contact` WHERE ( uid = 9 ) LIMIT 1   [ RunTime:0.0687s ]
NOTIC: [8] Undefined index: main_business /home/vagrant/Code/gousteel/Application/Home/Controller/GuandaoController.class.php 第 98 行.
NOTIC: [8] Undefined index: a_company /home/vagrant/Code/gousteel/Application/Home/Controller/GuandaoController.class.php 第 107 行.
NOTIC: [8] Undefined offset: 395 /home/vagrant/Code/gousteel/Application/Home/Controller/GuandaoController.class.php 第 108 行.
SQL: SELECT * FROM `xh_company` WHERE ( id = 10009 ) LIMIT 1   [ RunTime:0.0148s ]
NOTIC: [8] Undefined index: qq /home/vagrant/Code/gousteel/Application/Home/Controller/GuandaoController.class.php 第 87 行.
SQL: SELECT * FROM `xh_ucenter_member` WHERE `id` = 9 LIMIT 1   [ RunTime:0.0203s ]
SQL: SELECT * FROM `xh_contact` WHERE ( uid = 9 ) LIMIT 1   [ RunTime:0.0325s ]
NOTIC: [8] Undefined index: main_business /home/vagrant/Code/gousteel/Application/Home/Controller/GuandaoController.class.php 第 98 行.
NOTIC: [8] Undefined index: a_company /home/vagrant/Code/gousteel/Application/Home/Controller/GuandaoController.class.php 第 107 行.
NOTIC: [8] Undefined offset: 395 /home/vagrant/Code/gousteel/Application/Home/Controller/GuandaoController.class.php 第 108 行.
SQL: SELECT * FROM `xh_company` WHERE ( id = 10009 ) LIMIT 1   [ RunTime:0.0109s ]
NOTIC: [8] Undefined index: qq /home/vagrant/Code/gousteel/Application/Home/Controller/GuandaoController.class.php 第 87 行.
SQL: SELECT * FROM `xh_ucenter_member` WHERE `id` = 9 LIMIT 1   [ RunTime:0.0151s ]
SQL: SELECT * FROM `xh_contact` WHERE ( uid = 9 ) LIMIT 1   [ RunTime:0.0178s ]
NOTIC: [8] Undefined index: main_business /home/vagrant/Code/gousteel/Application/Home/Controller/GuandaoController.class.php 第 98 行.
NOTIC: [8] Undefined index: a_company /home/vagrant/Code/gousteel/Application/Home/Controller/GuandaoController.class.php 第 107 行.
NOTIC: [8] Undefined offset: 395 /home/vagrant/Code/gousteel/Application/Home/Controller/GuandaoController.class.php 第 108 行.
SQL: SELECT * FROM `xh_company` WHERE ( id = 10009 ) LIMIT 1   [ RunTime:0.0209s ]
NOTIC: [8] Undefined index: qq /home/vagrant/Code/gousteel/Application/Home/Controller/GuandaoController.class.php 第 87 行.
SQL: SELECT * FROM `xh_ucenter_member` WHERE `id` = 9 LIMIT 1   [ RunTime:0.0137s ]
SQL: SELECT * FROM `xh_contact` WHERE ( uid = 9 ) LIMIT 1   [ RunTime:0.0107s ]
NOTIC: [8] Undefined index: main_business /home/vagrant/Code/gousteel/Application/Home/Controller/GuandaoController.class.php 第 98 行.
NOTIC: [8] Undefined index: a_company /home/vagrant/Code/gousteel/Application/Home/Controller/GuandaoController.class.php 第 107 行.
NOTIC: [8] Undefined offset: 395 /home/vagrant/Code/gousteel/Application/Home/Controller/GuandaoController.class.php 第 108 行.
SQL: SELECT * FROM `xh_company` WHERE ( id = 10009 ) LIMIT 1   [ RunTime:0.0168s ]
NOTIC: [8] Undefined index: qq /home/vagrant/Code/gousteel/Application/Home/Controller/GuandaoController.class.php 第 87 行.
SQL: SELECT * FROM `xh_ucenter_member` WHERE `id` = 9 LIMIT 1   [ RunTime:0.0236s ]
SQL: SELECT * FROM `xh_contact` WHERE ( uid = 9 ) LIMIT 1   [ RunTime:0.0313s ]
NOTIC: [8] Undefined index: main_business /home/vagrant/Code/gousteel/Application/Home/Controller/GuandaoController.class.php 第 98 行.
NOTIC: [8] Undefined index: a_company /home/vagrant/Code/gousteel/Application/Home/Controller/GuandaoController.class.php 第 107 行.
NOTIC: [8] Undefined offset: 395 /home/vagrant/Code/gousteel/Application/Home/Controller/GuandaoController.class.php 第 108 行.
SQL: SELECT * FROM `xh_company` WHERE ( id = 10009 ) LIMIT 1   [ RunTime:0.0106s ]
NOTIC: [8] Undefined index: qq /home/vagrant/Code/gousteel/Application/Home/Controller/GuandaoController.class.php 第 87 行.
SQL: SELECT * FROM `xh_ucenter_member` WHERE `id` = 9 LIMIT 1   [ RunTime:0.0196s ]
SQL: SELECT * FROM `xh_contact` WHERE ( uid = 9 ) LIMIT 1   [ RunTime:0.0330s ]
NOTIC: [8] Undefined index: main_business /home/vagrant/Code/gousteel/Application/Home/Controller/GuandaoController.class.php 第 98 行.
NOTIC: [8] Undefined index: a_company /home/vagrant/Code/gousteel/Application/Home/Controller/GuandaoController.class.php 第 107 行.
NOTIC: [8] Undefined offset: 395 /home/vagrant/Code/gousteel/Application/Home/Controller/GuandaoController.class.php 第 108 行.
SQL: SELECT * FROM `xh_company` WHERE ( id = 10009 ) LIMIT 1   [ RunTime:0.0229s ]
NOTIC: [8] Undefined index: qq /home/vagrant/Code/gousteel/Application/Home/Controller/GuandaoController.class.php 第 87 行.
SQL: SELECT * FROM `xh_ucenter_member` WHERE `id` = 9 LIMIT 1   [ RunTime:0.0291s ]
SQL: SELECT * FROM `xh_contact` WHERE ( uid = 9 ) LIMIT 1   [ RunTime:0.0396s ]
NOTIC: [8] Undefined index: main_business /home/vagrant/Code/gousteel/Application/Home/Controller/GuandaoController.class.php 第 98 行.
NOTIC: [8] Undefined index: a_company /home/vagrant/Code/gousteel/Application/Home/Controller/GuandaoController.class.php 第 107 行.
NOTIC: [8] Undefined offset: 395 /home/vagrant/Code/gousteel/Application/Home/Controller/GuandaoController.class.php 第 108 行.
SQL: SELECT * FROM `xh_company` WHERE ( id = 10009 ) LIMIT 1   [ RunTime:0.0124s ]
NOTIC: [8] Undefined index: qq /home/vagrant/Code/gousteel/Application/Home/Controller/GuandaoController.class.php 第 87 行.
SQL: SELECT * FROM `xh_ucenter_member` WHERE `id` = 9 LIMIT 1   [ RunTime:0.0244s ]
SQL: SELECT * FROM `xh_contact` WHERE ( uid = 9 ) LIMIT 1   [ RunTime:0.0095s ]
NOTIC: [8] Undefined index: main_business /home/vagrant/Code/gousteel/Application/Home/Controller/GuandaoController.class.php 第 98 行.
NOTIC: [8] Undefined index: a_company /home/vagrant/Code/gousteel/Application/Home/Controller/GuandaoController.class.php 第 107 行.
NOTIC: [8] Undefined offset: 395 /home/vagrant/Code/gousteel/Application/Home/Controller/GuandaoController.class.php 第 108 行.
SQL: SELECT * FROM `xh_company` WHERE ( id = 10009 ) LIMIT 1   [ RunTime:0.0141s ]
NOTIC: [8] Undefined index: qq /home/vagrant/Code/gousteel/Application/Home/Controller/GuandaoController.class.php 第 87 行.
SQL: SELECT * FROM `xh_ucenter_member` WHERE `id` = 9 LIMIT 1   [ RunTime:0.0204s ]
SQL: SELECT * FROM `xh_contact` WHERE ( uid = 9 ) LIMIT 1   [ RunTime:0.0156s ]
NOTIC: [8] Undefined index: main_business /home/vagrant/Code/gousteel/Application/Home/Controller/GuandaoController.class.php 第 98 行.
NOTIC: [8] Undefined index: a_company /home/vagrant/Code/gousteel/Application/Home/Controller/GuandaoController.class.php 第 107 行.
NOTIC: [8] Undefined offset: 395 /home/vagrant/Code/gousteel/Application/Home/Controller/GuandaoController.class.php 第 108 行.
SQL: SELECT * FROM `xh_company` WHERE ( id = 10009 ) LIMIT 1   [ RunTime:0.0269s ]
NOTIC: [8] Undefined index: qq /home/vagrant/Code/gousteel/Application/Home/Controller/GuandaoController.class.php 第 87 行.
SQL: SELECT * FROM `xh_ucenter_member` WHERE `id` = 9 LIMIT 1   [ RunTime:0.0146s ]
SQL: SELECT * FROM `xh_contact` WHERE ( uid = 9 ) LIMIT 1   [ RunTime:0.0102s ]
NOTIC: [8] Undefined index: main_business /home/vagrant/Code/gousteel/Application/Home/Controller/GuandaoController.class.php 第 98 行.
NOTIC: [8] Undefined index: a_company /home/vagrant/Code/gousteel/Application/Home/Controller/GuandaoController.class.php 第 107 行.
NOTIC: [8] Undefined offset: 395 /home/vagrant/Code/gousteel/Application/Home/Controller/GuandaoController.class.php 第 108 行.
SQL: SELECT * FROM `xh_company` WHERE ( id = 10009 ) LIMIT 1   [ RunTime:0.0102s ]
NOTIC: [8] Undefined index: qq /home/vagrant/Code/gousteel/Application/Home/Controller/GuandaoController.class.php 第 87 行.
SQL: SELECT * FROM `xh_ucenter_member` WHERE `id` = 9 LIMIT 1   [ RunTime:0.0110s ]
SQL: SELECT * FROM `xh_contact` WHERE ( uid = 9 ) LIMIT 1   [ RunTime:0.0095s ]
NOTIC: [8] Undefined index: main_business /home/vagrant/Code/gousteel/Application/Home/Controller/GuandaoController.class.php 第 98 行.
NOTIC: [8] Undefined index: a_company /home/vagrant/Code/gousteel/Application/Home/Controller/GuandaoController.class.php 第 107 行.
NOTIC: [8] Undefined offset: 395 /home/vagrant/Code/gousteel/Application/Home/Controller/GuandaoController.class.php 第 108 行.
SQL: SELECT * FROM `xh_company` WHERE ( id = 10009 ) LIMIT 1   [ RunTime:0.0229s ]
NOTIC: [8] Undefined index: qq /home/vagrant/Code/gousteel/Application/Home/Controller/GuandaoController.class.php 第 87 行.
SQL: SELECT * FROM `xh_ucenter_member` WHERE `id` = 9 LIMIT 1   [ RunTime:0.0185s ]
SQL: SELECT * FROM `xh_contact` WHERE ( uid = 9 ) LIMIT 1   [ RunTime:0.0106s ]
NOTIC: [8] Undefined index: main_business /home/vagrant/Code/gousteel/Application/Home/Controller/GuandaoController.class.php 第 98 行.
NOTIC: [8] Undefined index: a_company /home/vagrant/Code/gousteel/Application/Home/Controller/GuandaoController.class.php 第 107 行.
NOTIC: [8] Undefined offset: 395 /home/vagrant/Code/gousteel/Application/Home/Controller/GuandaoController.class.php 第 108 行.
SQL: SELECT * FROM `xh_company` WHERE ( id = 10009 ) LIMIT 1   [ RunTime:0.0127s ]
NOTIC: [8] Undefined index: qq /home/vagrant/Code/gousteel/Application/Home/Controller/GuandaoController.class.php 第 87 行.
SQL: SELECT * FROM `xh_ucenter_member` WHERE `id` = 9 LIMIT 1   [ RunTime:0.0138s ]
SQL: SELECT * FROM `xh_contact` WHERE ( uid = 9 ) LIMIT 1   [ RunTime:0.0102s ]
NOTIC: [8] Undefined index: main_business /home/vagrant/Code/gousteel/Application/Home/Controller/GuandaoController.class.php 第 98 行.
NOTIC: [8] Undefined index: a_company /home/vagrant/Code/gousteel/Application/Home/Controller/GuandaoController.class.php 第 107 行.
NOTIC: [8] Undefined offset: 395 /home/vagrant/Code/gousteel/Application/Home/Controller/GuandaoController.class.php 第 108 行.
SQL: SELECT * FROM `xh_company` WHERE ( id = 10009 ) LIMIT 1   [ RunTime:0.0409s ]
NOTIC: [8] Undefined index: qq /home/vagrant/Code/gousteel/Application/Home/Controller/GuandaoController.class.php 第 87 行.
SQL: SELECT * FROM `xh_ucenter_member` WHERE `id` = 9 LIMIT 1   [ RunTime:0.0104s ]
SQL: SELECT * FROM `xh_contact` WHERE ( uid = 9 ) LIMIT 1   [ RunTime:0.0122s ]
NOTIC: [8] Undefined index: main_business /home/vagrant/Code/gousteel/Application/Home/Controller/GuandaoController.class.php 第 98 行.
NOTIC: [8] Undefined index: a_company /home/vagrant/Code/gousteel/Application/Home/Controller/GuandaoController.class.php 第 107 行.
NOTIC: [8] Undefined offset: 395 /home/vagrant/Code/gousteel/Application/Home/Controller/GuandaoController.class.php 第 108 行.
INFO: [ view_parse ] --START--
INFO: [ template_filter ] --START--
INFO: Run Behavior\ContentReplaceBehavior [ RunTime:0.001296s ]
INFO: [ template_filter ] --END-- [ RunTime:0.001930s ]
SQL: SHOW COLUMNS FROM `xh_adv` [ RunTime:0.0533s ]
SQL: SELECT * FROM `xh_adv` LEFT JOIN xh_adv_pos as b ON xh_adv.pos_id = b.id  WHERE b.status = 1 AND b.type = 1 AND b.path = 'Home/Guandao/sactuals'  [ RunTime:0.0279s ]
NOTIC: [2] Invalid argument supplied for foreach() /home/vagrant/Code/gousteel/Runtime/Cache/Home/7b1cd5e71e4598c502cb72a2ca291e16.php 第 4 行.
NOTIC: [8] Undefined variable: oneplus_seo_meta /home/vagrant/Code/gousteel/Runtime/Cache/Home/7b1cd5e71e4598c502cb72a2ca291e16.php 第 6 行.
NOTIC: [8] Undefined variable: seo /home/vagrant/Code/gousteel/Runtime/Cache/Home/7b1cd5e71e4598c502cb72a2ca291e16.php 第 6 行.
SQL: SHOW COLUMNS FROM `xh_seo_rule` [ RunTime:0.0430s ]
NOTIC: [8] Undefined index: page /home/vagrant/Code/gousteel/Application/Common/Common/pagination.php 第 14 行.
INFO: Run Behavior\ParseTemplateBehavior [ RunTime:0.790172s ]
INFO: [ view_parse ] --END-- [ RunTime:0.790283s ]
INFO: [ view_filter ] --START--
INFO: Run Behavior\WriteHtmlCacheBehavior [ RunTime:0.019657s ]
INFO: [ view_filter ] --END-- [ RunTime:0.019772s ]
INFO: [ app_end ] --START--
INFO: Run Behavior\ShowPageTraceBehavior [ RunTime:0.022138s ]
INFO: [ app_end ] --END-- [ RunTime:0.022255s ]

[ 2016-09-01T09:30:21+08:00 ] 192.168.3.1 /Home/Guandao/sactuals.html
INFO: [ app_init ] --START--
INFO: Run Behavior\BuildLiteBehavior [ RunTime:0.000032s ]
INFO: Run Common\Behavior\InitHookBehavior [ RunTime:0.038067s ]
INFO: [ app_init ] --END-- [ RunTime:0.041512s ]
INFO: [ app_begin ] --START--
INFO: Run Behavior\ReadHtmlCacheBehavior [ RunTime:0.003354s ]
INFO: [ app_begin ] --END-- [ RunTime:0.003476s ]
SQL: SHOW COLUMNS FROM `xh_config` [ RunTime:0.0145s ]
SQL: SELECT `type`,`name`,`value` FROM `xh_config` WHERE `status` = 1  [ RunTime:0.0202s ]
NOTIC: [8] Undefined offset: 1 /home/vagrant/Code/gousteel/Application/Home/Controller/GuandaoController.class.php 第 32 行.
NOTIC: [8] Undefined offset: 2 /home/vagrant/Code/gousteel/Application/Home/Controller/GuandaoController.class.php 第 33 行.
NOTIC: [8] Undefined variable: order /home/vagrant/Code/gousteel/Application/Home/Controller/GuandaoController.class.php 第 66 行.
NOTIC: [8] Undefined variable: order /home/vagrant/Code/gousteel/Application/Home/Controller/GuandaoController.class.php 第 69 行.
SQL: SHOW COLUMNS FROM `xh_xh_gangguan` [ RunTime:0.0208s ]
NOTIC: [8] Undefined variable: map /home/vagrant/Code/gousteel/Application/Home/Controller/GuandaoController.class.php 第 74 行.
SQL: SELECT * FROM `xh_xh_gangguan` ORDER BY create_time desc LIMIT 0,20   [ RunTime:0.0476s ]
NOTIC: [8] Undefined variable: map /home/vagrant/Code/gousteel/Application/Home/Controller/GuandaoController.class.php 第 75 行.
SQL: SELECT COUNT(*) AS tp_count FROM `xh_xh_gangguan` LIMIT 1   [ RunTime:0.0237s ]
SQL: SHOW COLUMNS FROM `xh_company` [ RunTime:0.0288s ]
SQL: SELECT * FROM `xh_company` WHERE ( id = 10009 ) LIMIT 1   [ RunTime:0.0376s ]
NOTIC: [8] Undefined index: qq /home/vagrant/Code/gousteel/Application/Home/Controller/GuandaoController.class.php 第 87 行.
SQL: SHOW COLUMNS FROM `xh_ucenter_member` [ RunTime:0.0279s ]
SQL: SELECT * FROM `xh_ucenter_member` WHERE `id` = 9 LIMIT 1   [ RunTime:0.0600s ]
SQL: SHOW COLUMNS FROM `xh_contact` [ RunTime:0.0153s ]
SQL: SELECT * FROM `xh_contact` WHERE ( uid = 9 ) LIMIT 1   [ RunTime:0.0156s ]
NOTIC: [8] Undefined index: main_business /home/vagrant/Code/gousteel/Application/Home/Controller/GuandaoController.class.php 第 98 行.
NOTIC: [8] Undefined index: a_company /home/vagrant/Code/gousteel/Application/Home/Controller/GuandaoController.class.php 第 107 行.
NOTIC: [8] Undefined offset: 395 /home/vagrant/Code/gousteel/Application/Home/Controller/GuandaoController.class.php 第 108 行.
SQL: SELECT * FROM `xh_company` WHERE ( id = 10009 ) LIMIT 1   [ RunTime:0.0191s ]
NOTIC: [8] Undefined index: qq /home/vagrant/Code/gousteel/Application/Home/Controller/GuandaoController.class.php 第 87 行.
SQL: SELECT * FROM `xh_ucenter_member` WHERE `id` = 9 LIMIT 1   [ RunTime:0.0613s ]
SQL: SELECT * FROM `xh_contact` WHERE ( uid = 9 ) LIMIT 1   [ RunTime:0.0183s ]
NOTIC: [8] Undefined index: main_business /home/vagrant/Code/gousteel/Application/Home/Controller/GuandaoController.class.php 第 98 行.
NOTIC: [8] Undefined index: a_company /home/vagrant/Code/gousteel/Application/Home/Controller/GuandaoController.class.php 第 107 行.
NOTIC: [8] Undefined offset: 395 /home/vagrant/Code/gousteel/Application/Home/Controller/GuandaoController.class.php 第 108 行.
SQL: SELECT * FROM `xh_company` WHERE ( id = 10009 ) LIMIT 1   [ RunTime:0.0215s ]
NOTIC: [8] Undefined index: qq /home/vagrant/Code/gousteel/Application/Home/Controller/GuandaoController.class.php 第 87 行.
SQL: SELECT * FROM `xh_ucenter_member` WHERE `id` = 9 LIMIT 1   [ RunTime:0.0121s ]
SQL: SELECT * FROM `xh_contact` WHERE ( uid = 9 ) LIMIT 1   [ RunTime:0.0356s ]
NOTIC: [8] Undefined index: main_business /home/vagrant/Code/gousteel/Application/Home/Controller/GuandaoController.class.php 第 98 行.
NOTIC: [8] Undefined index: a_company /home/vagrant/Code/gousteel/Application/Home/Controller/GuandaoController.class.php 第 107 行.
NOTIC: [8] Undefined offset: 395 /home/vagrant/Code/gousteel/Application/Home/Controller/GuandaoController.class.php 第 108 行.
SQL: SELECT * FROM `xh_company` WHERE ( id = 10009 ) LIMIT 1   [ RunTime:0.0305s ]
NOTIC: [8] Undefined index: qq /home/vagrant/Code/gousteel/Application/Home/Controller/GuandaoController.class.php 第 87 行.
SQL: SELECT * FROM `xh_ucenter_member` WHERE `id` = 9 LIMIT 1   [ RunTime:0.0226s ]
SQL: SELECT * FROM `xh_contact` WHERE ( uid = 9 ) LIMIT 1   [ RunTime:0.0319s ]
NOTIC: [8] Undefined index: main_business /home/vagrant/Code/gousteel/Application/Home/Controller/GuandaoController.class.php 第 98 行.
NOTIC: [8] Undefined index: a_company /home/vagrant/Code/gousteel/Application/Home/Controller/GuandaoController.class.php 第 107 行.
NOTIC: [8] Undefined offset: 395 /home/vagrant/Code/gousteel/Application/Home/Controller/GuandaoController.class.php 第 108 行.
SQL: SELECT * FROM `xh_company` WHERE ( id = 10009 ) LIMIT 1   [ RunTime:0.0574s ]
NOTIC: [8] Undefined index: qq /home/vagrant/Code/gousteel/Application/Home/Controller/GuandaoController.class.php 第 87 行.
SQL: SELECT * FROM `xh_ucenter_member` WHERE `id` = 9 LIMIT 1   [ RunTime:0.0381s ]
SQL: SELECT * FROM `xh_contact` WHERE ( uid = 9 ) LIMIT 1   [ RunTime:0.0246s ]
NOTIC: [8] Undefined index: main_business /home/vagrant/Code/gousteel/Application/Home/Controller/GuandaoController.class.php 第 98 行.
NOTIC: [8] Undefined index: a_company /home/vagrant/Code/gousteel/Application/Home/Controller/GuandaoController.class.php 第 107 行.
NOTIC: [8] Undefined offset: 395 /home/vagrant/Code/gousteel/Application/Home/Controller/GuandaoController.class.php 第 108 行.
SQL: SELECT * FROM `xh_company` WHERE ( id = 10009 ) LIMIT 1   [ RunTime:0.0269s ]
NOTIC: [8] Undefined index: qq /home/vagrant/Code/gousteel/Application/Home/Controller/GuandaoController.class.php 第 87 行.
SQL: SELECT * FROM `xh_ucenter_member` WHERE `id` = 9 LIMIT 1   [ RunTime:0.0178s ]
SQL: SELECT * FROM `xh_contact` WHERE ( uid = 9 ) LIMIT 1   [ RunTime:0.0112s ]
NOTIC: [8] Undefined index: main_business /home/vagrant/Code/gousteel/Application/Home/Controller/GuandaoController.class.php 第 98 行.
NOTIC: [8] Undefined index: a_company /home/vagrant/Code/gousteel/Application/Home/Controller/GuandaoController.class.php 第 107 行.
NOTIC: [8] Undefined offset: 395 /home/vagrant/Code/gousteel/Application/Home/Controller/GuandaoController.class.php 第 108 行.
SQL: SELECT * FROM `xh_company` WHERE ( id = 10009 ) LIMIT 1   [ RunTime:0.0147s ]
NOTIC: [8] Undefined index: qq /home/vagrant/Code/gousteel/Application/Home/Controller/GuandaoController.class.php 第 87 行.
SQL: SELECT * FROM `xh_ucenter_member` WHERE `id` = 9 LIMIT 1   [ RunTime:0.0408s ]
SQL: SELECT * FROM `xh_contact` WHERE ( uid = 9 ) LIMIT 1   [ RunTime:0.0261s ]
NOTIC: [8] Undefined index: main_business /home/vagrant/Code/gousteel/Application/Home/Controller/GuandaoController.class.php 第 98 行.
NOTIC: [8] Undefined index: a_company /home/vagrant/Code/gousteel/Application/Home/Controller/GuandaoController.class.php 第 107 行.
NOTIC: [8] Undefined offset: 395 /home/vagrant/Code/gousteel/Application/Home/Controller/GuandaoController.class.php 第 108 行.
SQL: SELECT * FROM `xh_company` WHERE ( id = 10009 ) LIMIT 1   [ RunTime:0.0354s ]
NOTIC: [8] Undefined index: qq /home/vagrant/Code/gousteel/Application/Home/Controller/GuandaoController.class.php 第 87 行.
SQL: SELECT * FROM `xh_ucenter_member` WHERE `id` = 9 LIMIT 1   [ RunTime:0.0323s ]
SQL: SELECT * FROM `xh_contact` WHERE ( uid = 9 ) LIMIT 1   [ RunTime:0.0139s ]
NOTIC: [8] Undefined index: main_business /home/vagrant/Code/gousteel/Application/Home/Controller/GuandaoController.class.php 第 98 行.
NOTIC: [8] Undefined index: a_company /home/vagrant/Code/gousteel/Application/Home/Controller/GuandaoController.class.php 第 107 行.
NOTIC: [8] Undefined offset: 395 /home/vagrant/Code/gousteel/Application/Home/Controller/GuandaoController.class.php 第 108 行.
SQL: SELECT * FROM `xh_company` WHERE ( id = 10009 ) LIMIT 1   [ RunTime:0.0180s ]
NOTIC: [8] Undefined index: qq /home/vagrant/Code/gousteel/Application/Home/Controller/GuandaoController.class.php 第 87 行.
SQL: SELECT * FROM `xh_ucenter_member` WHERE `id` = 9 LIMIT 1   [ RunTime:0.0224s ]
SQL: SELECT * FROM `xh_contact` WHERE ( uid = 9 ) LIMIT 1   [ RunTime:0.0311s ]
NOTIC: [8] Undefined index: main_business /home/vagrant/Code/gousteel/Application/Home/Controller/GuandaoController.class.php 第 98 行.
NOTIC: [8] Undefined index: a_company /home/vagrant/Code/gousteel/Application/Home/Controller/GuandaoController.class.php 第 107 行.
NOTIC: [8] Undefined offset: 395 /home/vagrant/Code/gousteel/Application/Home/Controller/GuandaoController.class.php 第 108 行.
SQL: SELECT * FROM `xh_company` WHERE ( id = 10009 ) LIMIT 1   [ RunTime:0.0371s ]
NOTIC: [8] Undefined index: qq /home/vagrant/Code/gousteel/Application/Home/Controller/GuandaoController.class.php 第 87 行.
SQL: SELECT * FROM `xh_ucenter_member` WHERE `id` = 9 LIMIT 1   [ RunTime:0.0522s ]
SQL: SELECT * FROM `xh_contact` WHERE ( uid = 9 ) LIMIT 1   [ RunTime:0.0316s ]
NOTIC: [8] Undefined index: main_business /home/vagrant/Code/gousteel/Application/Home/Controller/GuandaoController.class.php 第 98 行.
NOTIC: [8] Undefined index: a_company /home/vagrant/Code/gousteel/Application/Home/Controller/GuandaoController.class.php 第 107 行.
NOTIC: [8] Undefined offset: 395 /home/vagrant/Code/gousteel/Application/Home/Controller/GuandaoController.class.php 第 108 行.
SQL: SELECT * FROM `xh_company` WHERE ( id = 10009 ) LIMIT 1   [ RunTime:0.0120s ]
NOTIC: [8] Undefined index: qq /home/vagrant/Code/gousteel/Application/Home/Controller/GuandaoController.class.php 第 87 行.
SQL: SELECT * FROM `xh_ucenter_member` WHERE `id` = 9 LIMIT 1   [ RunTime:0.0254s ]
SQL: SELECT * FROM `xh_contact` WHERE ( uid = 9 ) LIMIT 1   [ RunTime:0.0752s ]
NOTIC: [8] Undefined index: main_business /home/vagrant/Code/gousteel/Application/Home/Controller/GuandaoController.class.php 第 98 行.
NOTIC: [8] Undefined index: a_company /home/vagrant/Code/gousteel/Application/Home/Controller/GuandaoController.class.php 第 107 行.
NOTIC: [8] Undefined offset: 395 /home/vagrant/Code/gousteel/Application/Home/Controller/GuandaoController.class.php 第 108 行.
SQL: SELECT * FROM `xh_company` WHERE ( id = 10009 ) LIMIT 1   [ RunTime:0.0181s ]
NOTIC: [8] Undefined index: qq /home/vagrant/Code/gousteel/Application/Home/Controller/GuandaoController.class.php 第 87 行.
SQL: SELECT * FROM `xh_ucenter_member` WHERE `id` = 9 LIMIT 1   [ RunTime:0.0539s ]
SQL: SELECT * FROM `xh_contact` WHERE ( uid = 9 ) LIMIT 1   [ RunTime:0.0124s ]
NOTIC: [8] Undefined index: main_business /home/vagrant/Code/gousteel/Application/Home/Controller/GuandaoController.class.php 第 98 行.
NOTIC: [8] Undefined index: a_company /home/vagrant/Code/gousteel/Application/Home/Controller/GuandaoController.class.php 第 107 行.
NOTIC: [8] Undefined offset: 395 /home/vagrant/Code/gousteel/Application/Home/Controller/GuandaoController.class.php 第 108 行.
SQL: SELECT * FROM `xh_company` WHERE ( id = 10009 ) LIMIT 1   [ RunTime:0.0136s ]
NOTIC: [8] Undefined index: qq /home/vagrant/Code/gousteel/Application/Home/Controller/GuandaoController.class.php 第 87 行.
SQL: SELECT * FROM `xh_ucenter_member` WHERE `id` = 9 LIMIT 1   [ RunTime:0.0416s ]
SQL: SELECT * FROM `xh_contact` WHERE ( uid = 9 ) LIMIT 1   [ RunTime:0.0808s ]
NOTIC: [8] Undefined index: main_business /home/vagrant/Code/gousteel/Application/Home/Controller/GuandaoController.class.php 第 98 行.
NOTIC: [8] Undefined index: a_company /home/vagrant/Code/gousteel/Application/Home/Controller/GuandaoController.class.php 第 107 行.
NOTIC: [8] Undefined offset: 395 /home/vagrant/Code/gousteel/Application/Home/Controller/GuandaoController.class.php 第 108 行.
SQL: SELECT * FROM `xh_company` WHERE ( id = 10009 ) LIMIT 1   [ RunTime:0.0462s ]
NOTIC: [8] Undefined index: qq /home/vagrant/Code/gousteel/Application/Home/Controller/GuandaoController.class.php 第 87 行.
SQL: SELECT * FROM `xh_ucenter_member` WHERE `id` = 9 LIMIT 1   [ RunTime:0.0277s ]
SQL: SELECT * FROM `xh_contact` WHERE ( uid = 9 ) LIMIT 1   [ RunTime:0.0240s ]
NOTIC: [8] Undefined index: main_business /home/vagrant/Code/gousteel/Application/Home/Controller/GuandaoController.class.php 第 98 行.
NOTIC: [8] Undefined index: a_company /home/vagrant/Code/gousteel/Application/Home/Controller/GuandaoController.class.php 第 107 行.
NOTIC: [8] Undefined offset: 395 /home/vagrant/Code/gousteel/Application/Home/Controller/GuandaoController.class.php 第 108 行.
SQL: SELECT * FROM `xh_company` WHERE ( id = 10009 ) LIMIT 1   [ RunTime:0.0285s ]
NOTIC: [8] Undefined index: qq /home/vagrant/Code/gousteel/Application/Home/Controller/GuandaoController.class.php 第 87 行.
SQL: SELECT * FROM `xh_ucenter_member` WHERE `id` = 9 LIMIT 1   [ RunTime:0.0218s ]
SQL: SELECT * FROM `xh_contact` WHERE ( uid = 9 ) LIMIT 1   [ RunTime:0.0124s ]
NOTIC: [8] Undefined index: main_business /home/vagrant/Code/gousteel/Application/Home/Controller/GuandaoController.class.php 第 98 行.
NOTIC: [8] Undefined index: a_company /home/vagrant/Code/gousteel/Application/Home/Controller/GuandaoController.class.php 第 107 行.
NOTIC: [8] Undefined offset: 395 /home/vagrant/Code/gousteel/Application/Home/Controller/GuandaoController.class.php 第 108 行.
SQL: SELECT * FROM `xh_company` WHERE ( id = 10009 ) LIMIT 1   [ RunTime:0.0118s ]
NOTIC: [8] Undefined index: qq /home/vagrant/Code/gousteel/Application/Home/Controller/GuandaoController.class.php 第 87 行.
SQL: SELECT * FROM `xh_ucenter_member` WHERE `id` = 9 LIMIT 1   [ RunTime:0.0202s ]
SQL: SELECT * FROM `xh_contact` WHERE ( uid = 9 ) LIMIT 1   [ RunTime:0.0202s ]
NOTIC: [8] Undefined index: main_business /home/vagrant/Code/gousteel/Application/Home/Controller/GuandaoController.class.php 第 98 行.
NOTIC: [8] Undefined index: a_company /home/vagrant/Code/gousteel/Application/Home/Controller/GuandaoController.class.php 第 107 行.
NOTIC: [8] Undefined offset: 395 /home/vagrant/Code/gousteel/Application/Home/Controller/GuandaoController.class.php 第 108 行.
SQL: SELECT * FROM `xh_company` WHERE ( id = 10009 ) LIMIT 1   [ RunTime:0.0126s ]
NOTIC: [8] Undefined index: qq /home/vagrant/Code/gousteel/Application/Home/Controller/GuandaoController.class.php 第 87 行.
SQL: SELECT * FROM `xh_ucenter_member` WHERE `id` = 9 LIMIT 1   [ RunTime:0.0172s ]
SQL: SELECT * FROM `xh_contact` WHERE ( uid = 9 ) LIMIT 1   [ RunTime:0.0571s ]
NOTIC: [8] Undefined index: main_business /home/vagrant/Code/gousteel/Application/Home/Controller/GuandaoController.class.php 第 98 行.
NOTIC: [8] Undefined index: a_company /home/vagrant/Code/gousteel/Application/Home/Controller/GuandaoController.class.php 第 107 行.
NOTIC: [8] Undefined offset: 395 /home/vagrant/Code/gousteel/Application/Home/Controller/GuandaoController.class.php 第 108 行.
SQL: SELECT * FROM `xh_company` WHERE ( id = 10009 ) LIMIT 1   [ RunTime:0.0191s ]
NOTIC: [8] Undefined index: qq /home/vagrant/Code/gousteel/Application/Home/Controller/GuandaoController.class.php 第 87 行.
SQL: SELECT * FROM `xh_ucenter_member` WHERE `id` = 9 LIMIT 1   [ RunTime:0.0169s ]
SQL: SELECT * FROM `xh_contact` WHERE ( uid = 9 ) LIMIT 1   [ RunTime:0.0130s ]
NOTIC: [8] Undefined index: main_business /home/vagrant/Code/gousteel/Application/Home/Controller/GuandaoController.class.php 第 98 行.
NOTIC: [8] Undefined index: a_company /home/vagrant/Code/gousteel/Application/Home/Controller/GuandaoController.class.php 第 107 行.
NOTIC: [8] Undefined offset: 395 /home/vagrant/Code/gousteel/Application/Home/Controller/GuandaoController.class.php 第 108 行.
SQL: SELECT * FROM `xh_company` WHERE ( id = 10009 ) LIMIT 1   [ RunTime:0.0244s ]
NOTIC: [8] Undefined index: qq /home/vagrant/Code/gousteel/Application/Home/Controller/GuandaoController.class.php 第 87 行.
SQL: SELECT * FROM `xh_ucenter_member` WHERE `id` = 9 LIMIT 1   [ RunTime:0.0670s ]
SQL: SELECT * FROM `xh_contact` WHERE ( uid = 9 ) LIMIT 1   [ RunTime:0.0161s ]
NOTIC: [8] Undefined index: main_business /home/vagrant/Code/gousteel/Application/Home/Controller/GuandaoController.class.php 第 98 行.
NOTIC: [8] Undefined index: a_company /home/vagrant/Code/gousteel/Application/Home/Controller/GuandaoController.class.php 第 107 行.
NOTIC: [8] Undefined offset: 395 /home/vagrant/Code/gousteel/Application/Home/Controller/GuandaoController.class.php 第 108 行.
SQL: SELECT * FROM `xh_company` WHERE ( id = 10009 ) LIMIT 1   [ RunTime:0.0178s ]
NOTIC: [8] Undefined index: qq /home/vagrant/Code/gousteel/Application/Home/Controller/GuandaoController.class.php 第 87 行.
SQL: SELECT * FROM `xh_ucenter_member` WHERE `id` = 9 LIMIT 1   [ RunTime:0.0142s ]
SQL: SELECT * FROM `xh_contact` WHERE ( uid = 9 ) LIMIT 1   [ RunTime:0.0217s ]
NOTIC: [8] Undefined index: main_business /home/vagrant/Code/gousteel/Application/Home/Controller/GuandaoController.class.php 第 98 行.
NOTIC: [8] Undefined index: a_company /home/vagrant/Code/gousteel/Application/Home/Controller/GuandaoController.class.php 第 107 行.
NOTIC: [8] Undefined offset: 395 /home/vagrant/Code/gousteel/Application/Home/Controller/GuandaoController.class.php 第 108 行.
INFO: [ view_parse ] --START--
INFO: [ template_filter ] --START--
INFO: Run Behavior\ContentReplaceBehavior [ RunTime:0.000310s ]
INFO: [ template_filter ] --END-- [ RunTime:0.000376s ]
SQL: SHOW COLUMNS FROM `xh_adv` [ RunTime:0.0884s ]
SQL: SELECT * FROM `xh_adv` LEFT JOIN xh_adv_pos as b ON xh_adv.pos_id = b.id  WHERE b.status = 1 AND b.type = 1 AND b.path = 'Home/Guandao/sactuals'  [ RunTime:0.0346s ]
NOTIC: [2] Invalid argument supplied for foreach() /home/vagrant/Code/gousteel/Runtime/Cache/Home/7b1cd5e71e4598c502cb72a2ca291e16.php 第 4 行.
NOTIC: [8] Undefined variable: oneplus_seo_meta /home/vagrant/Code/gousteel/Runtime/Cache/Home/7b1cd5e71e4598c502cb72a2ca291e16.php 第 6 行.
NOTIC: [8] Undefined variable: seo /home/vagrant/Code/gousteel/Runtime/Cache/Home/7b1cd5e71e4598c502cb72a2ca291e16.php 第 6 行.
SQL: SHOW COLUMNS FROM `xh_seo_rule` [ RunTime:0.0268s ]
NOTIC: [8] Undefined index: page /home/vagrant/Code/gousteel/Application/Common/Common/pagination.php 第 14 行.
INFO: Run Behavior\ParseTemplateBehavior [ RunTime:0.443099s ]
INFO: [ view_parse ] --END-- [ RunTime:0.443259s ]
INFO: [ view_filter ] --START--
INFO: Run Behavior\WriteHtmlCacheBehavior [ RunTime:0.006496s ]
INFO: [ view_filter ] --END-- [ RunTime:0.006637s ]
INFO: [ app_end ] --START--
INFO: Run Behavior\ShowPageTraceBehavior [ RunTime:0.006890s ]
INFO: [ app_end ] --END-- [ RunTime:0.007104s ]

[ 2016-09-01T10:04:46+08:00 ] 192.168.3.1 /Home/Guandao/sactuals.html
INFO: [ app_init ] --START--
INFO: Run Behavior\BuildLiteBehavior [ RunTime:0.000057s ]
INFO: Run Common\Behavior\InitHookBehavior [ RunTime:0.051252s ]
INFO: [ app_init ] --END-- [ RunTime:0.053397s ]
INFO: [ app_begin ] --START--
INFO: Run Behavior\ReadHtmlCacheBehavior [ RunTime:0.003142s ]
INFO: [ app_begin ] --END-- [ RunTime:0.003241s ]
SQL: SHOW COLUMNS FROM `xh_config` [ RunTime:0.0173s ]
SQL: SELECT `type`,`name`,`value` FROM `xh_config` WHERE `status` = 1  [ RunTime:0.0113s ]
NOTIC: [8] Undefined offset: 1 /home/vagrant/Code/gousteel/Application/Home/Controller/GuandaoController.class.php 第 32 行.
NOTIC: [8] Undefined offset: 2 /home/vagrant/Code/gousteel/Application/Home/Controller/GuandaoController.class.php 第 33 行.
NOTIC: [8] Undefined variable: order /home/vagrant/Code/gousteel/Application/Home/Controller/GuandaoController.class.php 第 66 行.
NOTIC: [8] Undefined variable: order /home/vagrant/Code/gousteel/Application/Home/Controller/GuandaoController.class.php 第 69 行.
SQL: SHOW COLUMNS FROM `xh_xh_gangguan` [ RunTime:0.0117s ]
NOTIC: [8] Undefined variable: map /home/vagrant/Code/gousteel/Application/Home/Controller/GuandaoController.class.php 第 74 行.
SQL: SELECT * FROM `xh_xh_gangguan` ORDER BY create_time desc LIMIT 0,20   [ RunTime:0.0231s ]
NOTIC: [8] Undefined variable: map /home/vagrant/Code/gousteel/Application/Home/Controller/GuandaoController.class.php 第 75 行.
SQL: SELECT COUNT(*) AS tp_count FROM `xh_xh_gangguan` LIMIT 1   [ RunTime:0.0173s ]
SQL: SHOW COLUMNS FROM `xh_company` [ RunTime:0.0124s ]
SQL: SELECT * FROM `xh_company` WHERE ( id = 10009 ) LIMIT 1   [ RunTime:0.0112s ]
NOTIC: [8] Undefined index: qq /home/vagrant/Code/gousteel/Application/Home/Controller/GuandaoController.class.php 第 87 行.
SQL: SHOW COLUMNS FROM `xh_ucenter_member` [ RunTime:0.0127s ]
SQL: SELECT * FROM `xh_ucenter_member` WHERE `id` = 9 LIMIT 1   [ RunTime:0.0126s ]
SQL: SHOW COLUMNS FROM `xh_contact` [ RunTime:0.0169s ]
SQL: SELECT * FROM `xh_contact` WHERE ( uid = 9 ) LIMIT 1   [ RunTime:0.0129s ]
NOTIC: [8] Undefined index: main_business /home/vagrant/Code/gousteel/Application/Home/Controller/GuandaoController.class.php 第 98 行.
NOTIC: [8] Undefined index: a_company /home/vagrant/Code/gousteel/Application/Home/Controller/GuandaoController.class.php 第 107 行.
NOTIC: [8] Undefined offset: 395 /home/vagrant/Code/gousteel/Application/Home/Controller/GuandaoController.class.php 第 108 行.
SQL: SELECT * FROM `xh_company` WHERE ( id = 10009 ) LIMIT 1   [ RunTime:0.0101s ]
NOTIC: [8] Undefined index: qq /home/vagrant/Code/gousteel/Application/Home/Controller/GuandaoController.class.php 第 87 行.
SQL: SELECT * FROM `xh_ucenter_member` WHERE `id` = 9 LIMIT 1   [ RunTime:0.0106s ]
SQL: SELECT * FROM `xh_contact` WHERE ( uid = 9 ) LIMIT 1   [ RunTime:0.0135s ]
NOTIC: [8] Undefined index: main_business /home/vagrant/Code/gousteel/Application/Home/Controller/GuandaoController.class.php 第 98 行.
NOTIC: [8] Undefined index: a_company /home/vagrant/Code/gousteel/Application/Home/Controller/GuandaoController.class.php 第 107 行.
NOTIC: [8] Undefined offset: 395 /home/vagrant/Code/gousteel/Application/Home/Controller/GuandaoController.class.php 第 108 行.
SQL: SELECT * FROM `xh_company` WHERE ( id = 10009 ) LIMIT 1   [ RunTime:0.0103s ]
NOTIC: [8] Undefined index: qq /home/vagrant/Code/gousteel/Application/Home/Controller/GuandaoController.class.php 第 87 行.
SQL: SELECT * FROM `xh_ucenter_member` WHERE `id` = 9 LIMIT 1   [ RunTime:0.0119s ]
SQL: SELECT * FROM `xh_contact` WHERE ( uid = 9 ) LIMIT 1   [ RunTime:0.0134s ]
NOTIC: [8] Undefined index: main_business /home/vagrant/Code/gousteel/Application/Home/Controller/GuandaoController.class.php 第 98 行.
NOTIC: [8] Undefined index: a_company /home/vagrant/Code/gousteel/Application/Home/Controller/GuandaoController.class.php 第 107 行.
NOTIC: [8] Undefined offset: 395 /home/vagrant/Code/gousteel/Application/Home/Controller/GuandaoController.class.php 第 108 行.
SQL: SELECT * FROM `xh_company` WHERE ( id = 10009 ) LIMIT 1   [ RunTime:0.0139s ]
NOTIC: [8] Undefined index: qq /home/vagrant/Code/gousteel/Application/Home/Controller/GuandaoController.class.php 第 87 行.
SQL: SELECT * FROM `xh_ucenter_member` WHERE `id` = 9 LIMIT 1   [ RunTime:0.0119s ]
SQL: SELECT * FROM `xh_contact` WHERE ( uid = 9 ) LIMIT 1   [ RunTime:0.0121s ]
NOTIC: [8] Undefined index: main_business /home/vagrant/Code/gousteel/Application/Home/Controller/GuandaoController.class.php 第 98 行.
NOTIC: [8] Undefined index: a_company /home/vagrant/Code/gousteel/Application/Home/Controller/GuandaoController.class.php 第 107 行.
NOTIC: [8] Undefined offset: 395 /home/vagrant/Code/gousteel/Application/Home/Controller/GuandaoController.class.php 第 108 行.
SQL: SELECT * FROM `xh_company` WHERE ( id = 10009 ) LIMIT 1   [ RunTime:0.0105s ]
NOTIC: [8] Undefined index: qq /home/vagrant/Code/gousteel/Application/Home/Controller/GuandaoController.class.php 第 87 行.
SQL: SELECT * FROM `xh_ucenter_member` WHERE `id` = 9 LIMIT 1   [ RunTime:0.0138s ]
SQL: SELECT * FROM `xh_contact` WHERE ( uid = 9 ) LIMIT 1   [ RunTime:0.0105s ]
NOTIC: [8] Undefined index: main_business /home/vagrant/Code/gousteel/Application/Home/Controller/GuandaoController.class.php 第 98 行.
NOTIC: [8] Undefined index: a_company /home/vagrant/Code/gousteel/Application/Home/Controller/GuandaoController.class.php 第 107 行.
NOTIC: [8] Undefined offset: 395 /home/vagrant/Code/gousteel/Application/Home/Controller/GuandaoController.class.php 第 108 行.
SQL: SELECT * FROM `xh_company` WHERE ( id = 10009 ) LIMIT 1   [ RunTime:0.0133s ]
NOTIC: [8] Undefined index: qq /home/vagrant/Code/gousteel/Application/Home/Controller/GuandaoController.class.php 第 87 行.
SQL: SELECT * FROM `xh_ucenter_member` WHERE `id` = 9 LIMIT 1   [ RunTime:0.0163s ]
SQL: SELECT * FROM `xh_contact` WHERE ( uid = 9 ) LIMIT 1   [ RunTime:0.0124s ]
NOTIC: [8] Undefined index: main_business /home/vagrant/Code/gousteel/Application/Home/Controller/GuandaoController.class.php 第 98 行.
NOTIC: [8] Undefined index: a_company /home/vagrant/Code/gousteel/Application/Home/Controller/GuandaoController.class.php 第 107 行.
NOTIC: [8] Undefined offset: 395 /home/vagrant/Code/gousteel/Application/Home/Controller/GuandaoController.class.php 第 108 行.
SQL: SELECT * FROM `xh_company` WHERE ( id = 10009 ) LIMIT 1   [ RunTime:0.0130s ]
NOTIC: [8] Undefined index: qq /home/vagrant/Code/gousteel/Application/Home/Controller/GuandaoController.class.php 第 87 行.
SQL: SELECT * FROM `xh_ucenter_member` WHERE `id` = 9 LIMIT 1   [ RunTime:0.0115s ]
SQL: SELECT * FROM `xh_contact` WHERE ( uid = 9 ) LIMIT 1   [ RunTime:0.0117s ]
NOTIC: [8] Undefined index: main_business /home/vagrant/Code/gousteel/Application/Home/Controller/GuandaoController.class.php 第 98 行.
NOTIC: [8] Undefined index: a_company /home/vagrant/Code/gousteel/Application/Home/Controller/GuandaoController.class.php 第 107 行.
NOTIC: [8] Undefined offset: 395 /home/vagrant/Code/gousteel/Application/Home/Controller/GuandaoController.class.php 第 108 行.
SQL: SELECT * FROM `xh_company` WHERE ( id = 10009 ) LIMIT 1   [ RunTime:0.0138s ]
NOTIC: [8] Undefined index: qq /home/vagrant/Code/gousteel/Application/Home/Controller/GuandaoController.class.php 第 87 行.
SQL: SELECT * FROM `xh_ucenter_member` WHERE `id` = 9 LIMIT 1   [ RunTime:0.0139s ]
SQL: SELECT * FROM `xh_contact` WHERE ( uid = 9 ) LIMIT 1   [ RunTime:0.0111s ]
NOTIC: [8] Undefined index: main_business /home/vagrant/Code/gousteel/Application/Home/Controller/GuandaoController.class.php 第 98 行.
NOTIC: [8] Undefined index: a_company /home/vagrant/Code/gousteel/Application/Home/Controller/GuandaoController.class.php 第 107 行.
NOTIC: [8] Undefined offset: 395 /home/vagrant/Code/gousteel/Application/Home/Controller/GuandaoController.class.php 第 108 行.
SQL: SELECT * FROM `xh_company` WHERE ( id = 10009 ) LIMIT 1   [ RunTime:0.0170s ]
NOTIC: [8] Undefined index: qq /home/vagrant/Code/gousteel/Application/Home/Controller/GuandaoController.class.php 第 87 行.
SQL: SELECT * FROM `xh_ucenter_member` WHERE `id` = 9 LIMIT 1   [ RunTime:0.0120s ]
SQL: SELECT * FROM `xh_contact` WHERE ( uid = 9 ) LIMIT 1   [ RunTime:0.0121s ]
NOTIC: [8] Undefined index: main_business /home/vagrant/Code/gousteel/Application/Home/Controller/GuandaoController.class.php 第 98 行.
NOTIC: [8] Undefined index: a_company /home/vagrant/Code/gousteel/Application/Home/Controller/GuandaoController.class.php 第 107 行.
NOTIC: [8] Undefined offset: 395 /home/vagrant/Code/gousteel/Application/Home/Controller/GuandaoController.class.php 第 108 行.
SQL: SELECT * FROM `xh_company` WHERE ( id = 10009 ) LIMIT 1   [ RunTime:0.0123s ]
NOTIC: [8] Undefined index: qq /home/vagrant/Code/gousteel/Application/Home/Controller/GuandaoController.class.php 第 87 行.
SQL: SELECT * FROM `xh_ucenter_member` WHERE `id` = 9 LIMIT 1   [ RunTime:0.0111s ]
SQL: SELECT * FROM `xh_contact` WHERE ( uid = 9 ) LIMIT 1   [ RunTime:0.0098s ]
NOTIC: [8] Undefined index: main_business /home/vagrant/Code/gousteel/Application/Home/Controller/GuandaoController.class.php 第 98 行.
NOTIC: [8] Undefined index: a_company /home/vagrant/Code/gousteel/Application/Home/Controller/GuandaoController.class.php 第 107 行.
NOTIC: [8] Undefined offset: 395 /home/vagrant/Code/gousteel/Application/Home/Controller/GuandaoController.class.php 第 108 行.
SQL: SELECT * FROM `xh_company` WHERE ( id = 10009 ) LIMIT 1   [ RunTime:0.0126s ]
NOTIC: [8] Undefined index: qq /home/vagrant/Code/gousteel/Application/Home/Controller/GuandaoController.class.php 第 87 行.
SQL: SELECT * FROM `xh_ucenter_member` WHERE `id` = 9 LIMIT 1   [ RunTime:0.0197s ]
SQL: SELECT * FROM `xh_contact` WHERE ( uid = 9 ) LIMIT 1   [ RunTime:0.0156s ]
NOTIC: [8] Undefined index: main_business /home/vagrant/Code/gousteel/Application/Home/Controller/GuandaoController.class.php 第 98 行.
NOTIC: [8] Undefined index: a_company /home/vagrant/Code/gousteel/Application/Home/Controller/GuandaoController.class.php 第 107 行.
NOTIC: [8] Undefined offset: 395 /home/vagrant/Code/gousteel/Application/Home/Controller/GuandaoController.class.php 第 108 行.
SQL: SELECT * FROM `xh_company` WHERE ( id = 10009 ) LIMIT 1   [ RunTime:0.0156s ]
NOTIC: [8] Undefined index: qq /home/vagrant/Code/gousteel/Application/Home/Controller/GuandaoController.class.php 第 87 行.
SQL: SELECT * FROM `xh_ucenter_member` WHERE `id` = 9 LIMIT 1   [ RunTime:0.0110s ]
SQL: SELECT * FROM `xh_contact` WHERE ( uid = 9 ) LIMIT 1   [ RunTime:0.0127s ]
NOTIC: [8] Undefined index: main_business /home/vagrant/Code/gousteel/Application/Home/Controller/GuandaoController.class.php 第 98 行.
NOTIC: [8] Undefined index: a_company /home/vagrant/Code/gousteel/Application/Home/Controller/GuandaoController.class.php 第 107 行.
NOTIC: [8] Undefined offset: 395 /home/vagrant/Code/gousteel/Application/Home/Controller/GuandaoController.class.php 第 108 行.
SQL: SELECT * FROM `xh_company` WHERE ( id = 10009 ) LIMIT 1   [ RunTime:0.0119s ]
NOTIC: [8] Undefined index: qq /home/vagrant/Code/gousteel/Application/Home/Controller/GuandaoController.class.php 第 87 行.
SQL: SELECT * FROM `xh_ucenter_member` WHERE `id` = 9 LIMIT 1   [ RunTime:0.0119s ]
SQL: SELECT * FROM `xh_contact` WHERE ( uid = 9 ) LIMIT 1   [ RunTime:0.0108s ]
NOTIC: [8] Undefined index: main_business /home/vagrant/Code/gousteel/Application/Home/Controller/GuandaoController.class.php 第 98 行.
NOTIC: [8] Undefined index: a_company /home/vagrant/Code/gousteel/Application/Home/Controller/GuandaoController.class.php 第 107 行.
NOTIC: [8] Undefined offset: 395 /home/vagrant/Code/gousteel/Application/Home/Controller/GuandaoController.class.php 第 108 行.
SQL: SELECT * FROM `xh_company` WHERE ( id = 10009 ) LIMIT 1   [ RunTime:0.0115s ]
NOTIC: [8] Undefined index: qq /home/vagrant/Code/gousteel/Application/Home/Controller/GuandaoController.class.php 第 87 行.
SQL: SELECT * FROM `xh_ucenter_member` WHERE `id` = 9 LIMIT 1   [ RunTime:0.0142s ]
SQL: SELECT * FROM `xh_contact` WHERE ( uid = 9 ) LIMIT 1   [ RunTime:0.0127s ]
NOTIC: [8] Undefined index: main_business /home/vagrant/Code/gousteel/Application/Home/Controller/GuandaoController.class.php 第 98 行.
NOTIC: [8] Undefined index: a_company /home/vagrant/Code/gousteel/Application/Home/Controller/GuandaoController.class.php 第 107 行.
NOTIC: [8] Undefined offset: 395 /home/vagrant/Code/gousteel/Application/Home/Controller/GuandaoController.class.php 第 108 行.
SQL: SELECT * FROM `xh_company` WHERE ( id = 10009 ) LIMIT 1   [ RunTime:0.0130s ]
NOTIC: [8] Undefined index: qq /home/vagrant/Code/gousteel/Application/Home/Controller/GuandaoController.class.php 第 87 行.
SQL: SELECT * FROM `xh_ucenter_member` WHERE `id` = 9 LIMIT 1   [ RunTime:0.0113s ]
SQL: SELECT * FROM `xh_contact` WHERE ( uid = 9 ) LIMIT 1   [ RunTime:0.0110s ]
NOTIC: [8] Undefined index: main_business /home/vagrant/Code/gousteel/Application/Home/Controller/GuandaoController.class.php 第 98 行.
NOTIC: [8] Undefined index: a_company /home/vagrant/Code/gousteel/Application/Home/Controller/GuandaoController.class.php 第 107 行.
NOTIC: [8] Undefined offset: 395 /home/vagrant/Code/gousteel/Application/Home/Controller/GuandaoController.class.php 第 108 行.
SQL: SELECT * FROM `xh_company` WHERE ( id = 10009 ) LIMIT 1   [ RunTime:0.0122s ]
NOTIC: [8] Undefined index: qq /home/vagrant/Code/gousteel/Application/Home/Controller/GuandaoController.class.php 第 87 行.
SQL: SELECT * FROM `xh_ucenter_member` WHERE `id` = 9 LIMIT 1   [ RunTime:0.0138s ]
SQL: SELECT * FROM `xh_contact` WHERE ( uid = 9 ) LIMIT 1   [ RunTime:0.0100s ]
NOTIC: [8] Undefined index: main_business /home/vagrant/Code/gousteel/Application/Home/Controller/GuandaoController.class.php 第 98 行.
NOTIC: [8] Undefined index: a_company /home/vagrant/Code/gousteel/Application/Home/Controller/GuandaoController.class.php 第 107 行.
NOTIC: [8] Undefined offset: 395 /home/vagrant/Code/gousteel/Application/Home/Controller/GuandaoController.class.php 第 108 行.
SQL: SELECT * FROM `xh_company` WHERE ( id = 10009 ) LIMIT 1   [ RunTime:0.0130s ]
NOTIC: [8] Undefined index: qq /home/vagrant/Code/gousteel/Application/Home/Controller/GuandaoController.class.php 第 87 行.
SQL: SELECT * FROM `xh_ucenter_member` WHERE `id` = 9 LIMIT 1   [ RunTime:0.0110s ]
SQL: SELECT * FROM `xh_contact` WHERE ( uid = 9 ) LIMIT 1   [ RunTime:0.0094s ]
NOTIC: [8] Undefined index: main_business /home/vagrant/Code/gousteel/Application/Home/Controller/GuandaoController.class.php 第 98 行.
NOTIC: [8] Undefined index: a_company /home/vagrant/Code/gousteel/Application/Home/Controller/GuandaoController.class.php 第 107 行.
NOTIC: [8] Undefined offset: 395 /home/vagrant/Code/gousteel/Application/Home/Controller/GuandaoController.class.php 第 108 行.
SQL: SELECT * FROM `xh_company` WHERE ( id = 10009 ) LIMIT 1   [ RunTime:0.0108s ]
NOTIC: [8] Undefined index: qq /home/vagrant/Code/gousteel/Application/Home/Controller/GuandaoController.class.php 第 87 行.
SQL: SELECT * FROM `xh_ucenter_member` WHERE `id` = 9 LIMIT 1   [ RunTime:0.0124s ]
SQL: SELECT * FROM `xh_contact` WHERE ( uid = 9 ) LIMIT 1   [ RunTime:0.0126s ]
NOTIC: [8] Undefined index: main_business /home/vagrant/Code/gousteel/Application/Home/Controller/GuandaoController.class.php 第 98 行.
NOTIC: [8] Undefined index: a_company /home/vagrant/Code/gousteel/Application/Home/Controller/GuandaoController.class.php 第 107 行.
NOTIC: [8] Undefined offset: 395 /home/vagrant/Code/gousteel/Application/Home/Controller/GuandaoController.class.php 第 108 行.
SQL: SELECT * FROM `xh_company` WHERE ( id = 10009 ) LIMIT 1   [ RunTime:0.0101s ]
NOTIC: [8] Undefined index: qq /home/vagrant/Code/gousteel/Application/Home/Controller/GuandaoController.class.php 第 87 行.
SQL: SELECT * FROM `xh_ucenter_member` WHERE `id` = 9 LIMIT 1   [ RunTime:0.0110s ]
SQL: SELECT * FROM `xh_contact` WHERE ( uid = 9 ) LIMIT 1   [ RunTime:0.0114s ]
NOTIC: [8] Undefined index: main_business /home/vagrant/Code/gousteel/Application/Home/Controller/GuandaoController.class.php 第 98 行.
NOTIC: [8] Undefined index: a_company /home/vagrant/Code/gousteel/Application/Home/Controller/GuandaoController.class.php 第 107 行.
NOTIC: [8] Undefined offset: 395 /home/vagrant/Code/gousteel/Application/Home/Controller/GuandaoController.class.php 第 108 行.
SQL: SELECT * FROM `xh_company` WHERE ( id = 10009 ) LIMIT 1   [ RunTime:0.0110s ]
NOTIC: [8] Undefined index: qq /home/vagrant/Code/gousteel/Application/Home/Controller/GuandaoController.class.php 第 87 行.
SQL: SELECT * FROM `xh_ucenter_member` WHERE `id` = 9 LIMIT 1   [ RunTime:0.0117s ]
SQL: SELECT * FROM `xh_contact` WHERE ( uid = 9 ) LIMIT 1   [ RunTime:0.0164s ]
NOTIC: [8] Undefined index: main_business /home/vagrant/Code/gousteel/Application/Home/Controller/GuandaoController.class.php 第 98 行.
NOTIC: [8] Undefined index: a_company /home/vagrant/Code/gousteel/Application/Home/Controller/GuandaoController.class.php 第 107 行.
NOTIC: [8] Undefined offset: 395 /home/vagrant/Code/gousteel/Application/Home/Controller/GuandaoController.class.php 第 108 行.
INFO: [ view_parse ] --START--
INFO: [ template_filter ] --START--
INFO: Run Behavior\ContentReplaceBehavior [ RunTime:0.000233s ]
INFO: [ template_filter ] --END-- [ RunTime:0.000284s ]
SQL: SHOW COLUMNS FROM `xh_adv` [ RunTime:0.0258s ]
SQL: SELECT * FROM `xh_adv` LEFT JOIN xh_adv_pos as b ON xh_adv.pos_id = b.id  WHERE b.status = 1 AND b.type = 1 AND b.path = 'Home/Guandao/sactuals'  [ RunTime:0.0120s ]
NOTIC: [2] Invalid argument supplied for foreach() /home/vagrant/Code/gousteel/Runtime/Cache/Home/7b1cd5e71e4598c502cb72a2ca291e16.php 第 4 行.
NOTIC: [8] Undefined variable: oneplus_seo_meta /home/vagrant/Code/gousteel/Runtime/Cache/Home/7b1cd5e71e4598c502cb72a2ca291e16.php 第 6 行.
NOTIC: [8] Undefined variable: seo /home/vagrant/Code/gousteel/Runtime/Cache/Home/7b1cd5e71e4598c502cb72a2ca291e16.php 第 6 行.
SQL: SHOW COLUMNS FROM `xh_seo_rule` [ RunTime:0.0104s ]
NOTIC: [8] Undefined index: page /home/vagrant/Code/gousteel/Application/Common/Common/pagination.php 第 14 行.
INFO: Run Behavior\ParseTemplateBehavior [ RunTime:0.377035s ]
INFO: [ view_parse ] --END-- [ RunTime:0.377127s ]
INFO: [ view_filter ] --START--
INFO: Run Behavior\WriteHtmlCacheBehavior [ RunTime:0.002635s ]
INFO: [ view_filter ] --END-- [ RunTime:0.002702s ]
INFO: [ app_end ] --START--
INFO: Run Behavior\ShowPageTraceBehavior [ RunTime:0.003290s ]
INFO: [ app_end ] --END-- [ RunTime:0.003377s ]

[ 2016-09-01T11:43:25+08:00 ] 192.168.3.1 /Home/Guandao/sactuals.html
INFO: [ app_init ] --START--
INFO: Run Behavior\BuildLiteBehavior [ RunTime:0.000018s ]
INFO: Run Common\Behavior\InitHookBehavior [ RunTime:0.022324s ]
INFO: [ app_init ] --END-- [ RunTime:0.024026s ]
INFO: [ app_begin ] --START--
INFO: Run Behavior\ReadHtmlCacheBehavior [ RunTime:0.011597s ]
INFO: [ app_begin ] --END-- [ RunTime:0.011668s ]
SQL: SHOW COLUMNS FROM `xh_config` [ RunTime:0.0208s ]
SQL: SELECT `type`,`name`,`value` FROM `xh_config` WHERE `status` = 1  [ RunTime:0.0291s ]
NOTIC: [8] Undefined offset: 1 /home/vagrant/Code/gousteel/Application/Home/Controller/GuandaoController.class.php 第 32 行.
NOTIC: [8] Undefined offset: 2 /home/vagrant/Code/gousteel/Application/Home/Controller/GuandaoController.class.php 第 33 行.
NOTIC: [8] Undefined variable: order /home/vagrant/Code/gousteel/Application/Home/Controller/GuandaoController.class.php 第 66 行.
NOTIC: [8] Undefined variable: order /home/vagrant/Code/gousteel/Application/Home/Controller/GuandaoController.class.php 第 69 行.
SQL: SHOW COLUMNS FROM `xh_xh_gangguan` [ RunTime:0.0812s ]
NOTIC: [8] Undefined variable: map /home/vagrant/Code/gousteel/Application/Home/Controller/GuandaoController.class.php 第 74 行.
SQL: SELECT * FROM `xh_xh_gangguan` ORDER BY create_time desc LIMIT 0,20   [ RunTime:0.1034s ]
NOTIC: [8] Undefined variable: map /home/vagrant/Code/gousteel/Application/Home/Controller/GuandaoController.class.php 第 75 行.
SQL: SELECT COUNT(*) AS tp_count FROM `xh_xh_gangguan` LIMIT 1   [ RunTime:0.0339s ]
SQL: SHOW COLUMNS FROM `xh_company` [ RunTime:0.0197s ]
SQL: SELECT * FROM `xh_company` WHERE ( id = 10009 ) LIMIT 1   [ RunTime:0.0304s ]
NOTIC: [8] Undefined index: qq /home/vagrant/Code/gousteel/Application/Home/Controller/GuandaoController.class.php 第 87 行.
SQL: SHOW COLUMNS FROM `xh_ucenter_member` [ RunTime:0.0165s ]
SQL: SELECT * FROM `xh_ucenter_member` WHERE `id` = 9 LIMIT 1   [ RunTime:0.0263s ]
SQL: SHOW COLUMNS FROM `xh_contact` [ RunTime:0.0167s ]
SQL: SELECT * FROM `xh_contact` WHERE ( uid = 9 ) LIMIT 1   [ RunTime:0.0254s ]
NOTIC: [8] Undefined index: main_business /home/vagrant/Code/gousteel/Application/Home/Controller/GuandaoController.class.php 第 98 行.
NOTIC: [8] Undefined index: a_company /home/vagrant/Code/gousteel/Application/Home/Controller/GuandaoController.class.php 第 107 行.
NOTIC: [8] Undefined offset: 395 /home/vagrant/Code/gousteel/Application/Home/Controller/GuandaoController.class.php 第 108 行.
SQL: SELECT * FROM `xh_company` WHERE ( id = 10009 ) LIMIT 1   [ RunTime:0.0183s ]
NOTIC: [8] Undefined index: qq /home/vagrant/Code/gousteel/Application/Home/Controller/GuandaoController.class.php 第 87 行.
SQL: SELECT * FROM `xh_ucenter_member` WHERE `id` = 9 LIMIT 1   [ RunTime:0.0220s ]
SQL: SELECT * FROM `xh_contact` WHERE ( uid = 9 ) LIMIT 1   [ RunTime:0.0117s ]
NOTIC: [8] Undefined index: main_business /home/vagrant/Code/gousteel/Application/Home/Controller/GuandaoController.class.php 第 98 行.
NOTIC: [8] Undefined index: a_company /home/vagrant/Code/gousteel/Application/Home/Controller/GuandaoController.class.php 第 107 行.
NOTIC: [8] Undefined offset: 395 /home/vagrant/Code/gousteel/Application/Home/Controller/GuandaoController.class.php 第 108 行.
SQL: SELECT * FROM `xh_company` WHERE ( id = 10009 ) LIMIT 1   [ RunTime:0.0236s ]
NOTIC: [8] Undefined index: qq /home/vagrant/Code/gousteel/Application/Home/Controller/GuandaoController.class.php 第 87 行.
SQL: SELECT * FROM `xh_ucenter_member` WHERE `id` = 9 LIMIT 1   [ RunTime:0.0130s ]
SQL: SELECT * FROM `xh_contact` WHERE ( uid = 9 ) LIMIT 1   [ RunTime:0.0212s ]
NOTIC: [8] Undefined index: main_business /home/vagrant/Code/gousteel/Application/Home/Controller/GuandaoController.class.php 第 98 行.
NOTIC: [8] Undefined index: a_company /home/vagrant/Code/gousteel/Application/Home/Controller/GuandaoController.class.php 第 107 行.
NOTIC: [8] Undefined offset: 395 /home/vagrant/Code/gousteel/Application/Home/Controller/GuandaoController.class.php 第 108 行.
SQL: SELECT * FROM `xh_company` WHERE ( id = 10009 ) LIMIT 1   [ RunTime:0.0532s ]
NOTIC: [8] Undefined index: qq /home/vagrant/Code/gousteel/Application/Home/Controller/GuandaoController.class.php 第 87 行.
SQL: SELECT * FROM `xh_ucenter_member` WHERE `id` = 9 LIMIT 1   [ RunTime:0.0528s ]
SQL: SELECT * FROM `xh_contact` WHERE ( uid = 9 ) LIMIT 1   [ RunTime:0.0959s ]
NOTIC: [8] Undefined index: main_business /home/vagrant/Code/gousteel/Application/Home/Controller/GuandaoController.class.php 第 98 行.
NOTIC: [8] Undefined index: a_company /home/vagrant/Code/gousteel/Application/Home/Controller/GuandaoController.class.php 第 107 行.
NOTIC: [8] Undefined offset: 395 /home/vagrant/Code/gousteel/Application/Home/Controller/GuandaoController.class.php 第 108 行.
SQL: SELECT * FROM `xh_company` WHERE ( id = 10009 ) LIMIT 1   [ RunTime:0.0363s ]
NOTIC: [8] Undefined index: qq /home/vagrant/Code/gousteel/Application/Home/Controller/GuandaoController.class.php 第 87 行.
SQL: SELECT * FROM `xh_ucenter_member` WHERE `id` = 9 LIMIT 1   [ RunTime:0.0662s ]
SQL: SELECT * FROM `xh_contact` WHERE ( uid = 9 ) LIMIT 1   [ RunTime:0.0212s ]
NOTIC: [8] Undefined index: main_business /home/vagrant/Code/gousteel/Application/Home/Controller/GuandaoController.class.php 第 98 行.
NOTIC: [8] Undefined index: a_company /home/vagrant/Code/gousteel/Application/Home/Controller/GuandaoController.class.php 第 107 行.
NOTIC: [8] Undefined offset: 395 /home/vagrant/Code/gousteel/Application/Home/Controller/GuandaoController.class.php 第 108 行.
SQL: SELECT * FROM `xh_company` WHERE ( id = 10009 ) LIMIT 1   [ RunTime:0.0182s ]
NOTIC: [8] Undefined index: qq /home/vagrant/Code/gousteel/Application/Home/Controller/GuandaoController.class.php 第 87 行.
SQL: SELECT * FROM `xh_ucenter_member` WHERE `id` = 9 LIMIT 1   [ RunTime:0.0205s ]
SQL: SELECT * FROM `xh_contact` WHERE ( uid = 9 ) LIMIT 1   [ RunTime:0.0117s ]
NOTIC: [8] Undefined index: main_business /home/vagrant/Code/gousteel/Application/Home/Controller/GuandaoController.class.php 第 98 行.
NOTIC: [8] Undefined index: a_company /home/vagrant/Code/gousteel/Application/Home/Controller/GuandaoController.class.php 第 107 行.
NOTIC: [8] Undefined offset: 395 /home/vagrant/Code/gousteel/Application/Home/Controller/GuandaoController.class.php 第 108 行.
SQL: SELECT * FROM `xh_company` WHERE ( id = 10009 ) LIMIT 1   [ RunTime:0.0104s ]
NOTIC: [8] Undefined index: qq /home/vagrant/Code/gousteel/Application/Home/Controller/GuandaoController.class.php 第 87 行.
SQL: SELECT * FROM `xh_ucenter_member` WHERE `id` = 9 LIMIT 1   [ RunTime:0.0115s ]
SQL: SELECT * FROM `xh_contact` WHERE ( uid = 9 ) LIMIT 1   [ RunTime:0.0107s ]
NOTIC: [8] Undefined index: main_business /home/vagrant/Code/gousteel/Application/Home/Controller/GuandaoController.class.php 第 98 行.
NOTIC: [8] Undefined index: a_company /home/vagrant/Code/gousteel/Application/Home/Controller/GuandaoController.class.php 第 107 行.
NOTIC: [8] Undefined offset: 395 /home/vagrant/Code/gousteel/Application/Home/Controller/GuandaoController.class.php 第 108 行.
SQL: SELECT * FROM `xh_company` WHERE ( id = 10009 ) LIMIT 1   [ RunTime:0.0102s ]
NOTIC: [8] Undefined index: qq /home/vagrant/Code/gousteel/Application/Home/Controller/GuandaoController.class.php 第 87 行.
SQL: SELECT * FROM `xh_ucenter_member` WHERE `id` = 9 LIMIT 1   [ RunTime:0.0112s ]
SQL: SELECT * FROM `xh_contact` WHERE ( uid = 9 ) LIMIT 1   [ RunTime:0.0137s ]
NOTIC: [8] Undefined index: main_business /home/vagrant/Code/gousteel/Application/Home/Controller/GuandaoController.class.php 第 98 行.
NOTIC: [8] Undefined index: a_company /home/vagrant/Code/gousteel/Application/Home/Controller/GuandaoController.class.php 第 107 行.
NOTIC: [8] Undefined offset: 395 /home/vagrant/Code/gousteel/Application/Home/Controller/GuandaoController.class.php 第 108 行.
SQL: SELECT * FROM `xh_company` WHERE ( id = 10009 ) LIMIT 1   [ RunTime:0.0171s ]
NOTIC: [8] Undefined index: qq /home/vagrant/Code/gousteel/Application/Home/Controller/GuandaoController.class.php 第 87 行.
SQL: SELECT * FROM `xh_ucenter_member` WHERE `id` = 9 LIMIT 1   [ RunTime:0.0137s ]
SQL: SELECT * FROM `xh_contact` WHERE ( uid = 9 ) LIMIT 1   [ RunTime:0.0187s ]
NOTIC: [8] Undefined index: main_business /home/vagrant/Code/gousteel/Application/Home/Controller/GuandaoController.class.php 第 98 行.
NOTIC: [8] Undefined index: a_company /home/vagrant/Code/gousteel/Application/Home/Controller/GuandaoController.class.php 第 107 行.
NOTIC: [8] Undefined offset: 395 /home/vagrant/Code/gousteel/Application/Home/Controller/GuandaoController.class.php 第 108 行.
SQL: SELECT * FROM `xh_company` WHERE ( id = 10009 ) LIMIT 1   [ RunTime:0.0126s ]
NOTIC: [8] Undefined index: qq /home/vagrant/Code/gousteel/Application/Home/Controller/GuandaoController.class.php 第 87 行.
SQL: SELECT * FROM `xh_ucenter_member` WHERE `id` = 9 LIMIT 1   [ RunTime:0.0152s ]
SQL: SELECT * FROM `xh_contact` WHERE ( uid = 9 ) LIMIT 1   [ RunTime:0.0158s ]
NOTIC: [8] Undefined index: main_business /home/vagrant/Code/gousteel/Application/Home/Controller/GuandaoController.class.php 第 98 行.
NOTIC: [8] Undefined index: a_company /home/vagrant/Code/gousteel/Application/Home/Controller/GuandaoController.class.php 第 107 行.
NOTIC: [8] Undefined offset: 395 /home/vagrant/Code/gousteel/Application/Home/Controller/GuandaoController.class.php 第 108 行.
SQL: SELECT * FROM `xh_company` WHERE ( id = 10009 ) LIMIT 1   [ RunTime:0.0117s ]
NOTIC: [8] Undefined index: qq /home/vagrant/Code/gousteel/Application/Home/Controller/GuandaoController.class.php 第 87 行.
SQL: SELECT * FROM `xh_ucenter_member` WHERE `id` = 9 LIMIT 1   [ RunTime:0.0108s ]
SQL: SELECT * FROM `xh_contact` WHERE ( uid = 9 ) LIMIT 1   [ RunTime:0.0099s ]
NOTIC: [8] Undefined index: main_business /home/vagrant/Code/gousteel/Application/Home/Controller/GuandaoController.class.php 第 98 行.
NOTIC: [8] Undefined index: a_company /home/vagrant/Code/gousteel/Application/Home/Controller/GuandaoController.class.php 第 107 行.
NOTIC: [8] Undefined offset: 395 /home/vagrant/Code/gousteel/Application/Home/Controller/GuandaoController.class.php 第 108 行.
SQL: SELECT * FROM `xh_company` WHERE ( id = 10009 ) LIMIT 1   [ RunTime:0.0263s ]
NOTIC: [8] Undefined index: qq /home/vagrant/Code/gousteel/Application/Home/Controller/GuandaoController.class.php 第 87 行.
SQL: SELECT * FROM `xh_ucenter_member` WHERE `id` = 9 LIMIT 1   [ RunTime:0.0146s ]
SQL: SELECT * FROM `xh_contact` WHERE ( uid = 9 ) LIMIT 1   [ RunTime:0.0113s ]
NOTIC: [8] Undefined index: main_business /home/vagrant/Code/gousteel/Application/Home/Controller/GuandaoController.class.php 第 98 行.
NOTIC: [8] Undefined index: a_company /home/vagrant/Code/gousteel/Application/Home/Controller/GuandaoController.class.php 第 107 行.
NOTIC: [8] Undefined offset: 395 /home/vagrant/Code/gousteel/Application/Home/Controller/GuandaoController.class.php 第 108 行.
SQL: SELECT * FROM `xh_company` WHERE ( id = 10009 ) LIMIT 1   [ RunTime:0.0236s ]
NOTIC: [8] Undefined index: qq /home/vagrant/Code/gousteel/Application/Home/Controller/GuandaoController.class.php 第 87 行.
SQL: SELECT * FROM `xh_ucenter_member` WHERE `id` = 9 LIMIT 1   [ RunTime:0.0194s ]
SQL: SELECT * FROM `xh_contact` WHERE ( uid = 9 ) LIMIT 1   [ RunTime:0.0185s ]
NOTIC: [8] Undefined index: main_business /home/vagrant/Code/gousteel/Application/Home/Controller/GuandaoController.class.php 第 98 行.
NOTIC: [8] Undefined index: a_company /home/vagrant/Code/gousteel/Application/Home/Controller/GuandaoController.class.php 第 107 行.
NOTIC: [8] Undefined offset: 395 /home/vagrant/Code/gousteel/Application/Home/Controller/GuandaoController.class.php 第 108 行.
SQL: SELECT * FROM `xh_company` WHERE ( id = 10009 ) LIMIT 1   [ RunTime:0.0107s ]
NOTIC: [8] Undefined index: qq /home/vagrant/Code/gousteel/Application/Home/Controller/GuandaoController.class.php 第 87 行.
SQL: SELECT * FROM `xh_ucenter_member` WHERE `id` = 9 LIMIT 1   [ RunTime:0.0142s ]
SQL: SELECT * FROM `xh_contact` WHERE ( uid = 9 ) LIMIT 1   [ RunTime:0.0147s ]
NOTIC: [8] Undefined index: main_business /home/vagrant/Code/gousteel/Application/Home/Controller/GuandaoController.class.php 第 98 行.
NOTIC: [8] Undefined index: a_company /home/vagrant/Code/gousteel/Application/Home/Controller/GuandaoController.class.php 第 107 行.
NOTIC: [8] Undefined offset: 395 /home/vagrant/Code/gousteel/Application/Home/Controller/GuandaoController.class.php 第 108 行.
SQL: SELECT * FROM `xh_company` WHERE ( id = 10009 ) LIMIT 1   [ RunTime:0.0142s ]
NOTIC: [8] Undefined index: qq /home/vagrant/Code/gousteel/Application/Home/Controller/GuandaoController.class.php 第 87 行.
SQL: SELECT * FROM `xh_ucenter_member` WHERE `id` = 9 LIMIT 1   [ RunTime:0.0095s ]
SQL: SELECT * FROM `xh_contact` WHERE ( uid = 9 ) LIMIT 1   [ RunTime:0.0165s ]
NOTIC: [8] Undefined index: main_business /home/vagrant/Code/gousteel/Application/Home/Controller/GuandaoController.class.php 第 98 行.
NOTIC: [8] Undefined index: a_company /home/vagrant/Code/gousteel/Application/Home/Controller/GuandaoController.class.php 第 107 行.
NOTIC: [8] Undefined offset: 395 /home/vagrant/Code/gousteel/Application/Home/Controller/GuandaoController.class.php 第 108 行.
SQL: SELECT * FROM `xh_company` WHERE ( id = 10009 ) LIMIT 1   [ RunTime:0.0097s ]
NOTIC: [8] Undefined index: qq /home/vagrant/Code/gousteel/Application/Home/Controller/GuandaoController.class.php 第 87 行.
SQL: SELECT * FROM `xh_ucenter_member` WHERE `id` = 9 LIMIT 1   [ RunTime:0.0150s ]
SQL: SELECT * FROM `xh_contact` WHERE ( uid = 9 ) LIMIT 1   [ RunTime:0.0119s ]
NOTIC: [8] Undefined index: main_business /home/vagrant/Code/gousteel/Application/Home/Controller/GuandaoController.class.php 第 98 行.
NOTIC: [8] Undefined index: a_company /home/vagrant/Code/gousteel/Application/Home/Controller/GuandaoController.class.php 第 107 行.
NOTIC: [8] Undefined offset: 395 /home/vagrant/Code/gousteel/Application/Home/Controller/GuandaoController.class.php 第 108 行.
SQL: SELECT * FROM `xh_company` WHERE ( id = 10009 ) LIMIT 1   [ RunTime:0.0113s ]
NOTIC: [8] Undefined index: qq /home/vagrant/Code/gousteel/Application/Home/Controller/GuandaoController.class.php 第 87 行.
SQL: SELECT * FROM `xh_ucenter_member` WHERE `id` = 9 LIMIT 1   [ RunTime:0.0094s ]
SQL: SELECT * FROM `xh_contact` WHERE ( uid = 9 ) LIMIT 1   [ RunTime:0.0097s ]
NOTIC: [8] Undefined index: main_business /home/vagrant/Code/gousteel/Application/Home/Controller/GuandaoController.class.php 第 98 行.
NOTIC: [8] Undefined index: a_company /home/vagrant/Code/gousteel/Application/Home/Controller/GuandaoController.class.php 第 107 行.
NOTIC: [8] Undefined offset: 395 /home/vagrant/Code/gousteel/Application/Home/Controller/GuandaoController.class.php 第 108 行.
SQL: SELECT * FROM `xh_company` WHERE ( id = 10009 ) LIMIT 1   [ RunTime:0.0139s ]
NOTIC: [8] Undefined index: qq /home/vagrant/Code/gousteel/Application/Home/Controller/GuandaoController.class.php 第 87 行.
SQL: SELECT * FROM `xh_ucenter_member` WHERE `id` = 9 LIMIT 1   [ RunTime:0.0152s ]
SQL: SELECT * FROM `xh_contact` WHERE ( uid = 9 ) LIMIT 1   [ RunTime:0.0122s ]
NOTIC: [8] Undefined index: main_business /home/vagrant/Code/gousteel/Application/Home/Controller/GuandaoController.class.php 第 98 行.
NOTIC: [8] Undefined index: a_company /home/vagrant/Code/gousteel/Application/Home/Controller/GuandaoController.class.php 第 107 行.
NOTIC: [8] Undefined offset: 395 /home/vagrant/Code/gousteel/Application/Home/Controller/GuandaoController.class.php 第 108 行.
SQL: SELECT * FROM `xh_company` WHERE ( id = 10009 ) LIMIT 1   [ RunTime:0.0113s ]
NOTIC: [8] Undefined index: qq /home/vagrant/Code/gousteel/Application/Home/Controller/GuandaoController.class.php 第 87 行.
SQL: SELECT * FROM `xh_ucenter_member` WHERE `id` = 9 LIMIT 1   [ RunTime:0.0106s ]
SQL: SELECT * FROM `xh_contact` WHERE ( uid = 9 ) LIMIT 1   [ RunTime:0.0095s ]
NOTIC: [8] Undefined index: main_business /home/vagrant/Code/gousteel/Application/Home/Controller/GuandaoController.class.php 第 98 行.
NOTIC: [8] Undefined index: a_company /home/vagrant/Code/gousteel/Application/Home/Controller/GuandaoController.class.php 第 107 行.
NOTIC: [8] Undefined offset: 395 /home/vagrant/Code/gousteel/Application/Home/Controller/GuandaoController.class.php 第 108 行.
SQL: SELECT * FROM `xh_company` WHERE ( id = 10009 ) LIMIT 1   [ RunTime:0.0099s ]
NOTIC: [8] Undefined index: qq /home/vagrant/Code/gousteel/Application/Home/Controller/GuandaoController.class.php 第 87 行.
SQL: SELECT * FROM `xh_ucenter_member` WHERE `id` = 9 LIMIT 1   [ RunTime:0.0108s ]
SQL: SELECT * FROM `xh_contact` WHERE ( uid = 9 ) LIMIT 1   [ RunTime:0.0088s ]
NOTIC: [8] Undefined index: main_business /home/vagrant/Code/gousteel/Application/Home/Controller/GuandaoController.class.php 第 98 行.
NOTIC: [8] Undefined index: a_company /home/vagrant/Code/gousteel/Application/Home/Controller/GuandaoController.class.php 第 107 行.
NOTIC: [8] Undefined offset: 395 /home/vagrant/Code/gousteel/Application/Home/Controller/GuandaoController.class.php 第 108 行.
INFO: [ view_parse ] --START--
INFO: [ template_filter ] --START--
INFO: Run Behavior\ContentReplaceBehavior [ RunTime:0.000289s ]
INFO: [ template_filter ] --END-- [ RunTime:0.000393s ]
SQL: SHOW COLUMNS FROM `xh_adv` [ RunTime:0.0158s ]
SQL: SELECT * FROM `xh_adv` LEFT JOIN xh_adv_pos as b ON xh_adv.pos_id = b.id  WHERE b.status = 1 AND b.type = 1 AND b.path = 'Home/Guandao/sactuals'  [ RunTime:0.0159s ]
NOTIC: [2] Invalid argument supplied for foreach() /home/vagrant/Code/gousteel/Runtime/Cache/Home/7b1cd5e71e4598c502cb72a2ca291e16.php 第 4 行.
NOTIC: [8] Undefined variable: oneplus_seo_meta /home/vagrant/Code/gousteel/Runtime/Cache/Home/7b1cd5e71e4598c502cb72a2ca291e16.php 第 6 行.
NOTIC: [8] Undefined variable: seo /home/vagrant/Code/gousteel/Runtime/Cache/Home/7b1cd5e71e4598c502cb72a2ca291e16.php 第 6 行.
SQL: SHOW COLUMNS FROM `xh_seo_rule` [ RunTime:0.0212s ]
NOTIC: [8] Undefined index: page /home/vagrant/Code/gousteel/Application/Common/Common/pagination.php 第 14 行.
INFO: Run Behavior\ParseTemplateBehavior [ RunTime:0.469595s ]
INFO: [ view_parse ] --END-- [ RunTime:0.469666s ]
INFO: [ view_filter ] --START--
INFO: Run Behavior\WriteHtmlCacheBehavior [ RunTime:0.019030s ]
INFO: [ view_filter ] --END-- [ RunTime:0.019144s ]
INFO: [ app_end ] --START--
INFO: Run Behavior\ShowPageTraceBehavior [ RunTime:0.023243s ]
INFO: [ app_end ] --END-- [ RunTime:0.023327s ]

[ 2016-09-01T11:52:44+08:00 ] 192.168.3.1 /Home/Guandao/sactuals.html
INFO: [ app_init ] --START--
INFO: Run Behavior\BuildLiteBehavior [ RunTime:0.000017s ]
INFO: Run Common\Behavior\InitHookBehavior [ RunTime:0.245157s ]
INFO: [ app_init ] --END-- [ RunTime:0.247776s ]
INFO: [ app_begin ] --START--
INFO: Run Behavior\ReadHtmlCacheBehavior [ RunTime:0.042844s ]
INFO: [ app_begin ] --END-- [ RunTime:0.042918s ]
SQL: SHOW COLUMNS FROM `xh_config` [ RunTime:0.0127s ]
SQL: SELECT `type`,`name`,`value` FROM `xh_config` WHERE `status` = 1  [ RunTime:0.0102s ]
NOTIC: [8] Undefined offset: 1 /home/vagrant/Code/gousteel/Application/Home/Controller/GuandaoController.class.php 第 32 行.
NOTIC: [8] Undefined offset: 2 /home/vagrant/Code/gousteel/Application/Home/Controller/GuandaoController.class.php 第 33 行.
NOTIC: [8] Undefined variable: order /home/vagrant/Code/gousteel/Application/Home/Controller/GuandaoController.class.php 第 66 行.
NOTIC: [8] Undefined variable: order /home/vagrant/Code/gousteel/Application/Home/Controller/GuandaoController.class.php 第 69 行.
SQL: SHOW COLUMNS FROM `xh_xh_gangguan` [ RunTime:0.0108s ]
NOTIC: [8] Undefined variable: map /home/vagrant/Code/gousteel/Application/Home/Controller/GuandaoController.class.php 第 74 行.
SQL: SELECT * FROM `xh_xh_gangguan` ORDER BY create_time desc LIMIT 0,20   [ RunTime:0.0120s ]
NOTIC: [8] Undefined variable: map /home/vagrant/Code/gousteel/Application/Home/Controller/GuandaoController.class.php 第 75 行.
SQL: SELECT COUNT(*) AS tp_count FROM `xh_xh_gangguan` LIMIT 1   [ RunTime:0.0120s ]
SQL: SHOW COLUMNS FROM `xh_company` [ RunTime:0.0129s ]
SQL: SELECT * FROM `xh_company` WHERE ( id = 10009 ) LIMIT 1   [ RunTime:0.0125s ]
NOTIC: [8] Undefined index: qq /home/vagrant/Code/gousteel/Application/Home/Controller/GuandaoController.class.php 第 87 行.
SQL: SHOW COLUMNS FROM `xh_ucenter_member` [ RunTime:0.0096s ]
SQL: SELECT * FROM `xh_ucenter_member` WHERE `id` = 9 LIMIT 1   [ RunTime:0.0124s ]
SQL: SHOW COLUMNS FROM `xh_contact` [ RunTime:0.0092s ]
SQL: SELECT * FROM `xh_contact` WHERE ( uid = 9 ) LIMIT 1   [ RunTime:0.0089s ]
NOTIC: [8] Undefined index: main_business /home/vagrant/Code/gousteel/Application/Home/Controller/GuandaoController.class.php 第 98 行.
NOTIC: [8] Undefined index: a_company /home/vagrant/Code/gousteel/Application/Home/Controller/GuandaoController.class.php 第 107 行.
NOTIC: [8] Undefined offset: 395 /home/vagrant/Code/gousteel/Application/Home/Controller/GuandaoController.class.php 第 108 行.
SQL: SELECT * FROM `xh_company` WHERE ( id = 10009 ) LIMIT 1   [ RunTime:0.0093s ]
NOTIC: [8] Undefined index: qq /home/vagrant/Code/gousteel/Application/Home/Controller/GuandaoController.class.php 第 87 行.
SQL: SELECT * FROM `xh_ucenter_member` WHERE `id` = 9 LIMIT 1   [ RunTime:0.0162s ]
SQL: SELECT * FROM `xh_contact` WHERE ( uid = 9 ) LIMIT 1   [ RunTime:0.0106s ]
NOTIC: [8] Undefined index: main_business /home/vagrant/Code/gousteel/Application/Home/Controller/GuandaoController.class.php 第 98 行.
NOTIC: [8] Undefined index: a_company /home/vagrant/Code/gousteel/Application/Home/Controller/GuandaoController.class.php 第 107 行.
NOTIC: [8] Undefined offset: 395 /home/vagrant/Code/gousteel/Application/Home/Controller/GuandaoController.class.php 第 108 行.
SQL: SELECT * FROM `xh_company` WHERE ( id = 10009 ) LIMIT 1   [ RunTime:0.0109s ]
NOTIC: [8] Undefined index: qq /home/vagrant/Code/gousteel/Application/Home/Controller/GuandaoController.class.php 第 87 行.
SQL: SELECT * FROM `xh_ucenter_member` WHERE `id` = 9 LIMIT 1   [ RunTime:0.0099s ]
SQL: SELECT * FROM `xh_contact` WHERE ( uid = 9 ) LIMIT 1   [ RunTime:0.0125s ]
NOTIC: [8] Undefined index: main_business /home/vagrant/Code/gousteel/Application/Home/Controller/GuandaoController.class.php 第 98 行.
NOTIC: [8] Undefined index: a_company /home/vagrant/Code/gousteel/Application/Home/Controller/GuandaoController.class.php 第 107 行.
NOTIC: [8] Undefined offset: 395 /home/vagrant/Code/gousteel/Application/Home/Controller/GuandaoController.class.php 第 108 行.
SQL: SELECT * FROM `xh_company` WHERE ( id = 10009 ) LIMIT 1   [ RunTime:0.0101s ]
NOTIC: [8] Undefined index: qq /home/vagrant/Code/gousteel/Application/Home/Controller/GuandaoController.class.php 第 87 行.
SQL: SELECT * FROM `xh_ucenter_member` WHERE `id` = 9 LIMIT 1   [ RunTime:0.0106s ]
SQL: SELECT * FROM `xh_contact` WHERE ( uid = 9 ) LIMIT 1   [ RunTime:0.0089s ]
NOTIC: [8] Undefined index: main_business /home/vagrant/Code/gousteel/Application/Home/Controller/GuandaoController.class.php 第 98 行.
NOTIC: [8] Undefined index: a_company /home/vagrant/Code/gousteel/Application/Home/Controller/GuandaoController.class.php 第 107 行.
NOTIC: [8] Undefined offset: 395 /home/vagrant/Code/gousteel/Application/Home/Controller/GuandaoController.class.php 第 108 行.
SQL: SELECT * FROM `xh_company` WHERE ( id = 10009 ) LIMIT 1   [ RunTime:0.0110s ]
NOTIC: [8] Undefined index: qq /home/vagrant/Code/gousteel/Application/Home/Controller/GuandaoController.class.php 第 87 行.
SQL: SELECT * FROM `xh_ucenter_member` WHERE `id` = 9 LIMIT 1   [ RunTime:0.0094s ]
SQL: SELECT * FROM `xh_contact` WHERE ( uid = 9 ) LIMIT 1   [ RunTime:0.0132s ]
NOTIC: [8] Undefined index: main_business /home/vagrant/Code/gousteel/Application/Home/Controller/GuandaoController.class.php 第 98 行.
NOTIC: [8] Undefined index: a_company /home/vagrant/Code/gousteel/Application/Home/Controller/GuandaoController.class.php 第 107 行.
NOTIC: [8] Undefined offset: 395 /home/vagrant/Code/gousteel/Application/Home/Controller/GuandaoController.class.php 第 108 行.
SQL: SELECT * FROM `xh_company` WHERE ( id = 10009 ) LIMIT 1   [ RunTime:0.0147s ]
NOTIC: [8] Undefined index: qq /home/vagrant/Code/gousteel/Application/Home/Controller/GuandaoController.class.php 第 87 行.
SQL: SELECT * FROM `xh_ucenter_member` WHERE `id` = 9 LIMIT 1   [ RunTime:0.0104s ]
SQL: SELECT * FROM `xh_contact` WHERE ( uid = 9 ) LIMIT 1   [ RunTime:0.0092s ]
NOTIC: [8] Undefined index: main_business /home/vagrant/Code/gousteel/Application/Home/Controller/GuandaoController.class.php 第 98 行.
NOTIC: [8] Undefined index: a_company /home/vagrant/Code/gousteel/Application/Home/Controller/GuandaoController.class.php 第 107 行.
NOTIC: [8] Undefined offset: 395 /home/vagrant/Code/gousteel/Application/Home/Controller/GuandaoController.class.php 第 108 行.
SQL: SELECT * FROM `xh_company` WHERE ( id = 10009 ) LIMIT 1   [ RunTime:0.0107s ]
NOTIC: [8] Undefined index: qq /home/vagrant/Code/gousteel/Application/Home/Controller/GuandaoController.class.php 第 87 行.
SQL: SELECT * FROM `xh_ucenter_member` WHERE `id` = 9 LIMIT 1   [ RunTime:0.0097s ]
SQL: SELECT * FROM `xh_contact` WHERE ( uid = 9 ) LIMIT 1   [ RunTime:0.0097s ]
NOTIC: [8] Undefined index: main_business /home/vagrant/Code/gousteel/Application/Home/Controller/GuandaoController.class.php 第 98 行.
NOTIC: [8] Undefined index: a_company /home/vagrant/Code/gousteel/Application/Home/Controller/GuandaoController.class.php 第 107 行.
NOTIC: [8] Undefined offset: 395 /home/vagrant/Code/gousteel/Application/Home/Controller/GuandaoController.class.php 第 108 行.
SQL: SELECT * FROM `xh_company` WHERE ( id = 10009 ) LIMIT 1   [ RunTime:0.0101s ]
NOTIC: [8] Undefined index: qq /home/vagrant/Code/gousteel/Application/Home/Controller/GuandaoController.class.php 第 87 行.
SQL: SELECT * FROM `xh_ucenter_member` WHERE `id` = 9 LIMIT 1   [ RunTime:0.0093s ]
SQL: SELECT * FROM `xh_contact` WHERE ( uid = 9 ) LIMIT 1   [ RunTime:0.0087s ]
NOTIC: [8] Undefined index: main_business /home/vagrant/Code/gousteel/Application/Home/Controller/GuandaoController.class.php 第 98 行.
NOTIC: [8] Undefined index: a_company /home/vagrant/Code/gousteel/Application/Home/Controller/GuandaoController.class.php 第 107 行.
NOTIC: [8] Undefined offset: 395 /home/vagrant/Code/gousteel/Application/Home/Controller/GuandaoController.class.php 第 108 行.
SQL: SELECT * FROM `xh_company` WHERE ( id = 10009 ) LIMIT 1   [ RunTime:0.0116s ]
NOTIC: [8] Undefined index: qq /home/vagrant/Code/gousteel/Application/Home/Controller/GuandaoController.class.php 第 87 行.
SQL: SELECT * FROM `xh_ucenter_member` WHERE `id` = 9 LIMIT 1   [ RunTime:0.0115s ]
SQL: SELECT * FROM `xh_contact` WHERE ( uid = 9 ) LIMIT 1   [ RunTime:0.0095s ]
NOTIC: [8] Undefined index: main_business /home/vagrant/Code/gousteel/Application/Home/Controller/GuandaoController.class.php 第 98 行.
NOTIC: [8] Undefined index: a_company /home/vagrant/Code/gousteel/Application/Home/Controller/GuandaoController.class.php 第 107 行.
NOTIC: [8] Undefined offset: 395 /home/vagrant/Code/gousteel/Application/Home/Controller/GuandaoController.class.php 第 108 行.
SQL: SELECT * FROM `xh_company` WHERE ( id = 10009 ) LIMIT 1   [ RunTime:0.0092s ]
NOTIC: [8] Undefined index: qq /home/vagrant/Code/gousteel/Application/Home/Controller/GuandaoController.class.php 第 87 行.
SQL: SELECT * FROM `xh_ucenter_member` WHERE `id` = 9 LIMIT 1   [ RunTime:0.0107s ]
SQL: SELECT * FROM `xh_contact` WHERE ( uid = 9 ) LIMIT 1   [ RunTime:0.0092s ]
NOTIC: [8] Undefined index: main_business /home/vagrant/Code/gousteel/Application/Home/Controller/GuandaoController.class.php 第 98 行.
NOTIC: [8] Undefined index: a_company /home/vagrant/Code/gousteel/Application/Home/Controller/GuandaoController.class.php 第 107 行.
NOTIC: [8] Undefined offset: 395 /home/vagrant/Code/gousteel/Application/Home/Controller/GuandaoController.class.php 第 108 行.
SQL: SELECT * FROM `xh_company` WHERE ( id = 10009 ) LIMIT 1   [ RunTime:0.0128s ]
NOTIC: [8] Undefined index: qq /home/vagrant/Code/gousteel/Application/Home/Controller/GuandaoController.class.php 第 87 行.
SQL: SELECT * FROM `xh_ucenter_member` WHERE `id` = 9 LIMIT 1   [ RunTime:0.0092s ]
SQL: SELECT * FROM `xh_contact` WHERE ( uid = 9 ) LIMIT 1   [ RunTime:0.0088s ]
NOTIC: [8] Undefined index: main_business /home/vagrant/Code/gousteel/Application/Home/Controller/GuandaoController.class.php 第 98 行.
NOTIC: [8] Undefined index: a_company /home/vagrant/Code/gousteel/Application/Home/Controller/GuandaoController.class.php 第 107 行.
NOTIC: [8] Undefined offset: 395 /home/vagrant/Code/gousteel/Application/Home/Controller/GuandaoController.class.php 第 108 行.
SQL: SELECT * FROM `xh_company` WHERE ( id = 10009 ) LIMIT 1   [ RunTime:0.0105s ]
NOTIC: [8] Undefined index: qq /home/vagrant/Code/gousteel/Application/Home/Controller/GuandaoController.class.php 第 87 行.
SQL: SELECT * FROM `xh_ucenter_member` WHERE `id` = 9 LIMIT 1   [ RunTime:0.0123s ]
SQL: SELECT * FROM `xh_contact` WHERE ( uid = 9 ) LIMIT 1   [ RunTime:0.0097s ]
NOTIC: [8] Undefined index: main_business /home/vagrant/Code/gousteel/Application/Home/Controller/GuandaoController.class.php 第 98 行.
NOTIC: [8] Undefined index: a_company /home/vagrant/Code/gousteel/Application/Home/Controller/GuandaoController.class.php 第 107 行.
NOTIC: [8] Undefined offset: 395 /home/vagrant/Code/gousteel/Application/Home/Controller/GuandaoController.class.php 第 108 行.
SQL: SELECT * FROM `xh_company` WHERE ( id = 10009 ) LIMIT 1   [ RunTime:0.0098s ]
NOTIC: [8] Undefined index: qq /home/vagrant/Code/gousteel/Application/Home/Controller/GuandaoController.class.php 第 87 行.
SQL: SELECT * FROM `xh_ucenter_member` WHERE `id` = 9 LIMIT 1   [ RunTime:0.0111s ]
SQL: SELECT * FROM `xh_contact` WHERE ( uid = 9 ) LIMIT 1   [ RunTime:0.0116s ]
NOTIC: [8] Undefined index: main_business /home/vagrant/Code/gousteel/Application/Home/Controller/GuandaoController.class.php 第 98 行.
NOTIC: [8] Undefined index: a_company /home/vagrant/Code/gousteel/Application/Home/Controller/GuandaoController.class.php 第 107 行.
NOTIC: [8] Undefined offset: 395 /home/vagrant/Code/gousteel/Application/Home/Controller/GuandaoController.class.php 第 108 行.
SQL: SELECT * FROM `xh_company` WHERE ( id = 10009 ) LIMIT 1   [ RunTime:0.0108s ]
NOTIC: [8] Undefined index: qq /home/vagrant/Code/gousteel/Application/Home/Controller/GuandaoController.class.php 第 87 行.
SQL: SELECT * FROM `xh_ucenter_member` WHERE `id` = 9 LIMIT 1   [ RunTime:0.0101s ]
SQL: SELECT * FROM `xh_contact` WHERE ( uid = 9 ) LIMIT 1   [ RunTime:0.0110s ]
NOTIC: [8] Undefined index: main_business /home/vagrant/Code/gousteel/Application/Home/Controller/GuandaoController.class.php 第 98 行.
NOTIC: [8] Undefined index: a_company /home/vagrant/Code/gousteel/Application/Home/Controller/GuandaoController.class.php 第 107 行.
NOTIC: [8] Undefined offset: 395 /home/vagrant/Code/gousteel/Application/Home/Controller/GuandaoController.class.php 第 108 行.
SQL: SELECT * FROM `xh_company` WHERE ( id = 10009 ) LIMIT 1   [ RunTime:0.0095s ]
NOTIC: [8] Undefined index: qq /home/vagrant/Code/gousteel/Application/Home/Controller/GuandaoController.class.php 第 87 行.
SQL: SELECT * FROM `xh_ucenter_member` WHERE `id` = 9 LIMIT 1   [ RunTime:0.0089s ]
SQL: SELECT * FROM `xh_contact` WHERE ( uid = 9 ) LIMIT 1   [ RunTime:0.0086s ]
NOTIC: [8] Undefined index: main_business /home/vagrant/Code/gousteel/Application/Home/Controller/GuandaoController.class.php 第 98 行.
NOTIC: [8] Undefined index: a_company /home/vagrant/Code/gousteel/Application/Home/Controller/GuandaoController.class.php 第 107 行.
NOTIC: [8] Undefined offset: 395 /home/vagrant/Code/gousteel/Application/Home/Controller/GuandaoController.class.php 第 108 行.
SQL: SELECT * FROM `xh_company` WHERE ( id = 10009 ) LIMIT 1   [ RunTime:0.0114s ]
NOTIC: [8] Undefined index: qq /home/vagrant/Code/gousteel/Application/Home/Controller/GuandaoController.class.php 第 87 行.
SQL: SELECT * FROM `xh_ucenter_member` WHERE `id` = 9 LIMIT 1   [ RunTime:0.0120s ]
SQL: SELECT * FROM `xh_contact` WHERE ( uid = 9 ) LIMIT 1   [ RunTime:0.0099s ]
NOTIC: [8] Undefined index: main_business /home/vagrant/Code/gousteel/Application/Home/Controller/GuandaoController.class.php 第 98 行.
NOTIC: [8] Undefined index: a_company /home/vagrant/Code/gousteel/Application/Home/Controller/GuandaoController.class.php 第 107 行.
NOTIC: [8] Undefined offset: 395 /home/vagrant/Code/gousteel/Application/Home/Controller/GuandaoController.class.php 第 108 行.
SQL: SELECT * FROM `xh_company` WHERE ( id = 10009 ) LIMIT 1   [ RunTime:0.0128s ]
NOTIC: [8] Undefined index: qq /home/vagrant/Code/gousteel/Application/Home/Controller/GuandaoController.class.php 第 87 行.
SQL: SELECT * FROM `xh_ucenter_member` WHERE `id` = 9 LIMIT 1   [ RunTime:0.0160s ]
SQL: SELECT * FROM `xh_contact` WHERE ( uid = 9 ) LIMIT 1   [ RunTime:0.0100s ]
NOTIC: [8] Undefined index: main_business /home/vagrant/Code/gousteel/Application/Home/Controller/GuandaoController.class.php 第 98 行.
NOTIC: [8] Undefined index: a_company /home/vagrant/Code/gousteel/Application/Home/Controller/GuandaoController.class.php 第 107 行.
NOTIC: [8] Undefined offset: 395 /home/vagrant/Code/gousteel/Application/Home/Controller/GuandaoController.class.php 第 108 行.
SQL: SELECT * FROM `xh_company` WHERE ( id = 10009 ) LIMIT 1   [ RunTime:0.0108s ]
NOTIC: [8] Undefined index: qq /home/vagrant/Code/gousteel/Application/Home/Controller/GuandaoController.class.php 第 87 行.
SQL: SELECT * FROM `xh_ucenter_member` WHERE `id` = 9 LIMIT 1   [ RunTime:0.0124s ]
SQL: SELECT * FROM `xh_contact` WHERE ( uid = 9 ) LIMIT 1   [ RunTime:0.0106s ]
NOTIC: [8] Undefined index: main_business /home/vagrant/Code/gousteel/Application/Home/Controller/GuandaoController.class.php 第 98 行.
NOTIC: [8] Undefined index: a_company /home/vagrant/Code/gousteel/Application/Home/Controller/GuandaoController.class.php 第 107 行.
NOTIC: [8] Undefined offset: 395 /home/vagrant/Code/gousteel/Application/Home/Controller/GuandaoController.class.php 第 108 行.
SQL: SELECT * FROM `xh_company` WHERE ( id = 10009 ) LIMIT 1   [ RunTime:0.0100s ]
NOTIC: [8] Undefined index: qq /home/vagrant/Code/gousteel/Application/Home/Controller/GuandaoController.class.php 第 87 行.
SQL: SELECT * FROM `xh_ucenter_member` WHERE `id` = 9 LIMIT 1   [ RunTime:0.0137s ]
SQL: SELECT * FROM `xh_contact` WHERE ( uid = 9 ) LIMIT 1   [ RunTime:0.0097s ]
NOTIC: [8] Undefined index: main_business /home/vagrant/Code/gousteel/Application/Home/Controller/GuandaoController.class.php 第 98 行.
NOTIC: [8] Undefined index: a_company /home/vagrant/Code/gousteel/Application/Home/Controller/GuandaoController.class.php 第 107 行.
NOTIC: [8] Undefined offset: 395 /home/vagrant/Code/gousteel/Application/Home/Controller/GuandaoController.class.php 第 108 行.
SQL: SELECT * FROM `xh_company` WHERE ( id = 10009 ) LIMIT 1   [ RunTime:0.0121s ]
NOTIC: [8] Undefined index: qq /home/vagrant/Code/gousteel/Application/Home/Controller/GuandaoController.class.php 第 87 行.
SQL: SELECT * FROM `xh_ucenter_member` WHERE `id` = 9 LIMIT 1   [ RunTime:0.0100s ]
SQL: SELECT * FROM `xh_contact` WHERE ( uid = 9 ) LIMIT 1   [ RunTime:0.0115s ]
NOTIC: [8] Undefined index: main_business /home/vagrant/Code/gousteel/Application/Home/Controller/GuandaoController.class.php 第 98 行.
NOTIC: [8] Undefined index: a_company /home/vagrant/Code/gousteel/Application/Home/Controller/GuandaoController.class.php 第 107 行.
NOTIC: [8] Undefined offset: 395 /home/vagrant/Code/gousteel/Application/Home/Controller/GuandaoController.class.php 第 108 行.
INFO: [ view_parse ] --START--
INFO: [ template_filter ] --START--
INFO: Run Behavior\ContentReplaceBehavior [ RunTime:0.000267s ]
INFO: [ template_filter ] --END-- [ RunTime:0.000314s ]
SQL: SHOW COLUMNS FROM `xh_adv` [ RunTime:0.0112s ]
SQL: SELECT * FROM `xh_adv` LEFT JOIN xh_adv_pos as b ON xh_adv.pos_id = b.id  WHERE b.status = 1 AND b.type = 1 AND b.path = 'Home/Guandao/sactuals'  [ RunTime:0.0101s ]
NOTIC: [2] Invalid argument supplied for foreach() /home/vagrant/Code/gousteel/Runtime/Cache/Home/7b1cd5e71e4598c502cb72a2ca291e16.php 第 4 行.
NOTIC: [8] Undefined variable: oneplus_seo_meta /home/vagrant/Code/gousteel/Runtime/Cache/Home/7b1cd5e71e4598c502cb72a2ca291e16.php 第 6 行.
NOTIC: [8] Undefined variable: seo /home/vagrant/Code/gousteel/Runtime/Cache/Home/7b1cd5e71e4598c502cb72a2ca291e16.php 第 6 行.
SQL: SHOW COLUMNS FROM `xh_seo_rule` [ RunTime:0.0096s ]
NOTIC: [8] Undefined index: page /home/vagrant/Code/gousteel/Application/Common/Common/pagination.php 第 14 行.
INFO: Run Behavior\ParseTemplateBehavior [ RunTime:0.302415s ]
INFO: [ view_parse ] --END-- [ RunTime:0.302483s ]
INFO: [ view_filter ] --START--
INFO: Run Behavior\WriteHtmlCacheBehavior [ RunTime:0.003810s ]
INFO: [ view_filter ] --END-- [ RunTime:0.003865s ]
INFO: [ app_end ] --START--
INFO: Run Behavior\ShowPageTraceBehavior [ RunTime:0.003418s ]
INFO: [ app_end ] --END-- [ RunTime:0.003486s ]

