[ 2016-07-18T21:19:10+08:00 ] 127.0.0.1 /index.php?s=/Home/Member/index.html
INFO: [ app_init ] --START--
INFO: Run Behavior\BuildLiteBehavior [ RunTime:0.000014s ]
INFO: Run Common\Behavior\InitHookBehavior [ RunTime:0.014461s ]
INFO: [ app_init ] --END-- [ RunTime:0.020988s ]
INFO: [ app_begin ] --START--
INFO: Run Behavior\ReadHtmlCacheBehavior [ RunTime:0.001499s ]
INFO: [ app_begin ] --END-- [ RunTime:0.001552s ]
SQL: SHOW COLUMNS FROM `xh_config` [ RunTime:0.1404s ]
SQL: SELECT `type`,`name`,`value` FROM `xh_config` WHERE `status` = 1  [ RunTime:0.0287s ]
SQL: SHOW COLUMNS FROM `xh_ucenter_member` [ RunTime:0.0009s ]
SQL: SELECT `last_login_ip` FROM `xh_ucenter_member` WHERE ( id = 7 ) LIMIT 1   [ RunTime:0.0052s ]
SQL: SHOW COLUMNS FROM `xh_member` [ RunTime:0.0009s ]
SQL: SELECT `login` FROM `xh_member` WHERE ( uid = 7 ) LIMIT 1   [ RunTime:0.0026s ]
INFO: [ view_parse ] --START--
INFO: [ template_filter ] --START--
INFO: Run Behavior\ContentReplaceBehavior [ RunTime:0.000106s ]
INFO: [ template_filter ] --END-- [ RunTime:0.000147s ]
SQL: SHOW COLUMNS FROM `xh_adv` [ RunTime:0.0008s ]
SQL: SELECT * FROM `xh_adv` LEFT JOIN xh_adv_pos as b ON xh_adv.pos_id = b.id  WHERE b.status = 1 AND b.type = 1 AND b.path = 'Home/Member/index'  [ RunTime:0.0070s ]
NOTIC: [2] Invalid argument supplied for foreach() C:\Server\www\obj\Runtime\Cache\Home\fec31c49e38973483127c830dec35846.php 第 4 行.
NOTIC: [8] Undefined variable: oneplus_seo_meta C:\Server\www\obj\Runtime\Cache\Home\fec31c49e38973483127c830dec35846.php 第 6 行.
NOTIC: [8] Undefined variable: seo C:\Server\www\obj\Runtime\Cache\Home\fec31c49e38973483127c830dec35846.php 第 6 行.
SQL: SHOW COLUMNS FROM `xh_seo_rule` [ RunTime:0.0008s ]
INFO: Run Behavior\ParseTemplateBehavior [ RunTime:0.269014s ]
INFO: [ view_parse ] --END-- [ RunTime:0.269072s ]
INFO: [ view_filter ] --START--
INFO: Run Behavior\WriteHtmlCacheBehavior [ RunTime:0.006856s ]
INFO: [ view_filter ] --END-- [ RunTime:0.006896s ]
INFO: [ app_end ] --START--
INFO: Run Behavior\ShowPageTraceBehavior [ RunTime:0.001856s ]
INFO: [ app_end ] --END-- [ RunTime:0.001896s ]

[ 2016-07-18T21:19:10+08:00 ] 127.0.0.1 /index.php?s=/Home/Member/basics.html
INFO: [ app_init ] --START--
INFO: Run Behavior\BuildLiteBehavior [ RunTime:0.000012s ]
INFO: Run Common\Behavior\InitHookBehavior [ RunTime:0.001238s ]
INFO: [ app_init ] --END-- [ RunTime:0.001557s ]
INFO: [ app_begin ] --START--
INFO: Run Behavior\ReadHtmlCacheBehavior [ RunTime:0.000349s ]
INFO: [ app_begin ] --END-- [ RunTime:0.000387s ]
SQL: SHOW COLUMNS FROM `xh_config` [ RunTime:0.0010s ]
SQL: SELECT `type`,`name`,`value` FROM `xh_config` WHERE `status` = 1  [ RunTime:0.0005s ]
SQL: SHOW COLUMNS FROM `xh_region` [ RunTime:0.0007s ]
SQL: SELECT * FROM `xh_region` WHERE ( region_type = 1 ) ORDER BY region_id desc  [ RunTime:0.0084s ]
SQL: SELECT * FROM `xh_region` WHERE ( region_type = 3 ) ORDER BY region_id desc  [ RunTime:0.0116s ]
SQL: SELECT * FROM `xh_region` WHERE ( region_type = 2  ) ORDER BY region_id desc  [ RunTime:0.0023s ]
SQL: SHOW COLUMNS FROM `xh_member` [ RunTime:0.0007s ]
SQL: SELECT * FROM `xh_member` WHERE ( uid = 7 ) LIMIT 1   [ RunTime:0.0003s ]
SQL: SHOW COLUMNS FROM `xh_company` [ RunTime:0.0009s ]
SQL: SELECT * FROM `xh_company` WHERE ( uid = 7 ) LIMIT 1   [ RunTime:0.0011s ]
INFO: [ view_parse ] --START--
INFO: [ template_filter ] --START--
INFO: Run Behavior\ContentReplaceBehavior [ RunTime:0.000200s ]
INFO: [ template_filter ] --END-- [ RunTime:0.000239s ]
SQL: SHOW COLUMNS FROM `xh_adv` [ RunTime:0.0010s ]
SQL: SELECT * FROM `xh_adv` LEFT JOIN xh_adv_pos as b ON xh_adv.pos_id = b.id  WHERE b.status = 1 AND b.type = 1 AND b.path = 'Home/Member/basics'  [ RunTime:0.0008s ]
NOTIC: [2] Invalid argument supplied for foreach() C:\Server\www\obj\Runtime\Cache\Home\1abb59755f9b2cad9a268dcefe3ea514.php 第 4 行.
NOTIC: [8] Undefined variable: oneplus_seo_meta C:\Server\www\obj\Runtime\Cache\Home\1abb59755f9b2cad9a268dcefe3ea514.php 第 6 行.
NOTIC: [8] Undefined variable: seo C:\Server\www\obj\Runtime\Cache\Home\1abb59755f9b2cad9a268dcefe3ea514.php 第 6 行.
SQL: SHOW COLUMNS FROM `xh_seo_rule` [ RunTime:0.0010s ]
INFO: Run Behavior\ParseTemplateBehavior [ RunTime:0.178949s ]
INFO: [ view_parse ] --END-- [ RunTime:0.179079s ]
INFO: [ view_filter ] --START--
INFO: Run Behavior\WriteHtmlCacheBehavior [ RunTime:0.001297s ]
INFO: [ view_filter ] --END-- [ RunTime:0.001481s ]
INFO: [ app_end ] --START--
INFO: Run Behavior\ShowPageTraceBehavior [ RunTime:0.000612s ]
INFO: [ app_end ] --END-- [ RunTime:0.000674s ]

[ 2016-07-18T21:19:10+08:00 ] 127.0.0.1 /favicon.ico
INFO: [ app_init ] --START--
INFO: Run Behavior\BuildLiteBehavior [ RunTime:0.000012s ]
INFO: Run Common\Behavior\InitHookBehavior [ RunTime:0.001248s ]
INFO: [ app_init ] --END-- [ RunTime:0.001587s ]
INFO: [ app_begin ] --START--
INFO: Run Behavior\ReadHtmlCacheBehavior [ RunTime:0.000364s ]
INFO: [ app_begin ] --END-- [ RunTime:0.000407s ]

[ 2016-07-18T21:19:11+08:00 ] 127.0.0.1 /Public/Homekindeditor/plugins/code/prettify.css
INFO: [ app_init ] --START--
INFO: Run Behavior\BuildLiteBehavior [ RunTime:0.000015s ]
INFO: Run Common\Behavior\InitHookBehavior [ RunTime:0.001182s ]
INFO: [ app_init ] --END-- [ RunTime:0.001616s ]
INFO: [ app_begin ] --START--
INFO: Run Behavior\ReadHtmlCacheBehavior [ RunTime:0.000329s ]
INFO: [ app_begin ] --END-- [ RunTime:0.000365s ]

[ 2016-07-18T21:19:11+08:00 ] 127.0.0.1 /favicon.ico
INFO: [ app_init ] --START--
INFO: Run Behavior\BuildLiteBehavior [ RunTime:0.000027s ]
INFO: Run Common\Behavior\InitHookBehavior [ RunTime:0.002432s ]
INFO: [ app_init ] --END-- [ RunTime:0.003137s ]
INFO: [ app_begin ] --START--
INFO: Run Behavior\ReadHtmlCacheBehavior [ RunTime:0.000541s ]
INFO: [ app_begin ] --END-- [ RunTime:0.000610s ]

[ 2016-07-18T21:19:12+08:00 ] 127.0.0.1 /index.php?s=/Home/Member/field.html
INFO: [ app_init ] --START--
INFO: Run Behavior\BuildLiteBehavior [ RunTime:0.000016s ]
INFO: Run Common\Behavior\InitHookBehavior [ RunTime:0.002325s ]
INFO: [ app_init ] --END-- [ RunTime:0.002813s ]
INFO: [ app_begin ] --START--
INFO: Run Behavior\ReadHtmlCacheBehavior [ RunTime:0.000709s ]
INFO: [ app_begin ] --END-- [ RunTime:0.000799s ]
SQL: SHOW COLUMNS FROM `xh_config` [ RunTime:0.0009s ]
SQL: SELECT `type`,`name`,`value` FROM `xh_config` WHERE `status` = 1  [ RunTime:0.0004s ]
SQL: SHOW COLUMNS FROM `xh_field` [ RunTime:0.0010s ]
SQL: SELECT * FROM `xh_field` WHERE ( uid = 7 ) LIMIT 1   [ RunTime:0.0015s ]
INFO: [ view_parse ] --START--
INFO: [ template_filter ] --START--
INFO: Run Behavior\ContentReplaceBehavior [ RunTime:0.000287s ]
INFO: [ template_filter ] --END-- [ RunTime:0.000378s ]
SQL: SHOW COLUMNS FROM `xh_adv` [ RunTime:0.0010s ]
SQL: SELECT * FROM `xh_adv` LEFT JOIN xh_adv_pos as b ON xh_adv.pos_id = b.id  WHERE b.status = 1 AND b.type = 1 AND b.path = 'Home/Member/field'  [ RunTime:0.0008s ]
NOTIC: [2] Invalid argument supplied for foreach() C:\Server\www\obj\Runtime\Cache\Home\6b7fa805515241dc4bd743ca90e55460.php 第 4 行.
NOTIC: [8] Undefined variable: oneplus_seo_meta C:\Server\www\obj\Runtime\Cache\Home\6b7fa805515241dc4bd743ca90e55460.php 第 6 行.
NOTIC: [8] Undefined variable: seo C:\Server\www\obj\Runtime\Cache\Home\6b7fa805515241dc4bd743ca90e55460.php 第 6 行.
SQL: SHOW COLUMNS FROM `xh_seo_rule` [ RunTime:0.0012s ]
INFO: Run Behavior\ParseTemplateBehavior [ RunTime:0.115952s ]
INFO: [ view_parse ] --END-- [ RunTime:0.116013s ]
INFO: [ view_filter ] --START--
INFO: Run Behavior\WriteHtmlCacheBehavior [ RunTime:0.000398s ]
INFO: [ view_filter ] --END-- [ RunTime:0.000450s ]
INFO: [ app_end ] --START--
INFO: Run Behavior\ShowPageTraceBehavior [ RunTime:0.000709s ]
INFO: [ app_end ] --END-- [ RunTime:0.000803s ]

[ 2016-07-18T21:19:12+08:00 ] 127.0.0.1 /favicon.ico
INFO: [ app_init ] --START--
INFO: Run Behavior\BuildLiteBehavior [ RunTime:0.000013s ]
INFO: Run Common\Behavior\InitHookBehavior [ RunTime:0.001809s ]
INFO: [ app_init ] --END-- [ RunTime:0.002233s ]
INFO: [ app_begin ] --START--
INFO: Run Behavior\ReadHtmlCacheBehavior [ RunTime:0.000996s ]
INFO: [ app_begin ] --END-- [ RunTime:0.001087s ]

[ 2016-07-18T21:19:13+08:00 ] 127.0.0.1 /index.php?s=/Home/Member/manage.html
INFO: [ app_init ] --START--
INFO: Run Behavior\BuildLiteBehavior [ RunTime:0.000037s ]
INFO: Run Common\Behavior\InitHookBehavior [ RunTime:0.002471s ]
INFO: [ app_init ] --END-- [ RunTime:0.002923s ]
INFO: [ app_begin ] --START--
INFO: Run Behavior\ReadHtmlCacheBehavior [ RunTime:0.000887s ]
INFO: [ app_begin ] --END-- [ RunTime:0.000960s ]
SQL: SHOW COLUMNS FROM `xh_config` [ RunTime:0.0012s ]
SQL: SELECT `type`,`name`,`value` FROM `xh_config` WHERE `status` = 1  [ RunTime:0.0005s ]
INFO: [ view_parse ] --START--
INFO: [ template_filter ] --START--
INFO: Run Behavior\ContentReplaceBehavior [ RunTime:0.000301s ]
INFO: [ template_filter ] --END-- [ RunTime:0.000375s ]
SQL: SHOW COLUMNS FROM `xh_adv` [ RunTime:0.0007s ]
SQL: SELECT * FROM `xh_adv` LEFT JOIN xh_adv_pos as b ON xh_adv.pos_id = b.id  WHERE b.status = 1 AND b.type = 1 AND b.path = 'Home/Member/manage'  [ RunTime:0.0012s ]
NOTIC: [2] Invalid argument supplied for foreach() C:\Server\www\obj\Runtime\Cache\Home\7952de1267d51b0a930b27199105e54e.php 第 4 行.
NOTIC: [8] Undefined variable: oneplus_seo_meta C:\Server\www\obj\Runtime\Cache\Home\7952de1267d51b0a930b27199105e54e.php 第 6 行.
NOTIC: [8] Undefined variable: seo C:\Server\www\obj\Runtime\Cache\Home\7952de1267d51b0a930b27199105e54e.php 第 6 行.
SQL: SHOW COLUMNS FROM `xh_seo_rule` [ RunTime:0.0008s ]
INFO: Run Behavior\ParseTemplateBehavior [ RunTime:0.100986s ]
INFO: [ view_parse ] --END-- [ RunTime:0.101060s ]
INFO: [ view_filter ] --START--
INFO: Run Behavior\WriteHtmlCacheBehavior [ RunTime:0.000360s ]
INFO: [ view_filter ] --END-- [ RunTime:0.000402s ]
INFO: [ app_end ] --START--
INFO: Run Behavior\ShowPageTraceBehavior [ RunTime:0.000746s ]
INFO: [ app_end ] --END-- [ RunTime:0.000815s ]

[ 2016-07-18T21:19:13+08:00 ] 127.0.0.1 /images/xz_ico.png
INFO: [ app_init ] --START--
INFO: Run Behavior\BuildLiteBehavior [ RunTime:0.000017s ]
INFO: Run Common\Behavior\InitHookBehavior [ RunTime:0.002166s ]
INFO: [ app_init ] --END-- [ RunTime:0.002659s ]
INFO: [ app_begin ] --START--
INFO: Run Behavior\ReadHtmlCacheBehavior [ RunTime:0.000670s ]
INFO: [ app_begin ] --END-- [ RunTime:0.000792s ]

[ 2016-07-18T21:19:13+08:00 ] 127.0.0.1 /favicon.ico
INFO: [ app_init ] --START--
INFO: Run Behavior\BuildLiteBehavior [ RunTime:0.000015s ]
INFO: Run Common\Behavior\InitHookBehavior [ RunTime:0.001746s ]
INFO: [ app_init ] --END-- [ RunTime:0.002161s ]
INFO: [ app_begin ] --START--
INFO: Run Behavior\ReadHtmlCacheBehavior [ RunTime:0.000605s ]
INFO: [ app_begin ] --END-- [ RunTime:0.000707s ]

[ 2016-07-18T21:19:23+08:00 ] 127.0.0.1 /index.php?s=/Home/Member/manage.html
INFO: [ app_init ] --START--
INFO: Run Behavior\BuildLiteBehavior [ RunTime:0.000052s ]
INFO: Run Common\Behavior\InitHookBehavior [ RunTime:0.006967s ]
INFO: [ app_init ] --END-- [ RunTime:0.008911s ]
INFO: [ app_begin ] --START--
INFO: Run Behavior\ReadHtmlCacheBehavior [ RunTime:0.001762s ]
INFO: [ app_begin ] --END-- [ RunTime:0.002402s ]
SQL: SHOW COLUMNS FROM `xh_config` [ RunTime:0.0040s ]
SQL: SELECT `type`,`name`,`value` FROM `xh_config` WHERE `status` = 1  [ RunTime:0.0018s ]
INFO: [ view_parse ] --START--
INFO: [ template_filter ] --START--
INFO: Run Behavior\ContentReplaceBehavior [ RunTime:0.000301s ]
INFO: [ template_filter ] --END-- [ RunTime:0.000357s ]
SQL: SHOW COLUMNS FROM `xh_adv` [ RunTime:0.0007s ]
SQL: SELECT * FROM `xh_adv` LEFT JOIN xh_adv_pos as b ON xh_adv.pos_id = b.id  WHERE b.status = 1 AND b.type = 1 AND b.path = 'Home/Member/manage'  [ RunTime:0.0005s ]
NOTIC: [2] Invalid argument supplied for foreach() C:\Server\www\obj\Runtime\Cache\Home\7952de1267d51b0a930b27199105e54e.php 第 4 行.
NOTIC: [8] Undefined variable: oneplus_seo_meta C:\Server\www\obj\Runtime\Cache\Home\7952de1267d51b0a930b27199105e54e.php 第 6 行.
NOTIC: [8] Undefined variable: seo C:\Server\www\obj\Runtime\Cache\Home\7952de1267d51b0a930b27199105e54e.php 第 6 行.
SQL: SHOW COLUMNS FROM `xh_seo_rule` [ RunTime:0.0007s ]
INFO: Run Behavior\ParseTemplateBehavior [ RunTime:0.102605s ]
INFO: [ view_parse ] --END-- [ RunTime:0.102687s ]
INFO: [ view_filter ] --START--
INFO: Run Behavior\WriteHtmlCacheBehavior [ RunTime:0.000436s ]
INFO: [ view_filter ] --END-- [ RunTime:0.000484s ]
INFO: [ app_end ] --START--
INFO: Run Behavior\ShowPageTraceBehavior [ RunTime:0.000789s ]
INFO: [ app_end ] --END-- [ RunTime:0.000886s ]

[ 2016-07-18T21:19:23+08:00 ] 127.0.0.1 /images/xz_ico.png
INFO: [ app_init ] --START--
INFO: Run Behavior\BuildLiteBehavior [ RunTime:0.000012s ]
INFO: Run Common\Behavior\InitHookBehavior [ RunTime:0.001433s ]
INFO: [ app_init ] --END-- [ RunTime:0.001764s ]
INFO: [ app_begin ] --START--
INFO: Run Behavior\ReadHtmlCacheBehavior [ RunTime:0.000473s ]
INFO: [ app_begin ] --END-- [ RunTime:0.000534s ]

[ 2016-07-18T21:19:23+08:00 ] 127.0.0.1 /favicon.ico
INFO: [ app_init ] --START--
INFO: Run Behavior\BuildLiteBehavior [ RunTime:0.000013s ]
INFO: Run Common\Behavior\InitHookBehavior [ RunTime:0.001343s ]
INFO: [ app_init ] --END-- [ RunTime:0.001720s ]
INFO: [ app_begin ] --START--
INFO: Run Behavior\ReadHtmlCacheBehavior [ RunTime:0.000472s ]
INFO: [ app_begin ] --END-- [ RunTime:0.000528s ]

[ 2016-07-18T21:19:24+08:00 ] 127.0.0.1 /index.php?s=/Home/Member/manage.html
INFO: [ app_init ] --START--
INFO: Run Behavior\BuildLiteBehavior [ RunTime:0.000074s ]
INFO: Run Common\Behavior\InitHookBehavior [ RunTime:0.004739s ]
INFO: [ app_init ] --END-- [ RunTime:0.007251s ]
INFO: [ app_begin ] --START--
INFO: Run Behavior\ReadHtmlCacheBehavior [ RunTime:0.000933s ]
INFO: [ app_begin ] --END-- [ RunTime:0.001036s ]
SQL: SHOW COLUMNS FROM `xh_config` [ RunTime:0.0019s ]
SQL: SELECT `type`,`name`,`value` FROM `xh_config` WHERE `status` = 1  [ RunTime:0.0007s ]
INFO: [ view_parse ] --START--
INFO: [ template_filter ] --START--
INFO: Run Behavior\ContentReplaceBehavior [ RunTime:0.000233s ]
INFO: [ template_filter ] --END-- [ RunTime:0.000285s ]
SQL: SHOW COLUMNS FROM `xh_adv` [ RunTime:0.0009s ]
SQL: SELECT * FROM `xh_adv` LEFT JOIN xh_adv_pos as b ON xh_adv.pos_id = b.id  WHERE b.status = 1 AND b.type = 1 AND b.path = 'Home/Member/manage'  [ RunTime:0.0005s ]
NOTIC: [2] Invalid argument supplied for foreach() C:\Server\www\obj\Runtime\Cache\Home\7952de1267d51b0a930b27199105e54e.php 第 4 行.
NOTIC: [8] Undefined variable: oneplus_seo_meta C:\Server\www\obj\Runtime\Cache\Home\7952de1267d51b0a930b27199105e54e.php 第 6 行.
NOTIC: [8] Undefined variable: seo C:\Server\www\obj\Runtime\Cache\Home\7952de1267d51b0a930b27199105e54e.php 第 6 行.
SQL: SHOW COLUMNS FROM `xh_seo_rule` [ RunTime:0.0007s ]
INFO: Run Behavior\ParseTemplateBehavior [ RunTime:0.069442s ]
INFO: [ view_parse ] --END-- [ RunTime:0.069494s ]
INFO: [ view_filter ] --START--
INFO: Run Behavior\WriteHtmlCacheBehavior [ RunTime:0.000258s ]
INFO: [ view_filter ] --END-- [ RunTime:0.000284s ]
INFO: [ app_end ] --START--
INFO: Run Behavior\ShowPageTraceBehavior [ RunTime:0.000674s ]
INFO: [ app_end ] --END-- [ RunTime:0.000729s ]

[ 2016-07-18T21:19:24+08:00 ] 127.0.0.1 /images/xz_ico.png
INFO: [ app_init ] --START--
INFO: Run Behavior\BuildLiteBehavior [ RunTime:0.000013s ]
INFO: Run Common\Behavior\InitHookBehavior [ RunTime:0.001415s ]
INFO: [ app_init ] --END-- [ RunTime:0.001819s ]
INFO: [ app_begin ] --START--
INFO: Run Behavior\ReadHtmlCacheBehavior [ RunTime:0.000743s ]
INFO: [ app_begin ] --END-- [ RunTime:0.000830s ]

[ 2016-07-18T21:19:24+08:00 ] 127.0.0.1 /favicon.ico
INFO: [ app_init ] --START--
INFO: Run Behavior\BuildLiteBehavior [ RunTime:0.000030s ]
INFO: Run Common\Behavior\InitHookBehavior [ RunTime:0.003598s ]
INFO: [ app_init ] --END-- [ RunTime:0.004081s ]
INFO: [ app_begin ] --START--
INFO: Run Behavior\ReadHtmlCacheBehavior [ RunTime:0.000738s ]
INFO: [ app_begin ] --END-- [ RunTime:0.000918s ]

[ 2016-07-18T21:19:25+08:00 ] 127.0.0.1 /index.php?s=/Home/Member/manage.html
INFO: [ app_init ] --START--
INFO: Run Behavior\BuildLiteBehavior [ RunTime:0.000069s ]
INFO: Run Common\Behavior\InitHookBehavior [ RunTime:0.009808s ]
INFO: [ app_init ] --END-- [ RunTime:0.012800s ]
INFO: [ app_begin ] --START--
INFO: Run Behavior\ReadHtmlCacheBehavior [ RunTime:0.002517s ]
INFO: [ app_begin ] --END-- [ RunTime:0.002781s ]
SQL: SHOW COLUMNS FROM `xh_config` [ RunTime:0.0015s ]
SQL: SELECT `type`,`name`,`value` FROM `xh_config` WHERE `status` = 1  [ RunTime:0.0008s ]
INFO: [ view_parse ] --START--
INFO: [ template_filter ] --START--
INFO: Run Behavior\ContentReplaceBehavior [ RunTime:0.000298s ]
INFO: [ template_filter ] --END-- [ RunTime:0.000350s ]
SQL: SHOW COLUMNS FROM `xh_adv` [ RunTime:0.0006s ]
SQL: SELECT * FROM `xh_adv` LEFT JOIN xh_adv_pos as b ON xh_adv.pos_id = b.id  WHERE b.status = 1 AND b.type = 1 AND b.path = 'Home/Member/manage'  [ RunTime:0.0004s ]
NOTIC: [2] Invalid argument supplied for foreach() C:\Server\www\obj\Runtime\Cache\Home\7952de1267d51b0a930b27199105e54e.php 第 4 行.
NOTIC: [8] Undefined variable: oneplus_seo_meta C:\Server\www\obj\Runtime\Cache\Home\7952de1267d51b0a930b27199105e54e.php 第 6 行.
NOTIC: [8] Undefined variable: seo C:\Server\www\obj\Runtime\Cache\Home\7952de1267d51b0a930b27199105e54e.php 第 6 行.
SQL: SHOW COLUMNS FROM `xh_seo_rule` [ RunTime:0.0005s ]
INFO: Run Behavior\ParseTemplateBehavior [ RunTime:0.077520s ]
INFO: [ view_parse ] --END-- [ RunTime:0.077580s ]
INFO: [ view_filter ] --START--
INFO: Run Behavior\WriteHtmlCacheBehavior [ RunTime:0.000250s ]
INFO: [ view_filter ] --END-- [ RunTime:0.000274s ]
INFO: [ app_end ] --START--
INFO: Run Behavior\ShowPageTraceBehavior [ RunTime:0.000680s ]
INFO: [ app_end ] --END-- [ RunTime:0.000744s ]

[ 2016-07-18T21:19:25+08:00 ] 127.0.0.1 /images/xz_ico.png
INFO: [ app_init ] --START--
INFO: Run Behavior\BuildLiteBehavior [ RunTime:0.000014s ]
INFO: Run Common\Behavior\InitHookBehavior [ RunTime:0.001723s ]
INFO: [ app_init ] --END-- [ RunTime:0.002175s ]
INFO: [ app_begin ] --START--
INFO: Run Behavior\ReadHtmlCacheBehavior [ RunTime:0.000341s ]
INFO: [ app_begin ] --END-- [ RunTime:0.000390s ]

[ 2016-07-18T21:19:25+08:00 ] 127.0.0.1 /favicon.ico
INFO: [ app_init ] --START--
INFO: Run Behavior\BuildLiteBehavior [ RunTime:0.000013s ]
INFO: Run Common\Behavior\InitHookBehavior [ RunTime:0.001403s ]
INFO: [ app_init ] --END-- [ RunTime:0.001763s ]
INFO: [ app_begin ] --START--
INFO: Run Behavior\ReadHtmlCacheBehavior [ RunTime:0.000466s ]
INFO: [ app_begin ] --END-- [ RunTime:0.000522s ]

[ 2016-07-18T21:19:26+08:00 ] 127.0.0.1 /index.php?s=/Home/Member/field.html
INFO: [ app_init ] --START--
INFO: Run Behavior\BuildLiteBehavior [ RunTime:0.000058s ]
INFO: Run Common\Behavior\InitHookBehavior [ RunTime:0.007052s ]
INFO: [ app_init ] --END-- [ RunTime:0.009187s ]
INFO: [ app_begin ] --START--
INFO: Run Behavior\ReadHtmlCacheBehavior [ RunTime:0.000956s ]
INFO: [ app_begin ] --END-- [ RunTime:0.001062s ]
SQL: SHOW COLUMNS FROM `xh_config` [ RunTime:0.0010s ]
SQL: SELECT `type`,`name`,`value` FROM `xh_config` WHERE `status` = 1  [ RunTime:0.0004s ]
SQL: SHOW COLUMNS FROM `xh_field` [ RunTime:0.0011s ]
SQL: SELECT * FROM `xh_field` WHERE ( uid = 7 ) LIMIT 1   [ RunTime:0.0003s ]
INFO: [ view_parse ] --START--
INFO: [ template_filter ] --START--
INFO: Run Behavior\ContentReplaceBehavior [ RunTime:0.000173s ]
INFO: [ template_filter ] --END-- [ RunTime:0.000223s ]
SQL: SHOW COLUMNS FROM `xh_adv` [ RunTime:0.0007s ]
SQL: SELECT * FROM `xh_adv` LEFT JOIN xh_adv_pos as b ON xh_adv.pos_id = b.id  WHERE b.status = 1 AND b.type = 1 AND b.path = 'Home/Member/field'  [ RunTime:0.0004s ]
NOTIC: [2] Invalid argument supplied for foreach() C:\Server\www\obj\Runtime\Cache\Home\6b7fa805515241dc4bd743ca90e55460.php 第 4 行.
NOTIC: [8] Undefined variable: oneplus_seo_meta C:\Server\www\obj\Runtime\Cache\Home\6b7fa805515241dc4bd743ca90e55460.php 第 6 行.
NOTIC: [8] Undefined variable: seo C:\Server\www\obj\Runtime\Cache\Home\6b7fa805515241dc4bd743ca90e55460.php 第 6 行.
SQL: SHOW COLUMNS FROM `xh_seo_rule` [ RunTime:0.0006s ]
INFO: Run Behavior\ParseTemplateBehavior [ RunTime:0.067087s ]
INFO: [ view_parse ] --END-- [ RunTime:0.067124s ]
INFO: [ view_filter ] --START--
INFO: Run Behavior\WriteHtmlCacheBehavior [ RunTime:0.000251s ]
INFO: [ view_filter ] --END-- [ RunTime:0.000277s ]
INFO: [ app_end ] --START--
INFO: Run Behavior\ShowPageTraceBehavior [ RunTime:0.000804s ]
INFO: [ app_end ] --END-- [ RunTime:0.000885s ]

[ 2016-07-18T21:19:26+08:00 ] 127.0.0.1 /favicon.ico
INFO: [ app_init ] --START--
INFO: Run Behavior\BuildLiteBehavior [ RunTime:0.000020s ]
INFO: Run Common\Behavior\InitHookBehavior [ RunTime:0.002153s ]
INFO: [ app_init ] --END-- [ RunTime:0.002755s ]
INFO: [ app_begin ] --START--
INFO: Run Behavior\ReadHtmlCacheBehavior [ RunTime:0.000549s ]
INFO: [ app_begin ] --END-- [ RunTime:0.000625s ]

[ 2016-07-18T21:19:27+08:00 ] 127.0.0.1 /index.php?s=/Home/Member/manage.html
INFO: [ app_init ] --START--
INFO: Run Behavior\BuildLiteBehavior [ RunTime:0.000144s ]
INFO: Run Common\Behavior\InitHookBehavior [ RunTime:0.007843s ]
INFO: [ app_init ] --END-- [ RunTime:0.013046s ]
INFO: [ app_begin ] --START--
INFO: Run Behavior\ReadHtmlCacheBehavior [ RunTime:0.002163s ]
INFO: [ app_begin ] --END-- [ RunTime:0.002390s ]
SQL: SHOW COLUMNS FROM `xh_config` [ RunTime:0.0012s ]
SQL: SELECT `type`,`name`,`value` FROM `xh_config` WHERE `status` = 1  [ RunTime:0.0005s ]
INFO: [ view_parse ] --START--
INFO: [ template_filter ] --START--
INFO: Run Behavior\ContentReplaceBehavior [ RunTime:0.000254s ]
INFO: [ template_filter ] --END-- [ RunTime:0.000302s ]
SQL: SHOW COLUMNS FROM `xh_adv` [ RunTime:0.0006s ]
SQL: SELECT * FROM `xh_adv` LEFT JOIN xh_adv_pos as b ON xh_adv.pos_id = b.id  WHERE b.status = 1 AND b.type = 1 AND b.path = 'Home/Member/manage'  [ RunTime:0.0004s ]
NOTIC: [2] Invalid argument supplied for foreach() C:\Server\www\obj\Runtime\Cache\Home\7952de1267d51b0a930b27199105e54e.php 第 4 行.
NOTIC: [8] Undefined variable: oneplus_seo_meta C:\Server\www\obj\Runtime\Cache\Home\7952de1267d51b0a930b27199105e54e.php 第 6 行.
NOTIC: [8] Undefined variable: seo C:\Server\www\obj\Runtime\Cache\Home\7952de1267d51b0a930b27199105e54e.php 第 6 行.
SQL: SHOW COLUMNS FROM `xh_seo_rule` [ RunTime:0.0006s ]
INFO: Run Behavior\ParseTemplateBehavior [ RunTime:0.077345s ]
INFO: [ view_parse ] --END-- [ RunTime:0.077390s ]
INFO: [ view_filter ] --START--
INFO: Run Behavior\WriteHtmlCacheBehavior [ RunTime:0.000264s ]
INFO: [ view_filter ] --END-- [ RunTime:0.000294s ]
INFO: [ app_end ] --START--
INFO: Run Behavior\ShowPageTraceBehavior [ RunTime:0.000713s ]
INFO: [ app_end ] --END-- [ RunTime:0.000773s ]

[ 2016-07-18T21:19:28+08:00 ] 127.0.0.1 /images/xz_ico.png
INFO: [ app_init ] --START--
INFO: Run Behavior\BuildLiteBehavior [ RunTime:0.000012s ]
INFO: Run Common\Behavior\InitHookBehavior [ RunTime:0.001421s ]
INFO: [ app_init ] --END-- [ RunTime:0.001800s ]
INFO: [ app_begin ] --START--
INFO: Run Behavior\ReadHtmlCacheBehavior [ RunTime:0.000447s ]
INFO: [ app_begin ] --END-- [ RunTime:0.000504s ]

[ 2016-07-18T21:19:28+08:00 ] 127.0.0.1 /favicon.ico
INFO: [ app_init ] --START--
INFO: Run Behavior\BuildLiteBehavior [ RunTime:0.000014s ]
INFO: Run Common\Behavior\InitHookBehavior [ RunTime:0.001346s ]
INFO: [ app_init ] --END-- [ RunTime:0.001718s ]
INFO: [ app_begin ] --START--
INFO: Run Behavior\ReadHtmlCacheBehavior [ RunTime:0.000439s ]
INFO: [ app_begin ] --END-- [ RunTime:0.000489s ]

[ 2016-07-18T21:19:28+08:00 ] 127.0.0.1 /index.php?s=/Home/Member/manage.html
INFO: [ app_init ] --START--
INFO: Run Behavior\BuildLiteBehavior [ RunTime:0.000019s ]
INFO: Run Common\Behavior\InitHookBehavior [ RunTime:0.001619s ]
INFO: [ app_init ] --END-- [ RunTime:0.002144s ]
INFO: [ app_begin ] --START--
INFO: Run Behavior\ReadHtmlCacheBehavior [ RunTime:0.000533s ]
INFO: [ app_begin ] --END-- [ RunTime:0.000598s ]
SQL: SHOW COLUMNS FROM `xh_config` [ RunTime:0.0008s ]
SQL: SELECT `type`,`name`,`value` FROM `xh_config` WHERE `status` = 1  [ RunTime:0.0003s ]
INFO: [ view_parse ] --START--
INFO: [ template_filter ] --START--
INFO: Run Behavior\ContentReplaceBehavior [ RunTime:0.000239s ]
INFO: [ template_filter ] --END-- [ RunTime:0.000328s ]
SQL: SHOW COLUMNS FROM `xh_adv` [ RunTime:0.0007s ]
SQL: SELECT * FROM `xh_adv` LEFT JOIN xh_adv_pos as b ON xh_adv.pos_id = b.id  WHERE b.status = 1 AND b.type = 1 AND b.path = 'Home/Member/manage'  [ RunTime:0.0005s ]
NOTIC: [2] Invalid argument supplied for foreach() C:\Server\www\obj\Runtime\Cache\Home\7952de1267d51b0a930b27199105e54e.php 第 4 行.
NOTIC: [8] Undefined variable: oneplus_seo_meta C:\Server\www\obj\Runtime\Cache\Home\7952de1267d51b0a930b27199105e54e.php 第 6 行.
NOTIC: [8] Undefined variable: seo C:\Server\www\obj\Runtime\Cache\Home\7952de1267d51b0a930b27199105e54e.php 第 6 行.
SQL: SHOW COLUMNS FROM `xh_seo_rule` [ RunTime:0.0007s ]
INFO: Run Behavior\ParseTemplateBehavior [ RunTime:0.082701s ]
INFO: [ view_parse ] --END-- [ RunTime:0.082748s ]
INFO: [ view_filter ] --START--
INFO: Run Behavior\WriteHtmlCacheBehavior [ RunTime:0.000261s ]
INFO: [ view_filter ] --END-- [ RunTime:0.000290s ]
INFO: [ app_end ] --START--
INFO: Run Behavior\ShowPageTraceBehavior [ RunTime:0.000674s ]
INFO: [ app_end ] --END-- [ RunTime:0.000741s ]

[ 2016-07-18T21:19:28+08:00 ] 127.0.0.1 /images/xz_ico.png
INFO: [ app_init ] --START--
INFO: Run Behavior\BuildLiteBehavior [ RunTime:0.000019s ]
INFO: Run Common\Behavior\InitHookBehavior [ RunTime:0.003009s ]
INFO: [ app_init ] --END-- [ RunTime:0.003948s ]
INFO: [ app_begin ] --START--
INFO: Run Behavior\ReadHtmlCacheBehavior [ RunTime:0.000670s ]
INFO: [ app_begin ] --END-- [ RunTime:0.000755s ]

[ 2016-07-18T21:19:28+08:00 ] 127.0.0.1 /favicon.ico
INFO: [ app_init ] --START--
INFO: Run Behavior\BuildLiteBehavior [ RunTime:0.000014s ]
INFO: Run Common\Behavior\InitHookBehavior [ RunTime:0.001515s ]
INFO: [ app_init ] --END-- [ RunTime:0.001921s ]
INFO: [ app_begin ] --START--
INFO: Run Behavior\ReadHtmlCacheBehavior [ RunTime:0.000614s ]
INFO: [ app_begin ] --END-- [ RunTime:0.000683s ]

[ 2016-07-18T21:19:30+08:00 ] 127.0.0.1 /index.php?s=/Home/Member/manage.html
INFO: [ app_init ] --START--
INFO: Run Behavior\BuildLiteBehavior [ RunTime:0.000046s ]
INFO: Run Common\Behavior\InitHookBehavior [ RunTime:0.006644s ]
INFO: [ app_init ] --END-- [ RunTime:0.008090s ]
INFO: [ app_begin ] --START--
INFO: Run Behavior\ReadHtmlCacheBehavior [ RunTime:0.002657s ]
INFO: [ app_begin ] --END-- [ RunTime:0.003200s ]
SQL: SHOW COLUMNS FROM `xh_config` [ RunTime:0.0024s ]
SQL: SELECT `type`,`name`,`value` FROM `xh_config` WHERE `status` = 1  [ RunTime:0.0009s ]
INFO: [ view_parse ] --START--
INFO: [ template_filter ] --START--
INFO: Run Behavior\ContentReplaceBehavior [ RunTime:0.000596s ]
INFO: [ template_filter ] --END-- [ RunTime:0.000705s ]
SQL: SHOW COLUMNS FROM `xh_adv` [ RunTime:0.0009s ]
SQL: SELECT * FROM `xh_adv` LEFT JOIN xh_adv_pos as b ON xh_adv.pos_id = b.id  WHERE b.status = 1 AND b.type = 1 AND b.path = 'Home/Member/manage'  [ RunTime:0.0006s ]
NOTIC: [2] Invalid argument supplied for foreach() C:\Server\www\obj\Runtime\Cache\Home\7952de1267d51b0a930b27199105e54e.php 第 4 行.
NOTIC: [8] Undefined variable: oneplus_seo_meta C:\Server\www\obj\Runtime\Cache\Home\7952de1267d51b0a930b27199105e54e.php 第 6 行.
NOTIC: [8] Undefined variable: seo C:\Server\www\obj\Runtime\Cache\Home\7952de1267d51b0a930b27199105e54e.php 第 6 行.
SQL: SHOW COLUMNS FROM `xh_seo_rule` [ RunTime:0.0008s ]
INFO: Run Behavior\ParseTemplateBehavior [ RunTime:0.169279s ]
INFO: [ view_parse ] --END-- [ RunTime:0.169349s ]
INFO: [ view_filter ] --START--
INFO: Run Behavior\WriteHtmlCacheBehavior [ RunTime:0.000325s ]
INFO: [ view_filter ] --END-- [ RunTime:0.000359s ]
INFO: [ app_end ] --START--
INFO: Run Behavior\ShowPageTraceBehavior [ RunTime:0.000843s ]
INFO: [ app_end ] --END-- [ RunTime:0.000917s ]

[ 2016-07-18T21:19:30+08:00 ] 127.0.0.1 /images/xz_ico.png
INFO: [ app_init ] --START--
INFO: Run Behavior\BuildLiteBehavior [ RunTime:0.000024s ]
INFO: Run Common\Behavior\InitHookBehavior [ RunTime:0.002818s ]
INFO: [ app_init ] --END-- [ RunTime:0.003386s ]
INFO: [ app_begin ] --START--
INFO: Run Behavior\ReadHtmlCacheBehavior [ RunTime:0.000491s ]
INFO: [ app_begin ] --END-- [ RunTime:0.000551s ]

[ 2016-07-18T21:19:30+08:00 ] 127.0.0.1 /favicon.ico
INFO: [ app_init ] --START--
INFO: Run Behavior\BuildLiteBehavior [ RunTime:0.000017s ]
INFO: Run Common\Behavior\InitHookBehavior [ RunTime:0.001819s ]
INFO: [ app_init ] --END-- [ RunTime:0.002262s ]
INFO: [ app_begin ] --START--
INFO: Run Behavior\ReadHtmlCacheBehavior [ RunTime:0.000488s ]
INFO: [ app_begin ] --END-- [ RunTime:0.000552s ]

[ 2016-07-18T21:19:30+08:00 ] 127.0.0.1 /index.php?s=/Home/Member/field.html
INFO: [ app_init ] --START--
INFO: Run Behavior\BuildLiteBehavior [ RunTime:0.000053s ]
INFO: Run Common\Behavior\InitHookBehavior [ RunTime:0.005415s ]
INFO: [ app_init ] --END-- [ RunTime:0.006743s ]
INFO: [ app_begin ] --START--
INFO: Run Behavior\ReadHtmlCacheBehavior [ RunTime:0.001564s ]
INFO: [ app_begin ] --END-- [ RunTime:0.001766s ]
SQL: SHOW COLUMNS FROM `xh_config` [ RunTime:0.0024s ]
SQL: SELECT `type`,`name`,`value` FROM `xh_config` WHERE `status` = 1  [ RunTime:0.0012s ]
SQL: SHOW COLUMNS FROM `xh_field` [ RunTime:0.0020s ]
SQL: SELECT * FROM `xh_field` WHERE ( uid = 7 ) LIMIT 1   [ RunTime:0.0010s ]
INFO: [ view_parse ] --START--
INFO: [ template_filter ] --START--
INFO: Run Behavior\ContentReplaceBehavior [ RunTime:0.000390s ]
INFO: [ template_filter ] --END-- [ RunTime:0.000480s ]
SQL: SHOW COLUMNS FROM `xh_adv` [ RunTime:0.0006s ]
SQL: SELECT * FROM `xh_adv` LEFT JOIN xh_adv_pos as b ON xh_adv.pos_id = b.id  WHERE b.status = 1 AND b.type = 1 AND b.path = 'Home/Member/field'  [ RunTime:0.0004s ]
NOTIC: [2] Invalid argument supplied for foreach() C:\Server\www\obj\Runtime\Cache\Home\6b7fa805515241dc4bd743ca90e55460.php 第 4 行.
NOTIC: [8] Undefined variable: oneplus_seo_meta C:\Server\www\obj\Runtime\Cache\Home\6b7fa805515241dc4bd743ca90e55460.php 第 6 行.
NOTIC: [8] Undefined variable: seo C:\Server\www\obj\Runtime\Cache\Home\6b7fa805515241dc4bd743ca90e55460.php 第 6 行.
SQL: SHOW COLUMNS FROM `xh_seo_rule` [ RunTime:0.0005s ]
INFO: Run Behavior\ParseTemplateBehavior [ RunTime:0.104160s ]
INFO: [ view_parse ] --END-- [ RunTime:0.104229s ]
INFO: [ view_filter ] --START--
INFO: Run Behavior\WriteHtmlCacheBehavior [ RunTime:0.000246s ]
INFO: [ view_filter ] --END-- [ RunTime:0.000272s ]
INFO: [ app_end ] --START--
INFO: Run Behavior\ShowPageTraceBehavior [ RunTime:0.000688s ]
INFO: [ app_end ] --END-- [ RunTime:0.000747s ]

[ 2016-07-18T21:19:30+08:00 ] 127.0.0.1 /favicon.ico
INFO: [ app_init ] --START--
INFO: Run Behavior\BuildLiteBehavior [ RunTime:0.000016s ]
INFO: Run Common\Behavior\InitHookBehavior [ RunTime:0.001502s ]
INFO: [ app_init ] --END-- [ RunTime:0.001906s ]
INFO: [ app_begin ] --START--
INFO: Run Behavior\ReadHtmlCacheBehavior [ RunTime:0.000827s ]
INFO: [ app_begin ] --END-- [ RunTime:0.000932s ]

[ 2016-07-18T21:19:31+08:00 ] 127.0.0.1 /index.php?s=/Home/Member/basics.html
INFO: [ app_init ] --START--
INFO: Run Behavior\BuildLiteBehavior [ RunTime:0.000057s ]
INFO: Run Common\Behavior\InitHookBehavior [ RunTime:0.006434s ]
INFO: [ app_init ] --END-- [ RunTime:0.008776s ]
INFO: [ app_begin ] --START--
INFO: Run Behavior\ReadHtmlCacheBehavior [ RunTime:0.002159s ]
INFO: [ app_begin ] --END-- [ RunTime:0.002363s ]
SQL: SHOW COLUMNS FROM `xh_config` [ RunTime:0.0029s ]
SQL: SELECT `type`,`name`,`value` FROM `xh_config` WHERE `status` = 1  [ RunTime:0.0012s ]
SQL: SHOW COLUMNS FROM `xh_region` [ RunTime:0.0025s ]
SQL: SELECT * FROM `xh_region` WHERE ( region_type = 1 ) ORDER BY region_id desc  [ RunTime:0.0022s ]
SQL: SELECT * FROM `xh_region` WHERE ( region_type = 3 ) ORDER BY region_id desc  [ RunTime:0.0323s ]
SQL: SELECT * FROM `xh_region` WHERE ( region_type = 2  ) ORDER BY region_id desc  [ RunTime:0.0035s ]
SQL: SHOW COLUMNS FROM `xh_member` [ RunTime:0.0006s ]
SQL: SELECT * FROM `xh_member` WHERE ( uid = 7 ) LIMIT 1   [ RunTime:0.0005s ]
SQL: SHOW COLUMNS FROM `xh_company` [ RunTime:0.0008s ]
SQL: SELECT * FROM `xh_company` WHERE ( uid = 7 ) LIMIT 1   [ RunTime:0.0004s ]
INFO: [ view_parse ] --START--
INFO: [ template_filter ] --START--
INFO: Run Behavior\ContentReplaceBehavior [ RunTime:0.000195s ]
INFO: [ template_filter ] --END-- [ RunTime:0.000233s ]
SQL: SHOW COLUMNS FROM `xh_adv` [ RunTime:0.0007s ]
SQL: SELECT * FROM `xh_adv` LEFT JOIN xh_adv_pos as b ON xh_adv.pos_id = b.id  WHERE b.status = 1 AND b.type = 1 AND b.path = 'Home/Member/basics'  [ RunTime:0.0006s ]
NOTIC: [2] Invalid argument supplied for foreach() C:\Server\www\obj\Runtime\Cache\Home\1abb59755f9b2cad9a268dcefe3ea514.php 第 4 行.
NOTIC: [8] Undefined variable: oneplus_seo_meta C:\Server\www\obj\Runtime\Cache\Home\1abb59755f9b2cad9a268dcefe3ea514.php 第 6 行.
NOTIC: [8] Undefined variable: seo C:\Server\www\obj\Runtime\Cache\Home\1abb59755f9b2cad9a268dcefe3ea514.php 第 6 行.
SQL: SHOW COLUMNS FROM `xh_seo_rule` [ RunTime:0.0006s ]
INFO: Run Behavior\ParseTemplateBehavior [ RunTime:0.109383s ]
INFO: [ view_parse ] --END-- [ RunTime:0.109421s ]
INFO: [ view_filter ] --START--
INFO: Run Behavior\WriteHtmlCacheBehavior [ RunTime:0.000312s ]
INFO: [ view_filter ] --END-- [ RunTime:0.000352s ]
INFO: [ app_end ] --START--
INFO: Run Behavior\ShowPageTraceBehavior [ RunTime:0.000615s ]
INFO: [ app_end ] --END-- [ RunTime:0.000693s ]

[ 2016-07-18T21:19:32+08:00 ] 127.0.0.1 /Public/Homekindeditor/plugins/code/prettify.css
INFO: [ app_init ] --START--
INFO: Run Behavior\BuildLiteBehavior [ RunTime:0.000010s ]
INFO: Run Common\Behavior\InitHookBehavior [ RunTime:0.001033s ]
INFO: [ app_init ] --END-- [ RunTime:0.001328s ]
INFO: [ app_begin ] --START--
INFO: Run Behavior\ReadHtmlCacheBehavior [ RunTime:0.000454s ]
INFO: [ app_begin ] --END-- [ RunTime:0.000501s ]

[ 2016-07-18T21:19:32+08:00 ] 127.0.0.1 /favicon.ico
INFO: [ app_init ] --START--
INFO: Run Behavior\BuildLiteBehavior [ RunTime:0.000022s ]
INFO: Run Common\Behavior\InitHookBehavior [ RunTime:0.002055s ]
INFO: [ app_init ] --END-- [ RunTime:0.002599s ]
INFO: [ app_begin ] --START--
INFO: Run Behavior\ReadHtmlCacheBehavior [ RunTime:0.000489s ]
INFO: [ app_begin ] --END-- [ RunTime:0.000547s ]

