[ 2016-07-24T21:29:23+08:00 ] 127.0.0.1 /index.php?s=Home/user/login.html
INFO: [ app_init ] --START--
INFO: Run Behavior\BuildLiteBehavior [ RunTime:0.000023s ]
INFO: Run Common\Behavior\InitHookBehavior [ RunTime:0.003406s ]
INFO: [ app_init ] --END-- [ RunTime:0.005950s ]
INFO: [ app_begin ] --START--
INFO: Run Behavior\ReadHtmlCacheBehavior [ RunTime:0.000855s ]
INFO: [ app_begin ] --END-- [ RunTime:0.000939s ]
SQL: SHOW COLUMNS FROM `xh_config` [ RunTime:0.0221s ]
SQL: SELECT `type`,`name`,`value` FROM `xh_config` WHERE `status` = 1  [ RunTime:0.0209s ]
INFO: [ view_parse ] --START--
INFO: [ template_filter ] --START--
INFO: Run Behavior\ContentReplaceBehavior [ RunTime:0.000333s ]
INFO: [ template_filter ] --END-- [ RunTime:0.000462s ]
SQL: SHOW COLUMNS FROM `xh_adv` [ RunTime:0.0227s ]
SQL: SELECT * FROM `xh_adv` LEFT JOIN xh_adv_pos as b ON xh_adv.pos_id = b.id  WHERE b.status = 1 AND b.type = 1 AND b.path = 'Home/User/login'  [ RunTime:0.0212s ]
NOTIC: [2] Invalid argument supplied for foreach() C:\Server\www\obj\Runtime\Cache\Home\b171d71961885d3bf0f7a9b2e0867b01.php 第 4 行.
NOTIC: [8] Undefined variable: oneplus_seo_meta C:\Server\www\obj\Runtime\Cache\Home\b171d71961885d3bf0f7a9b2e0867b01.php 第 6 行.
NOTIC: [8] Undefined variable: seo C:\Server\www\obj\Runtime\Cache\Home\b171d71961885d3bf0f7a9b2e0867b01.php 第 6 行.
SQL: SHOW COLUMNS FROM `xh_seo_rule` [ RunTime:0.0215s ]
INFO: Run Behavior\ParseTemplateBehavior [ RunTime:0.125120s ]
INFO: [ view_parse ] --END-- [ RunTime:0.125202s ]
INFO: [ view_filter ] --START--
INFO: Run Behavior\WriteHtmlCacheBehavior [ RunTime:0.000358s ]
INFO: [ view_filter ] --END-- [ RunTime:0.000399s ]
INFO: [ app_end ] --START--
INFO: Run Behavior\ShowPageTraceBehavior [ RunTime:0.000571s ]
INFO: [ app_end ] --END-- [ RunTime:0.000610s ]

[ 2016-07-24T21:29:23+08:00 ] 127.0.0.1 /favicon.ico
INFO: [ app_init ] --START--
INFO: Run Behavior\BuildLiteBehavior [ RunTime:0.000048s ]
INFO: Run Common\Behavior\InitHookBehavior [ RunTime:0.002357s ]
INFO: [ app_init ] --END-- [ RunTime:0.002970s ]
INFO: [ app_begin ] --START--
INFO: Run Behavior\ReadHtmlCacheBehavior [ RunTime:0.000587s ]
INFO: [ app_begin ] --END-- [ RunTime:0.000660s ]

[ 2016-07-24T21:36:45+08:00 ] 127.0.0.1 /index.php?s=Home/user/login.html
INFO: [ app_init ] --START--
INFO: Run Behavior\BuildLiteBehavior [ RunTime:0.000010s ]
INFO: Run Common\Behavior\InitHookBehavior [ RunTime:0.001308s ]
INFO: [ app_init ] --END-- [ RunTime:0.001618s ]
INFO: [ app_begin ] --START--
INFO: Run Behavior\ReadHtmlCacheBehavior [ RunTime:0.000340s ]
INFO: [ app_begin ] --END-- [ RunTime:0.000377s ]
SQL: SHOW COLUMNS FROM `xh_config` [ RunTime:0.0179s ]
SQL: SELECT `type`,`name`,`value` FROM `xh_config` WHERE `status` = 1  [ RunTime:0.0160s ]
INFO: [ view_parse ] --START--
INFO: [ template_filter ] --START--
INFO: Run Behavior\ContentReplaceBehavior [ RunTime:0.000216s ]
INFO: [ template_filter ] --END-- [ RunTime:0.000280s ]
SQL: SHOW COLUMNS FROM `xh_adv` [ RunTime:0.0164s ]
SQL: SELECT * FROM `xh_adv` LEFT JOIN xh_adv_pos as b ON xh_adv.pos_id = b.id  WHERE b.status = 1 AND b.type = 1 AND b.path = 'Home/User/login'  [ RunTime:0.0181s ]
NOTIC: [2] Invalid argument supplied for foreach() C:\Server\www\obj\Runtime\Cache\Home\b171d71961885d3bf0f7a9b2e0867b01.php 第 4 行.
NOTIC: [8] Undefined variable: oneplus_seo_meta C:\Server\www\obj\Runtime\Cache\Home\b171d71961885d3bf0f7a9b2e0867b01.php 第 6 行.
NOTIC: [8] Undefined variable: seo C:\Server\www\obj\Runtime\Cache\Home\b171d71961885d3bf0f7a9b2e0867b01.php 第 6 行.
SQL: SHOW COLUMNS FROM `xh_seo_rule` [ RunTime:0.0162s ]
INFO: Run Behavior\ParseTemplateBehavior [ RunTime:0.069535s ]
INFO: [ view_parse ] --END-- [ RunTime:0.069584s ]
INFO: [ view_filter ] --START--
INFO: Run Behavior\WriteHtmlCacheBehavior [ RunTime:0.000408s ]
INFO: [ view_filter ] --END-- [ RunTime:0.000439s ]
INFO: [ app_end ] --START--
INFO: Run Behavior\ShowPageTraceBehavior [ RunTime:0.000795s ]
INFO: [ app_end ] --END-- [ RunTime:0.000911s ]

[ 2016-07-24T21:36:45+08:00 ] 127.0.0.1 /images/L-IEC.png
INFO: [ app_init ] --START--
INFO: Run Behavior\BuildLiteBehavior [ RunTime:0.000018s ]
INFO: Run Common\Behavior\InitHookBehavior [ RunTime:0.002575s ]
INFO: [ app_init ] --END-- [ RunTime:0.003058s ]
INFO: [ app_begin ] --START--
INFO: Run Behavior\ReadHtmlCacheBehavior [ RunTime:0.000634s ]
INFO: [ app_begin ] --END-- [ RunTime:0.000706s ]

[ 2016-07-24T21:36:45+08:00 ] 127.0.0.1 /favicon.ico
INFO: [ app_init ] --START--
INFO: Run Behavior\BuildLiteBehavior [ RunTime:0.000015s ]
INFO: Run Common\Behavior\InitHookBehavior [ RunTime:0.001493s ]
INFO: [ app_init ] --END-- [ RunTime:0.001916s ]
INFO: [ app_begin ] --START--
INFO: Run Behavior\ReadHtmlCacheBehavior [ RunTime:0.000688s ]
INFO: [ app_begin ] --END-- [ RunTime:0.000777s ]

[ 2016-07-24T21:37:01+08:00 ] 127.0.0.1 /index.php?s=Home/user/login.html
INFO: [ app_init ] --START--
INFO: Run Behavior\BuildLiteBehavior [ RunTime:0.000052s ]
INFO: Run Common\Behavior\InitHookBehavior [ RunTime:0.007439s ]
INFO: [ app_init ] --END-- [ RunTime:0.009813s ]
INFO: [ app_begin ] --START--
INFO: Run Behavior\ReadHtmlCacheBehavior [ RunTime:0.001034s ]
INFO: [ app_begin ] --END-- [ RunTime:0.001148s ]
SQL: SHOW COLUMNS FROM `xh_config` [ RunTime:0.0208s ]
SQL: SELECT `type`,`name`,`value` FROM `xh_config` WHERE `status` = 1  [ RunTime:0.0205s ]
INFO: [ view_parse ] --START--
INFO: [ template_filter ] --START--
INFO: Run Behavior\ContentReplaceBehavior [ RunTime:0.000267s ]
INFO: [ template_filter ] --END-- [ RunTime:0.000364s ]
SQL: SHOW COLUMNS FROM `xh_adv` [ RunTime:0.0197s ]
SQL: SELECT * FROM `xh_adv` LEFT JOIN xh_adv_pos as b ON xh_adv.pos_id = b.id  WHERE b.status = 1 AND b.type = 1 AND b.path = 'Home/User/login'  [ RunTime:0.0192s ]
NOTIC: [2] Invalid argument supplied for foreach() C:\Server\www\obj\Runtime\Cache\Home\b171d71961885d3bf0f7a9b2e0867b01.php 第 4 行.
NOTIC: [8] Undefined variable: oneplus_seo_meta C:\Server\www\obj\Runtime\Cache\Home\b171d71961885d3bf0f7a9b2e0867b01.php 第 6 行.
NOTIC: [8] Undefined variable: seo C:\Server\www\obj\Runtime\Cache\Home\b171d71961885d3bf0f7a9b2e0867b01.php 第 6 行.
SQL: SHOW COLUMNS FROM `xh_seo_rule` [ RunTime:0.0206s ]
INFO: Run Behavior\ParseTemplateBehavior [ RunTime:0.082502s ]
INFO: [ view_parse ] --END-- [ RunTime:0.082598s ]
INFO: [ view_filter ] --START--
INFO: Run Behavior\WriteHtmlCacheBehavior [ RunTime:0.000766s ]
INFO: [ view_filter ] --END-- [ RunTime:0.000855s ]
INFO: [ app_end ] --START--
INFO: Run Behavior\ShowPageTraceBehavior [ RunTime:0.001358s ]
INFO: [ app_end ] --END-- [ RunTime:0.001476s ]

[ 2016-07-24T21:37:01+08:00 ] 127.0.0.1 /images/L-IEC.png
INFO: [ app_init ] --START--
INFO: Run Behavior\BuildLiteBehavior [ RunTime:0.000018s ]
INFO: Run Common\Behavior\InitHookBehavior [ RunTime:0.001942s ]
INFO: [ app_init ] --END-- [ RunTime:0.002468s ]
INFO: [ app_begin ] --START--
INFO: Run Behavior\ReadHtmlCacheBehavior [ RunTime:0.000561s ]
INFO: [ app_begin ] --END-- [ RunTime:0.000625s ]

[ 2016-07-24T21:37:02+08:00 ] 127.0.0.1 /favicon.ico
INFO: [ app_init ] --START--
INFO: Run Behavior\BuildLiteBehavior [ RunTime:0.000015s ]
INFO: Run Common\Behavior\InitHookBehavior [ RunTime:0.001890s ]
INFO: [ app_init ] --END-- [ RunTime:0.002357s ]
INFO: [ app_begin ] --START--
INFO: Run Behavior\ReadHtmlCacheBehavior [ RunTime:0.000553s ]
INFO: [ app_begin ] --END-- [ RunTime:0.000620s ]

[ 2016-07-24T21:37:45+08:00 ] 127.0.0.1 /index.php?s=Home/user/login.html
INFO: [ app_init ] --START--
INFO: Run Behavior\BuildLiteBehavior [ RunTime:0.000027s ]
INFO: Run Common\Behavior\InitHookBehavior [ RunTime:0.003106s ]
INFO: [ app_init ] --END-- [ RunTime:0.005455s ]
INFO: [ app_begin ] --START--
INFO: Run Behavior\ReadHtmlCacheBehavior [ RunTime:0.000671s ]
INFO: [ app_begin ] --END-- [ RunTime:0.000743s ]
SQL: SHOW COLUMNS FROM `xh_config` [ RunTime:0.0223s ]
SQL: SELECT `type`,`name`,`value` FROM `xh_config` WHERE `status` = 1  [ RunTime:0.0278s ]
INFO: [ view_parse ] --START--
INFO: [ template_filter ] --START--
INFO: Run Behavior\ContentReplaceBehavior [ RunTime:0.000228s ]
INFO: [ template_filter ] --END-- [ RunTime:0.000303s ]
SQL: SHOW COLUMNS FROM `xh_adv` [ RunTime:0.0226s ]
SQL: SELECT * FROM `xh_adv` LEFT JOIN xh_adv_pos as b ON xh_adv.pos_id = b.id  WHERE b.status = 1 AND b.type = 1 AND b.path = 'Home/User/login'  [ RunTime:0.0282s ]
NOTIC: [2] Invalid argument supplied for foreach() C:\Server\www\obj\Runtime\Cache\Home\b171d71961885d3bf0f7a9b2e0867b01.php 第 4 行.
NOTIC: [8] Undefined variable: oneplus_seo_meta C:\Server\www\obj\Runtime\Cache\Home\b171d71961885d3bf0f7a9b2e0867b01.php 第 6 行.
NOTIC: [8] Undefined variable: seo C:\Server\www\obj\Runtime\Cache\Home\b171d71961885d3bf0f7a9b2e0867b01.php 第 6 行.
SQL: SHOW COLUMNS FROM `xh_seo_rule` [ RunTime:0.0238s ]
INFO: Run Behavior\ParseTemplateBehavior [ RunTime:0.094390s ]
INFO: [ view_parse ] --END-- [ RunTime:0.094459s ]
INFO: [ view_filter ] --START--
INFO: Run Behavior\WriteHtmlCacheBehavior [ RunTime:0.000510s ]
INFO: [ view_filter ] --END-- [ RunTime:0.000557s ]
INFO: [ app_end ] --START--
INFO: Run Behavior\ShowPageTraceBehavior [ RunTime:0.000903s ]
INFO: [ app_end ] --END-- [ RunTime:0.000979s ]

[ 2016-07-24T21:37:45+08:00 ] 127.0.0.1 /favicon.ico
INFO: [ app_init ] --START--
INFO: Run Behavior\BuildLiteBehavior [ RunTime:0.000021s ]
INFO: Run Common\Behavior\InitHookBehavior [ RunTime:0.001918s ]
INFO: [ app_init ] --END-- [ RunTime:0.002499s ]
INFO: [ app_begin ] --START--
INFO: Run Behavior\ReadHtmlCacheBehavior [ RunTime:0.000588s ]
INFO: [ app_begin ] --END-- [ RunTime:0.000662s ]

[ 2016-07-24T21:38:58+08:00 ] 127.0.0.1 /index.php?s=Home/user/login.html
INFO: [ app_init ] --START--
INFO: Run Behavior\BuildLiteBehavior [ RunTime:0.000023s ]
INFO: Run Common\Behavior\InitHookBehavior [ RunTime:0.002464s ]
INFO: [ app_init ] --END-- [ RunTime:0.003025s ]
INFO: [ app_begin ] --START--
INFO: Run Behavior\ReadHtmlCacheBehavior [ RunTime:0.000644s ]
INFO: [ app_begin ] --END-- [ RunTime:0.000712s ]
SQL: SHOW COLUMNS FROM `xh_config` [ RunTime:0.0212s ]
SQL: SELECT `type`,`name`,`value` FROM `xh_config` WHERE `status` = 1  [ RunTime:0.0187s ]
INFO: [ view_parse ] --START--
INFO: [ template_filter ] --START--
INFO: Run Behavior\ContentReplaceBehavior [ RunTime:0.000242s ]
INFO: [ template_filter ] --END-- [ RunTime:0.000313s ]
SQL: SHOW COLUMNS FROM `xh_adv` [ RunTime:0.0215s ]
SQL: SELECT * FROM `xh_adv` LEFT JOIN xh_adv_pos as b ON xh_adv.pos_id = b.id  WHERE b.status = 1 AND b.type = 1 AND b.path = 'Home/User/login'  [ RunTime:0.0188s ]
NOTIC: [2] Invalid argument supplied for foreach() C:\Server\www\obj\Runtime\Cache\Home\b171d71961885d3bf0f7a9b2e0867b01.php 第 4 行.
NOTIC: [8] Undefined variable: oneplus_seo_meta C:\Server\www\obj\Runtime\Cache\Home\b171d71961885d3bf0f7a9b2e0867b01.php 第 6 行.
NOTIC: [8] Undefined variable: seo C:\Server\www\obj\Runtime\Cache\Home\b171d71961885d3bf0f7a9b2e0867b01.php 第 6 行.
SQL: SHOW COLUMNS FROM `xh_seo_rule` [ RunTime:0.0197s ]
INFO: Run Behavior\ParseTemplateBehavior [ RunTime:0.080370s ]
INFO: [ view_parse ] --END-- [ RunTime:0.080441s ]
INFO: [ view_filter ] --START--
INFO: Run Behavior\WriteHtmlCacheBehavior [ RunTime:0.000436s ]
INFO: [ view_filter ] --END-- [ RunTime:0.000483s ]
INFO: [ app_end ] --START--
INFO: Run Behavior\ShowPageTraceBehavior [ RunTime:0.001128s ]
INFO: [ app_end ] --END-- [ RunTime:0.001218s ]

[ 2016-07-24T21:38:58+08:00 ] 127.0.0.1 /favicon.ico
INFO: [ app_init ] --START--
INFO: Run Behavior\BuildLiteBehavior [ RunTime:0.000016s ]
INFO: Run Common\Behavior\InitHookBehavior [ RunTime:0.001737s ]
INFO: [ app_init ] --END-- [ RunTime:0.002199s ]
INFO: [ app_begin ] --START--
INFO: Run Behavior\ReadHtmlCacheBehavior [ RunTime:0.000478s ]
INFO: [ app_begin ] --END-- [ RunTime:0.000537s ]

[ 2016-07-24T21:39:31+08:00 ] 127.0.0.1 /index.php?s=Home/user/login.html
INFO: [ app_init ] --START--
INFO: Run Behavior\BuildLiteBehavior [ RunTime:0.000087s ]
INFO: Run Common\Behavior\InitHookBehavior [ RunTime:0.008306s ]
INFO: [ app_init ] --END-- [ RunTime:0.010202s ]
INFO: [ app_begin ] --START--
INFO: Run Behavior\ReadHtmlCacheBehavior [ RunTime:0.000637s ]
INFO: [ app_begin ] --END-- [ RunTime:0.000712s ]
SQL: SHOW COLUMNS FROM `xh_config` [ RunTime:0.0185s ]
SQL: SELECT `type`,`name`,`value` FROM `xh_config` WHERE `status` = 1  [ RunTime:0.0176s ]
INFO: [ view_parse ] --START--
INFO: [ template_filter ] --START--
INFO: Run Behavior\ContentReplaceBehavior [ RunTime:0.000143s ]
INFO: [ template_filter ] --END-- [ RunTime:0.000183s ]
SQL: SHOW COLUMNS FROM `xh_adv` [ RunTime:0.0194s ]
SQL: SELECT * FROM `xh_adv` LEFT JOIN xh_adv_pos as b ON xh_adv.pos_id = b.id  WHERE b.status = 1 AND b.type = 1 AND b.path = 'Home/User/login'  [ RunTime:0.0203s ]
NOTIC: [2] Invalid argument supplied for foreach() C:\Server\www\obj\Runtime\Cache\Home\b171d71961885d3bf0f7a9b2e0867b01.php 第 4 行.
NOTIC: [8] Undefined variable: oneplus_seo_meta C:\Server\www\obj\Runtime\Cache\Home\b171d71961885d3bf0f7a9b2e0867b01.php 第 6 行.
NOTIC: [8] Undefined variable: seo C:\Server\www\obj\Runtime\Cache\Home\b171d71961885d3bf0f7a9b2e0867b01.php 第 6 行.
SQL: SHOW COLUMNS FROM `xh_seo_rule` [ RunTime:0.0206s ]
INFO: Run Behavior\ParseTemplateBehavior [ RunTime:0.071416s ]
INFO: [ view_parse ] --END-- [ RunTime:0.071452s ]
INFO: [ view_filter ] --START--
INFO: Run Behavior\WriteHtmlCacheBehavior [ RunTime:0.000251s ]
INFO: [ view_filter ] --END-- [ RunTime:0.000276s ]
INFO: [ app_end ] --START--
INFO: Run Behavior\ShowPageTraceBehavior [ RunTime:0.000515s ]
INFO: [ app_end ] --END-- [ RunTime:0.000555s ]

[ 2016-07-24T21:39:31+08:00 ] 127.0.0.1 /Public/Home/js/resgin.js
INFO: [ app_init ] --START--
INFO: Run Behavior\BuildLiteBehavior [ RunTime:0.000011s ]
INFO: Run Common\Behavior\InitHookBehavior [ RunTime:0.001586s ]
INFO: [ app_init ] --END-- [ RunTime:0.001975s ]
INFO: [ app_begin ] --START--
INFO: Run Behavior\ReadHtmlCacheBehavior [ RunTime:0.000424s ]
INFO: [ app_begin ] --END-- [ RunTime:0.000482s ]

[ 2016-07-24T21:39:31+08:00 ] 127.0.0.1 /favicon.ico
INFO: [ app_init ] --START--
INFO: Run Behavior\BuildLiteBehavior [ RunTime:0.000029s ]
INFO: Run Common\Behavior\InitHookBehavior [ RunTime:0.001968s ]
INFO: [ app_init ] --END-- [ RunTime:0.003614s ]
INFO: [ app_begin ] --START--
INFO: Run Behavior\ReadHtmlCacheBehavior [ RunTime:0.000482s ]
INFO: [ app_begin ] --END-- [ RunTime:0.000577s ]

[ 2016-07-24T21:39:35+08:00 ] 127.0.0.1 /index.php?s=Home/user/login.html
INFO: [ app_init ] --START--
INFO: Run Behavior\BuildLiteBehavior [ RunTime:0.000018s ]
INFO: Run Common\Behavior\InitHookBehavior [ RunTime:0.001517s ]
INFO: [ app_init ] --END-- [ RunTime:0.002009s ]
INFO: [ app_begin ] --START--
INFO: Run Behavior\ReadHtmlCacheBehavior [ RunTime:0.000341s ]
INFO: [ app_begin ] --END-- [ RunTime:0.000378s ]
SQL: SHOW COLUMNS FROM `xh_config` [ RunTime:0.0177s ]
SQL: SELECT `type`,`name`,`value` FROM `xh_config` WHERE `status` = 1  [ RunTime:0.0206s ]
INFO: [ view_parse ] --START--
INFO: [ template_filter ] --START--
INFO: Run Behavior\ContentReplaceBehavior [ RunTime:0.000338s ]
INFO: [ template_filter ] --END-- [ RunTime:0.000435s ]
SQL: SHOW COLUMNS FROM `xh_adv` [ RunTime:0.0179s ]
SQL: SELECT * FROM `xh_adv` LEFT JOIN xh_adv_pos as b ON xh_adv.pos_id = b.id  WHERE b.status = 1 AND b.type = 1 AND b.path = 'Home/User/login'  [ RunTime:0.0181s ]
NOTIC: [2] Invalid argument supplied for foreach() C:\Server\www\obj\Runtime\Cache\Home\b171d71961885d3bf0f7a9b2e0867b01.php 第 4 行.
NOTIC: [8] Undefined variable: oneplus_seo_meta C:\Server\www\obj\Runtime\Cache\Home\b171d71961885d3bf0f7a9b2e0867b01.php 第 6 行.
NOTIC: [8] Undefined variable: seo C:\Server\www\obj\Runtime\Cache\Home\b171d71961885d3bf0f7a9b2e0867b01.php 第 6 行.
SQL: SHOW COLUMNS FROM `xh_seo_rule` [ RunTime:0.0199s ]
INFO: Run Behavior\ParseTemplateBehavior [ RunTime:0.076568s ]
INFO: [ view_parse ] --END-- [ RunTime:0.076653s ]
INFO: [ view_filter ] --START--
INFO: Run Behavior\WriteHtmlCacheBehavior [ RunTime:0.000512s ]
INFO: [ view_filter ] --END-- [ RunTime:0.000583s ]
INFO: [ app_end ] --START--
INFO: Run Behavior\ShowPageTraceBehavior [ RunTime:0.000930s ]
INFO: [ app_end ] --END-- [ RunTime:0.001007s ]

[ 2016-07-24T21:39:35+08:00 ] 127.0.0.1 /Public/Home/js/resgin.js
INFO: [ app_init ] --START--
INFO: Run Behavior\BuildLiteBehavior [ RunTime:0.000027s ]
INFO: Run Common\Behavior\InitHookBehavior [ RunTime:0.002989s ]
INFO: [ app_init ] --END-- [ RunTime:0.003811s ]
INFO: [ app_begin ] --START--
INFO: Run Behavior\ReadHtmlCacheBehavior [ RunTime:0.000706s ]
INFO: [ app_begin ] --END-- [ RunTime:0.000796s ]

[ 2016-07-24T21:39:35+08:00 ] 127.0.0.1 /favicon.ico
INFO: [ app_init ] --START--
INFO: Run Behavior\BuildLiteBehavior [ RunTime:0.000017s ]
INFO: Run Common\Behavior\InitHookBehavior [ RunTime:0.002321s ]
INFO: [ app_init ] --END-- [ RunTime:0.002970s ]
INFO: [ app_begin ] --START--
INFO: Run Behavior\ReadHtmlCacheBehavior [ RunTime:0.000756s ]
INFO: [ app_begin ] --END-- [ RunTime:0.000851s ]

[ 2016-07-24T21:39:56+08:00 ] 127.0.0.1 /index.php?s=Home/user/login.html
INFO: [ app_init ] --START--
INFO: Run Behavior\BuildLiteBehavior [ RunTime:0.000011s ]
INFO: Run Common\Behavior\InitHookBehavior [ RunTime:0.001080s ]
INFO: [ app_init ] --END-- [ RunTime:0.001368s ]
INFO: [ app_begin ] --START--
INFO: Run Behavior\ReadHtmlCacheBehavior [ RunTime:0.000337s ]
INFO: [ app_begin ] --END-- [ RunTime:0.000373s ]
SQL: SHOW COLUMNS FROM `xh_config` [ RunTime:0.0198s ]
SQL: SELECT `type`,`name`,`value` FROM `xh_config` WHERE `status` = 1  [ RunTime:0.0193s ]
INFO: [ view_parse ] --START--
INFO: [ template_filter ] --START--
INFO: Run Behavior\ContentReplaceBehavior [ RunTime:0.000216s ]
INFO: [ template_filter ] --END-- [ RunTime:0.000294s ]
SQL: SHOW COLUMNS FROM `xh_adv` [ RunTime:0.0226s ]
SQL: SELECT * FROM `xh_adv` LEFT JOIN xh_adv_pos as b ON xh_adv.pos_id = b.id  WHERE b.status = 1 AND b.type = 1 AND b.path = 'Home/User/login'  [ RunTime:0.0208s ]
NOTIC: [2] Invalid argument supplied for foreach() C:\Server\www\obj\Runtime\Cache\Home\b171d71961885d3bf0f7a9b2e0867b01.php 第 4 行.
NOTIC: [8] Undefined variable: oneplus_seo_meta C:\Server\www\obj\Runtime\Cache\Home\b171d71961885d3bf0f7a9b2e0867b01.php 第 6 行.
NOTIC: [8] Undefined variable: seo C:\Server\www\obj\Runtime\Cache\Home\b171d71961885d3bf0f7a9b2e0867b01.php 第 6 行.
SQL: SHOW COLUMNS FROM `xh_seo_rule` [ RunTime:0.0220s ]
INFO: Run Behavior\ParseTemplateBehavior [ RunTime:0.082909s ]
INFO: [ view_parse ] --END-- [ RunTime:0.082988s ]
INFO: [ view_filter ] --START--
INFO: Run Behavior\WriteHtmlCacheBehavior [ RunTime:0.000860s ]
INFO: [ view_filter ] --END-- [ RunTime:0.000952s ]
INFO: [ app_end ] --START--
INFO: Run Behavior\ShowPageTraceBehavior [ RunTime:0.001321s ]
INFO: [ app_end ] --END-- [ RunTime:0.001412s ]

[ 2016-07-24T21:39:57+08:00 ] 127.0.0.1 /Public/Home/js/resgin.js
INFO: [ app_init ] --START--
INFO: Run Behavior\BuildLiteBehavior [ RunTime:0.000014s ]
INFO: Run Common\Behavior\InitHookBehavior [ RunTime:0.001958s ]
INFO: [ app_init ] --END-- [ RunTime:0.002410s ]
INFO: [ app_begin ] --START--
INFO: Run Behavior\ReadHtmlCacheBehavior [ RunTime:0.000563s ]
INFO: [ app_begin ] --END-- [ RunTime:0.000627s ]

[ 2016-07-24T21:39:57+08:00 ] 127.0.0.1 /favicon.ico
INFO: [ app_init ] --START--
INFO: Run Behavior\BuildLiteBehavior [ RunTime:0.000019s ]
INFO: Run Common\Behavior\InitHookBehavior [ RunTime:0.001929s ]
INFO: [ app_init ] --END-- [ RunTime:0.002431s ]
INFO: [ app_begin ] --START--
INFO: Run Behavior\ReadHtmlCacheBehavior [ RunTime:0.000697s ]
INFO: [ app_begin ] --END-- [ RunTime:0.000818s ]

[ 2016-07-24T21:41:09+08:00 ] 127.0.0.1 /index.php?s=Home/user/login.html
INFO: [ app_init ] --START--
INFO: Run Behavior\BuildLiteBehavior [ RunTime:0.000050s ]
INFO: Run Common\Behavior\InitHookBehavior [ RunTime:0.002558s ]
INFO: [ app_init ] --END-- [ RunTime:0.003265s ]
INFO: [ app_begin ] --START--
INFO: Run Behavior\ReadHtmlCacheBehavior [ RunTime:0.000727s ]
INFO: [ app_begin ] --END-- [ RunTime:0.000813s ]
SQL: SHOW COLUMNS FROM `xh_config` [ RunTime:0.0200s ]
SQL: SELECT `type`,`name`,`value` FROM `xh_config` WHERE `status` = 1  [ RunTime:0.0194s ]
INFO: [ view_parse ] --START--
INFO: [ template_filter ] --START--
INFO: Run Behavior\ContentReplaceBehavior [ RunTime:0.000281s ]
INFO: [ template_filter ] --END-- [ RunTime:0.000360s ]
SQL: SHOW COLUMNS FROM `xh_adv` [ RunTime:0.0197s ]
SQL: SELECT * FROM `xh_adv` LEFT JOIN xh_adv_pos as b ON xh_adv.pos_id = b.id  WHERE b.status = 1 AND b.type = 1 AND b.path = 'Home/User/login'  [ RunTime:0.0197s ]
NOTIC: [2] Invalid argument supplied for foreach() C:\Server\www\obj\Runtime\Cache\Home\b171d71961885d3bf0f7a9b2e0867b01.php 第 4 行.
NOTIC: [8] Undefined variable: oneplus_seo_meta C:\Server\www\obj\Runtime\Cache\Home\b171d71961885d3bf0f7a9b2e0867b01.php 第 6 行.
NOTIC: [8] Undefined variable: seo C:\Server\www\obj\Runtime\Cache\Home\b171d71961885d3bf0f7a9b2e0867b01.php 第 6 行.
SQL: SHOW COLUMNS FROM `xh_seo_rule` [ RunTime:0.0208s ]
INFO: Run Behavior\ParseTemplateBehavior [ RunTime:0.085852s ]
INFO: [ view_parse ] --END-- [ RunTime:0.085996s ]
INFO: [ view_filter ] --START--
INFO: Run Behavior\WriteHtmlCacheBehavior [ RunTime:0.001300s ]
INFO: [ view_filter ] --END-- [ RunTime:0.001436s ]
INFO: [ app_end ] --START--
INFO: Run Behavior\ShowPageTraceBehavior [ RunTime:0.002714s ]
INFO: [ app_end ] --END-- [ RunTime:0.002984s ]

[ 2016-07-24T21:41:10+08:00 ] 127.0.0.1 /Public/Home/js/resgin.js
INFO: [ app_init ] --START--
INFO: Run Behavior\BuildLiteBehavior [ RunTime:0.000014s ]
INFO: Run Common\Behavior\InitHookBehavior [ RunTime:0.001844s ]
INFO: [ app_init ] --END-- [ RunTime:0.002319s ]
INFO: [ app_begin ] --START--
INFO: Run Behavior\ReadHtmlCacheBehavior [ RunTime:0.000572s ]
INFO: [ app_begin ] --END-- [ RunTime:0.000643s ]

[ 2016-07-24T21:41:10+08:00 ] 127.0.0.1 /favicon.ico
INFO: [ app_init ] --START--
INFO: Run Behavior\BuildLiteBehavior [ RunTime:0.000016s ]
INFO: Run Common\Behavior\InitHookBehavior [ RunTime:0.001766s ]
INFO: [ app_init ] --END-- [ RunTime:0.002225s ]
INFO: [ app_begin ] --START--
INFO: Run Behavior\ReadHtmlCacheBehavior [ RunTime:0.000646s ]
INFO: [ app_begin ] --END-- [ RunTime:0.000718s ]

[ 2016-07-24T21:41:26+08:00 ] 127.0.0.1 /index.php?s=Home/user/login.html
INFO: [ app_init ] --START--
INFO: Run Behavior\BuildLiteBehavior [ RunTime:0.000017s ]
INFO: Run Common\Behavior\InitHookBehavior [ RunTime:0.001588s ]
INFO: [ app_init ] --END-- [ RunTime:0.001943s ]
INFO: [ app_begin ] --START--
INFO: Run Behavior\ReadHtmlCacheBehavior [ RunTime:0.000326s ]
INFO: [ app_begin ] --END-- [ RunTime:0.000364s ]
SQL: SHOW COLUMNS FROM `xh_config` [ RunTime:0.0180s ]
SQL: SELECT `type`,`name`,`value` FROM `xh_config` WHERE `status` = 1  [ RunTime:0.0175s ]
INFO: [ view_parse ] --START--
INFO: [ template_filter ] --START--
INFO: Run Behavior\ContentReplaceBehavior [ RunTime:0.000204s ]
INFO: [ template_filter ] --END-- [ RunTime:0.000279s ]
SQL: SHOW COLUMNS FROM `xh_adv` [ RunTime:0.0188s ]
SQL: SELECT * FROM `xh_adv` LEFT JOIN xh_adv_pos as b ON xh_adv.pos_id = b.id  WHERE b.status = 1 AND b.type = 1 AND b.path = 'Home/User/login'  [ RunTime:0.0178s ]
NOTIC: [2] Invalid argument supplied for foreach() C:\Server\www\obj\Runtime\Cache\Home\b171d71961885d3bf0f7a9b2e0867b01.php 第 4 行.
NOTIC: [8] Undefined variable: oneplus_seo_meta C:\Server\www\obj\Runtime\Cache\Home\b171d71961885d3bf0f7a9b2e0867b01.php 第 6 行.
NOTIC: [8] Undefined variable: seo C:\Server\www\obj\Runtime\Cache\Home\b171d71961885d3bf0f7a9b2e0867b01.php 第 6 行.
SQL: SHOW COLUMNS FROM `xh_seo_rule` [ RunTime:0.0180s ]
INFO: Run Behavior\ParseTemplateBehavior [ RunTime:0.069735s ]
INFO: [ view_parse ] --END-- [ RunTime:0.069787s ]
INFO: [ view_filter ] --START--
INFO: Run Behavior\WriteHtmlCacheBehavior [ RunTime:0.000360s ]
INFO: [ view_filter ] --END-- [ RunTime:0.000397s ]
INFO: [ app_end ] --START--
INFO: Run Behavior\ShowPageTraceBehavior [ RunTime:0.000594s ]
INFO: [ app_end ] --END-- [ RunTime:0.000634s ]

[ 2016-07-24T21:41:26+08:00 ] 127.0.0.1 /Public/Home/js/resgin.js
INFO: [ app_init ] --START--
INFO: Run Behavior\BuildLiteBehavior [ RunTime:0.000016s ]
INFO: Run Common\Behavior\InitHookBehavior [ RunTime:0.001720s ]
INFO: [ app_init ] --END-- [ RunTime:0.002199s ]
INFO: [ app_begin ] --START--
INFO: Run Behavior\ReadHtmlCacheBehavior [ RunTime:0.000544s ]
INFO: [ app_begin ] --END-- [ RunTime:0.000614s ]

[ 2016-07-24T21:41:26+08:00 ] 127.0.0.1 /favicon.ico
INFO: [ app_init ] --START--
INFO: Run Behavior\BuildLiteBehavior [ RunTime:0.000015s ]
INFO: Run Common\Behavior\InitHookBehavior [ RunTime:0.009257s ]
INFO: [ app_init ] --END-- [ RunTime:0.009812s ]
INFO: [ app_begin ] --START--
INFO: Run Behavior\ReadHtmlCacheBehavior [ RunTime:0.000837s ]
INFO: [ app_begin ] --END-- [ RunTime:0.000967s ]

[ 2016-07-24T21:41:33+08:00 ] 127.0.0.1 /index.php?s=Home/user/login.html
INFO: [ app_init ] --START--
INFO: Run Behavior\BuildLiteBehavior [ RunTime:0.000016s ]
INFO: Run Common\Behavior\InitHookBehavior [ RunTime:0.001936s ]
INFO: [ app_init ] --END-- [ RunTime:0.002462s ]
INFO: [ app_begin ] --START--
INFO: Run Behavior\ReadHtmlCacheBehavior [ RunTime:0.000387s ]
INFO: [ app_begin ] --END-- [ RunTime:0.000433s ]
SQL: SHOW COLUMNS FROM `xh_config` [ RunTime:0.0197s ]
SQL: SELECT `type`,`name`,`value` FROM `xh_config` WHERE `status` = 1  [ RunTime:0.0193s ]
INFO: [ view_parse ] --START--
INFO: [ template_filter ] --START--
INFO: Run Behavior\ContentReplaceBehavior [ RunTime:0.000177s ]
INFO: [ template_filter ] --END-- [ RunTime:0.000251s ]
SQL: SHOW COLUMNS FROM `xh_adv` [ RunTime:0.0194s ]
SQL: SELECT * FROM `xh_adv` LEFT JOIN xh_adv_pos as b ON xh_adv.pos_id = b.id  WHERE b.status = 1 AND b.type = 1 AND b.path = 'Home/User/login'  [ RunTime:0.0190s ]
NOTIC: [2] Invalid argument supplied for foreach() C:\Server\www\obj\Runtime\Cache\Home\b171d71961885d3bf0f7a9b2e0867b01.php 第 4 行.
NOTIC: [8] Undefined variable: oneplus_seo_meta C:\Server\www\obj\Runtime\Cache\Home\b171d71961885d3bf0f7a9b2e0867b01.php 第 6 行.
NOTIC: [8] Undefined variable: seo C:\Server\www\obj\Runtime\Cache\Home\b171d71961885d3bf0f7a9b2e0867b01.php 第 6 行.
SQL: SHOW COLUMNS FROM `xh_seo_rule` [ RunTime:0.0193s ]
INFO: Run Behavior\ParseTemplateBehavior [ RunTime:0.070089s ]
INFO: [ view_parse ] --END-- [ RunTime:0.070204s ]
INFO: [ view_filter ] --START--
INFO: Run Behavior\WriteHtmlCacheBehavior [ RunTime:0.000351s ]
INFO: [ view_filter ] --END-- [ RunTime:0.000383s ]
INFO: [ app_end ] --START--
INFO: Run Behavior\ShowPageTraceBehavior [ RunTime:0.000502s ]
INFO: [ app_end ] --END-- [ RunTime:0.000537s ]

[ 2016-07-24T21:41:33+08:00 ] 127.0.0.1 /Public/Home/js/resgin.js
INFO: [ app_init ] --START--
INFO: Run Behavior\BuildLiteBehavior [ RunTime:0.000022s ]
INFO: Run Common\Behavior\InitHookBehavior [ RunTime:0.002583s ]
INFO: [ app_init ] --END-- [ RunTime:0.003222s ]
INFO: [ app_begin ] --START--
INFO: Run Behavior\ReadHtmlCacheBehavior [ RunTime:0.001180s ]
INFO: [ app_begin ] --END-- [ RunTime:0.001278s ]

[ 2016-07-24T21:41:33+08:00 ] 127.0.0.1 /favicon.ico
INFO: [ app_init ] --START--
INFO: Run Behavior\BuildLiteBehavior [ RunTime:0.000017s ]
INFO: Run Common\Behavior\InitHookBehavior [ RunTime:0.001617s ]
INFO: [ app_init ] --END-- [ RunTime:0.002036s ]
INFO: [ app_begin ] --START--
INFO: Run Behavior\ReadHtmlCacheBehavior [ RunTime:0.000492s ]
INFO: [ app_begin ] --END-- [ RunTime:0.000552s ]

[ 2016-07-24T21:42:01+08:00 ] 127.0.0.1 /index.php?s=Home/user/login.html
INFO: [ app_init ] --START--
INFO: Run Behavior\BuildLiteBehavior [ RunTime:0.000030s ]
INFO: Run Common\Behavior\InitHookBehavior [ RunTime:0.009196s ]
INFO: [ app_init ] --END-- [ RunTime:0.010223s ]
INFO: [ app_begin ] --START--
INFO: Run Behavior\ReadHtmlCacheBehavior [ RunTime:0.000525s ]
INFO: [ app_begin ] --END-- [ RunTime:0.000594s ]
SQL: SHOW COLUMNS FROM `xh_config` [ RunTime:0.0174s ]
SQL: SELECT `type`,`name`,`value` FROM `xh_config` WHERE `status` = 1  [ RunTime:0.0197s ]
INFO: [ view_parse ] --START--
INFO: [ template_filter ] --START--
INFO: Run Behavior\ContentReplaceBehavior [ RunTime:0.000976s ]
INFO: [ template_filter ] --END-- [ RunTime:0.001377s ]
SQL: SHOW COLUMNS FROM `xh_adv` [ RunTime:0.0202s ]
SQL: SELECT * FROM `xh_adv` LEFT JOIN xh_adv_pos as b ON xh_adv.pos_id = b.id  WHERE b.status = 1 AND b.type = 1 AND b.path = 'Home/User/login'  [ RunTime:0.0173s ]
NOTIC: [2] Invalid argument supplied for foreach() C:\Server\www\obj\Runtime\Cache\Home\b171d71961885d3bf0f7a9b2e0867b01.php 第 4 行.
NOTIC: [8] Undefined variable: oneplus_seo_meta C:\Server\www\obj\Runtime\Cache\Home\b171d71961885d3bf0f7a9b2e0867b01.php 第 6 行.
NOTIC: [8] Undefined variable: seo C:\Server\www\obj\Runtime\Cache\Home\b171d71961885d3bf0f7a9b2e0867b01.php 第 6 行.
SQL: SHOW COLUMNS FROM `xh_seo_rule` [ RunTime:0.0224s ]
INFO: Run Behavior\ParseTemplateBehavior [ RunTime:0.138529s ]
INFO: [ view_parse ] --END-- [ RunTime:0.138801s ]
INFO: [ view_filter ] --START--
INFO: Run Behavior\WriteHtmlCacheBehavior [ RunTime:0.001363s ]
INFO: [ view_filter ] --END-- [ RunTime:0.001501s ]
INFO: [ app_end ] --START--
INFO: Run Behavior\ShowPageTraceBehavior [ RunTime:0.003042s ]
INFO: [ app_end ] --END-- [ RunTime:0.003271s ]

[ 2016-07-24T21:42:01+08:00 ] 127.0.0.1 /Public/Home/js/resgin.js
INFO: [ app_init ] --START--
INFO: Run Behavior\BuildLiteBehavior [ RunTime:0.000019s ]
INFO: Run Common\Behavior\InitHookBehavior [ RunTime:0.002088s ]
INFO: [ app_init ] --END-- [ RunTime:0.002656s ]
INFO: [ app_begin ] --START--
INFO: Run Behavior\ReadHtmlCacheBehavior [ RunTime:0.000589s ]
INFO: [ app_begin ] --END-- [ RunTime:0.000661s ]

[ 2016-07-24T21:42:01+08:00 ] 127.0.0.1 /favicon.ico
INFO: [ app_init ] --START--
INFO: Run Behavior\BuildLiteBehavior [ RunTime:0.000021s ]
INFO: Run Common\Behavior\InitHookBehavior [ RunTime:0.001840s ]
INFO: [ app_init ] --END-- [ RunTime:0.002318s ]
INFO: [ app_begin ] --START--
INFO: Run Behavior\ReadHtmlCacheBehavior [ RunTime:0.000551s ]
INFO: [ app_begin ] --END-- [ RunTime:0.000629s ]

[ 2016-07-24T21:44:33+08:00 ] 127.0.0.1 /index.php?s=Home/user/login.html
INFO: [ app_init ] --START--
INFO: Run Behavior\BuildLiteBehavior [ RunTime:0.000022s ]
INFO: Run Common\Behavior\InitHookBehavior [ RunTime:0.003087s ]
INFO: [ app_init ] --END-- [ RunTime:0.004002s ]
INFO: [ app_begin ] --START--
INFO: Run Behavior\ReadHtmlCacheBehavior [ RunTime:0.000754s ]
INFO: [ app_begin ] --END-- [ RunTime:0.000849s ]
SQL: SHOW COLUMNS FROM `xh_config` [ RunTime:0.0206s ]
SQL: SELECT `type`,`name`,`value` FROM `xh_config` WHERE `status` = 1  [ RunTime:0.0195s ]
INFO: [ view_parse ] --START--
INFO: [ template_filter ] --START--
INFO: Run Behavior\ContentReplaceBehavior [ RunTime:0.000159s ]
INFO: [ template_filter ] --END-- [ RunTime:0.000207s ]
SQL: SHOW COLUMNS FROM `xh_adv` [ RunTime:0.0208s ]
SQL: SELECT * FROM `xh_adv` LEFT JOIN xh_adv_pos as b ON xh_adv.pos_id = b.id  WHERE b.status = 1 AND b.type = 1 AND b.path = 'Home/User/login'  [ RunTime:0.0214s ]
NOTIC: [2] Invalid argument supplied for foreach() C:\Server\www\obj\Runtime\Cache\Home\b171d71961885d3bf0f7a9b2e0867b01.php 第 4 行.
NOTIC: [8] Undefined variable: oneplus_seo_meta C:\Server\www\obj\Runtime\Cache\Home\b171d71961885d3bf0f7a9b2e0867b01.php 第 6 行.
NOTIC: [8] Undefined variable: seo C:\Server\www\obj\Runtime\Cache\Home\b171d71961885d3bf0f7a9b2e0867b01.php 第 6 行.
SQL: SHOW COLUMNS FROM `xh_seo_rule` [ RunTime:0.0201s ]
INFO: Run Behavior\ParseTemplateBehavior [ RunTime:0.079216s ]
INFO: [ view_parse ] --END-- [ RunTime:0.079325s ]
INFO: [ view_filter ] --START--
INFO: Run Behavior\WriteHtmlCacheBehavior [ RunTime:0.001045s ]
INFO: [ view_filter ] --END-- [ RunTime:0.001180s ]
INFO: [ app_end ] --START--
INFO: Run Behavior\ShowPageTraceBehavior [ RunTime:0.001795s ]
INFO: [ app_end ] --END-- [ RunTime:0.001953s ]

[ 2016-07-24T21:44:33+08:00 ] 127.0.0.1 /Public/Home/js/resgin.js
INFO: [ app_init ] --START--
INFO: Run Behavior\BuildLiteBehavior [ RunTime:0.000024s ]
INFO: Run Common\Behavior\InitHookBehavior [ RunTime:0.003122s ]
INFO: [ app_init ] --END-- [ RunTime:0.004273s ]
INFO: [ app_begin ] --START--
INFO: Run Behavior\ReadHtmlCacheBehavior [ RunTime:0.000705s ]
INFO: [ app_begin ] --END-- [ RunTime:0.000879s ]

[ 2016-07-24T21:44:33+08:00 ] 127.0.0.1 /favicon.ico
INFO: [ app_init ] --START--
INFO: Run Behavior\BuildLiteBehavior [ RunTime:0.000015s ]
INFO: Run Common\Behavior\InitHookBehavior [ RunTime:0.001763s ]
INFO: [ app_init ] --END-- [ RunTime:0.002327s ]
INFO: [ app_begin ] --START--
INFO: Run Behavior\ReadHtmlCacheBehavior [ RunTime:0.000546s ]
INFO: [ app_begin ] --END-- [ RunTime:0.000618s ]

[ 2016-07-24T21:44:36+08:00 ] 127.0.0.1 /index.php?username=&password=
INFO: [ app_init ] --START--
INFO: Run Behavior\BuildLiteBehavior [ RunTime:0.000016s ]
INFO: Run Common\Behavior\InitHookBehavior [ RunTime:0.002972s ]
INFO: [ app_init ] --END-- [ RunTime:0.003528s ]
INFO: [ app_begin ] --START--
INFO: Run Behavior\ReadHtmlCacheBehavior [ RunTime:0.000679s ]
INFO: [ app_begin ] --END-- [ RunTime:0.000785s ]

[ 2016-07-24T21:44:36+08:00 ] 127.0.0.1 /favicon.ico
INFO: [ app_init ] --START--
INFO: Run Behavior\BuildLiteBehavior [ RunTime:0.000035s ]
INFO: Run Common\Behavior\InitHookBehavior [ RunTime:0.002522s ]
INFO: [ app_init ] --END-- [ RunTime:0.003584s ]
INFO: [ app_begin ] --START--
INFO: Run Behavior\ReadHtmlCacheBehavior [ RunTime:0.000566s ]
INFO: [ app_begin ] --END-- [ RunTime:0.000631s ]

[ 2016-07-24T21:44:38+08:00 ] 127.0.0.1 /favicon.ico
INFO: [ app_init ] --START--
INFO: Run Behavior\BuildLiteBehavior [ RunTime:0.000017s ]
INFO: Run Common\Behavior\InitHookBehavior [ RunTime:0.003506s ]
INFO: [ app_init ] --END-- [ RunTime:0.004074s ]
INFO: [ app_begin ] --START--
INFO: Run Behavior\ReadHtmlCacheBehavior [ RunTime:0.000509s ]
INFO: [ app_begin ] --END-- [ RunTime:0.000575s ]

[ 2016-07-24T21:44:40+08:00 ] 127.0.0.1 /index.php?s=/Home/User/register.html
INFO: [ app_init ] --START--
INFO: Run Behavior\BuildLiteBehavior [ RunTime:0.000039s ]
INFO: Run Common\Behavior\InitHookBehavior [ RunTime:0.005061s ]
INFO: [ app_init ] --END-- [ RunTime:0.006315s ]
INFO: [ app_begin ] --START--
INFO: Run Behavior\ReadHtmlCacheBehavior [ RunTime:0.001876s ]
INFO: [ app_begin ] --END-- [ RunTime:0.002097s ]
SQL: SHOW COLUMNS FROM `xh_config` [ RunTime:0.0189s ]
SQL: SELECT `type`,`name`,`value` FROM `xh_config` WHERE `status` = 1  [ RunTime:0.0184s ]
INFO: [ view_parse ] --START--
INFO: [ template_filter ] --START--
INFO: Run Behavior\ContentReplaceBehavior [ RunTime:0.000963s ]
INFO: [ template_filter ] --END-- [ RunTime:0.001220s ]
SQL: SHOW COLUMNS FROM `xh_adv` [ RunTime:0.0194s ]
SQL: SELECT * FROM `xh_adv` LEFT JOIN xh_adv_pos as b ON xh_adv.pos_id = b.id  WHERE b.status = 1 AND b.type = 1 AND b.path = 'Home/User/register'  [ RunTime:0.0187s ]
NOTIC: [2] Invalid argument supplied for foreach() C:\Server\www\obj\Runtime\Cache\Home\9b704f822dd650dff93d491c8d637394.php 第 4 行.
NOTIC: [8] Undefined variable: oneplus_seo_meta C:\Server\www\obj\Runtime\Cache\Home\9b704f822dd650dff93d491c8d637394.php 第 6 行.
NOTIC: [8] Undefined variable: seo C:\Server\www\obj\Runtime\Cache\Home\9b704f822dd650dff93d491c8d637394.php 第 6 行.
SQL: SHOW COLUMNS FROM `xh_seo_rule` [ RunTime:0.0199s ]
INFO: Run Behavior\ParseTemplateBehavior [ RunTime:0.139535s ]
INFO: [ view_parse ] --END-- [ RunTime:0.139834s ]
INFO: [ view_filter ] --START--
INFO: Run Behavior\WriteHtmlCacheBehavior [ RunTime:0.002455s ]
INFO: [ view_filter ] --END-- [ RunTime:0.002679s ]
INFO: [ app_end ] --START--
INFO: Run Behavior\ShowPageTraceBehavior [ RunTime:0.003346s ]
INFO: [ app_end ] --END-- [ RunTime:0.003718s ]

[ 2016-07-24T21:44:40+08:00 ] 127.0.0.1 /favicon.ico
INFO: [ app_init ] --START--
INFO: Run Behavior\BuildLiteBehavior [ RunTime:0.000015s ]
INFO: Run Common\Behavior\InitHookBehavior [ RunTime:0.001598s ]
INFO: [ app_init ] --END-- [ RunTime:0.002074s ]
INFO: [ app_begin ] --START--
INFO: Run Behavior\ReadHtmlCacheBehavior [ RunTime:0.000706s ]
INFO: [ app_begin ] --END-- [ RunTime:0.000820s ]

[ 2016-07-24T21:44:42+08:00 ] 127.0.0.1 /favicon.ico
INFO: [ app_init ] --START--
INFO: Run Behavior\BuildLiteBehavior [ RunTime:0.000014s ]
INFO: Run Common\Behavior\InitHookBehavior [ RunTime:0.001639s ]
INFO: [ app_init ] --END-- [ RunTime:0.002088s ]
INFO: [ app_begin ] --START--
INFO: Run Behavior\ReadHtmlCacheBehavior [ RunTime:0.000532s ]
INFO: [ app_begin ] --END-- [ RunTime:0.000631s ]

[ 2016-07-24T21:45:38+08:00 ] 127.0.0.1 /index.php?s=Home/user/login.html
INFO: [ app_init ] --START--
INFO: Run Behavior\BuildLiteBehavior [ RunTime:0.000120s ]
INFO: Run Common\Behavior\InitHookBehavior [ RunTime:0.006481s ]
INFO: [ app_init ] --END-- [ RunTime:0.009740s ]
INFO: [ app_begin ] --START--
INFO: Run Behavior\ReadHtmlCacheBehavior [ RunTime:0.001015s ]
INFO: [ app_begin ] --END-- [ RunTime:0.001134s ]
SQL: SHOW COLUMNS FROM `xh_config` [ RunTime:0.0174s ]
SQL: SELECT `type`,`name`,`value` FROM `xh_config` WHERE `status` = 1  [ RunTime:0.0167s ]
INFO: [ view_parse ] --START--
INFO: [ template_filter ] --START--
INFO: Run Behavior\ContentReplaceBehavior [ RunTime:0.000134s ]
INFO: [ template_filter ] --END-- [ RunTime:0.000172s ]
SQL: SHOW COLUMNS FROM `xh_adv` [ RunTime:0.0167s ]
SQL: SELECT * FROM `xh_adv` LEFT JOIN xh_adv_pos as b ON xh_adv.pos_id = b.id  WHERE b.status = 1 AND b.type = 1 AND b.path = 'Home/User/login'  [ RunTime:0.0174s ]
NOTIC: [2] Invalid argument supplied for foreach() C:\Server\www\obj\Runtime\Cache\Home\b171d71961885d3bf0f7a9b2e0867b01.php 第 4 行.
NOTIC: [8] Undefined variable: oneplus_seo_meta C:\Server\www\obj\Runtime\Cache\Home\b171d71961885d3bf0f7a9b2e0867b01.php 第 6 行.
NOTIC: [8] Undefined variable: seo C:\Server\www\obj\Runtime\Cache\Home\b171d71961885d3bf0f7a9b2e0867b01.php 第 6 行.
SQL: SHOW COLUMNS FROM `xh_seo_rule` [ RunTime:0.0163s ]
INFO: Run Behavior\ParseTemplateBehavior [ RunTime:0.062272s ]
INFO: [ view_parse ] --END-- [ RunTime:0.062326s ]
INFO: [ view_filter ] --START--
INFO: Run Behavior\WriteHtmlCacheBehavior [ RunTime:0.000292s ]
INFO: [ view_filter ] --END-- [ RunTime:0.000320s ]
INFO: [ app_end ] --START--
INFO: Run Behavior\ShowPageTraceBehavior [ RunTime:0.000557s ]
INFO: [ app_end ] --END-- [ RunTime:0.000634s ]

[ 2016-07-24T21:45:38+08:00 ] 127.0.0.1 /Public/Home/js/resgin.js
INFO: [ app_init ] --START--
INFO: Run Behavior\BuildLiteBehavior [ RunTime:0.000017s ]
INFO: Run Common\Behavior\InitHookBehavior [ RunTime:0.006732s ]
INFO: [ app_init ] --END-- [ RunTime:0.007311s ]
INFO: [ app_begin ] --START--
INFO: Run Behavior\ReadHtmlCacheBehavior [ RunTime:0.001142s ]
INFO: [ app_begin ] --END-- [ RunTime:0.001278s ]

[ 2016-07-24T21:45:38+08:00 ] 127.0.0.1 /favicon.ico
INFO: [ app_init ] --START--
INFO: Run Behavior\BuildLiteBehavior [ RunTime:0.000016s ]
INFO: Run Common\Behavior\InitHookBehavior [ RunTime:0.001502s ]
INFO: [ app_init ] --END-- [ RunTime:0.001979s ]
INFO: [ app_begin ] --START--
INFO: Run Behavior\ReadHtmlCacheBehavior [ RunTime:0.000455s ]
INFO: [ app_begin ] --END-- [ RunTime:0.000507s ]

[ 2016-07-24T21:45:50+08:00 ] 127.0.0.1 /index.php?s=Home/user/login.html
INFO: [ app_init ] --START--
INFO: Run Behavior\BuildLiteBehavior [ RunTime:0.000117s ]
INFO: Run Common\Behavior\InitHookBehavior [ RunTime:0.002282s ]
INFO: [ app_init ] --END-- [ RunTime:0.004009s ]
INFO: [ app_begin ] --START--
INFO: Run Behavior\ReadHtmlCacheBehavior [ RunTime:0.000507s ]
INFO: [ app_begin ] --END-- [ RunTime:0.000564s ]
SQL: SHOW COLUMNS FROM `xh_config` [ RunTime:0.0223s ]
SQL: SELECT `type`,`name`,`value` FROM `xh_config` WHERE `status` = 1  [ RunTime:0.0179s ]
INFO: [ view_parse ] --START--
INFO: [ template_filter ] --START--
INFO: Run Behavior\ContentReplaceBehavior [ RunTime:0.000133s ]
INFO: [ template_filter ] --END-- [ RunTime:0.000172s ]
SQL: SHOW COLUMNS FROM `xh_adv` [ RunTime:0.0200s ]
SQL: SELECT * FROM `xh_adv` LEFT JOIN xh_adv_pos as b ON xh_adv.pos_id = b.id  WHERE b.status = 1 AND b.type = 1 AND b.path = 'Home/User/login'  [ RunTime:0.0181s ]
NOTIC: [2] Invalid argument supplied for foreach() C:\Server\www\obj\Runtime\Cache\Home\b171d71961885d3bf0f7a9b2e0867b01.php 第 4 行.
NOTIC: [8] Undefined variable: oneplus_seo_meta C:\Server\www\obj\Runtime\Cache\Home\b171d71961885d3bf0f7a9b2e0867b01.php 第 6 行.
NOTIC: [8] Undefined variable: seo C:\Server\www\obj\Runtime\Cache\Home\b171d71961885d3bf0f7a9b2e0867b01.php 第 6 行.
SQL: SHOW COLUMNS FROM `xh_seo_rule` [ RunTime:0.0185s ]
INFO: Run Behavior\ParseTemplateBehavior [ RunTime:0.068322s ]
INFO: [ view_parse ] --END-- [ RunTime:0.068376s ]
INFO: [ view_filter ] --START--
INFO: Run Behavior\WriteHtmlCacheBehavior [ RunTime:0.000279s ]
INFO: [ view_filter ] --END-- [ RunTime:0.000307s ]
INFO: [ app_end ] --START--
INFO: Run Behavior\ShowPageTraceBehavior [ RunTime:0.000456s ]
INFO: [ app_end ] --END-- [ RunTime:0.000487s ]

[ 2016-07-24T21:45:50+08:00 ] 127.0.0.1 /Public/Home/js/resgin.js
INFO: [ app_init ] --START--
INFO: Run Behavior\BuildLiteBehavior [ RunTime:0.000011s ]
INFO: Run Common\Behavior\InitHookBehavior [ RunTime:0.001167s ]
INFO: [ app_init ] --END-- [ RunTime:0.001493s ]
INFO: [ app_begin ] --START--
INFO: Run Behavior\ReadHtmlCacheBehavior [ RunTime:0.000472s ]
INFO: [ app_begin ] --END-- [ RunTime:0.000527s ]

[ 2016-07-24T21:45:50+08:00 ] 127.0.0.1 /favicon.ico
INFO: [ app_init ] --START--
INFO: Run Behavior\BuildLiteBehavior [ RunTime:0.000699s ]
INFO: Run Common\Behavior\InitHookBehavior [ RunTime:0.006793s ]
INFO: [ app_init ] --END-- [ RunTime:0.009956s ]
INFO: [ app_begin ] --START--
INFO: Run Behavior\ReadHtmlCacheBehavior [ RunTime:0.000726s ]
INFO: [ app_begin ] --END-- [ RunTime:0.000844s ]

[ 2016-07-24T21:46:01+08:00 ] 127.0.0.1 /index.php?s=Home/user/login.html
INFO: [ app_init ] --START--
INFO: Run Behavior\BuildLiteBehavior [ RunTime:0.000042s ]
INFO: Run Common\Behavior\InitHookBehavior [ RunTime:0.006189s ]
INFO: [ app_init ] --END-- [ RunTime:0.007562s ]
INFO: [ app_begin ] --START--
INFO: Run Behavior\ReadHtmlCacheBehavior [ RunTime:0.000661s ]
INFO: [ app_begin ] --END-- [ RunTime:0.000733s ]
SQL: SHOW COLUMNS FROM `xh_config` [ RunTime:0.0176s ]
SQL: SELECT `type`,`name`,`value` FROM `xh_config` WHERE `status` = 1  [ RunTime:0.0166s ]
NOTIC: [8] Undefined index: lite C:\Server\www\obj\ThinkPHP\Library\Think\Db.class.php 第 37 行.
SQL: SHOW COLUMNS FROM `xh_member` [ RunTime:0.0184s ]
SQL: SELECT `uid`,`nickname`,`sex`,`birthday`,`qq`,`score`,`login`,`reg_ip`,`reg_time`,`last_login_ip`,`last_login_time`,`status` FROM `xh_member` WHERE `uid` = 7 LIMIT 1   [ RunTime:0.0192s ]
SQL: UPDATE `xh_member` SET `login`=`login`+1,`last_login_time`='1469367961',`last_login_ip`='2130706433' WHERE `uid` = 7 [ RunTime:0.0169s ]
SQL: SHOW COLUMNS FROM `xh_action` [ RunTime:0.0177s ]
SQL: SELECT * FROM `xh_action` WHERE `name` = 'user_login' LIMIT 1   [ RunTime:0.0213s ]
SQL: SHOW COLUMNS FROM `xh_action_log` [ RunTime:0.0173s ]
SQL: INSERT INTO `xh_action_log` (`action_id`,`user_id`,`action_ip`,`model`,`record_id`,`create_time`,`remark`) VALUES ('1','7','2130706433','member','7','1469367961','ggxh250847在2016-07-24 21:46登录了后台') [ RunTime:0.0186s ]
SQL: SELECT * FROM `xh_action` WHERE `name` = 'user_login' LIMIT 1   [ RunTime:0.0166s ]
NOTIC: [8] Undefined offset: 1 C:\Server\www\obj\Application\Common\Common\function.php 第 679 行.
NOTIC: [2] array_key_exists() expects parameter 2 to be array, null given C:\Server\www\obj\Application\Common\Common\function.php 第 679 行.
SQL: SELECT COUNT(*) AS tp_count FROM `xh_action_log` WHERE `action_id` = 1 AND `user_id` = 7 AND `create_time` > 1469281561 LIMIT 1   [ RunTime:0.0168s ]
SQL: SHOW COLUMNS FROM `xh_member` [ RunTime:0.0175s ]
SQL: UPDATE `xh_member` SET `score`=score+10 WHERE ( uid=7 AND status>-1 ) [ RunTime:0.0166s ]

[ 2016-07-24T21:46:01+08:00 ] 127.0.0.1 /index.php?s=/Home/Member/index.html
INFO: [ app_init ] --START--
INFO: Run Behavior\BuildLiteBehavior [ RunTime:0.000028s ]
INFO: Run Common\Behavior\InitHookBehavior [ RunTime:0.002794s ]
INFO: [ app_init ] --END-- [ RunTime:0.003513s ]
INFO: [ app_begin ] --START--
INFO: Run Behavior\ReadHtmlCacheBehavior [ RunTime:0.001054s ]
INFO: [ app_begin ] --END-- [ RunTime:0.001196s ]
SQL: SHOW COLUMNS FROM `xh_config` [ RunTime:0.0193s ]
SQL: SELECT `type`,`name`,`value` FROM `xh_config` WHERE `status` = 1  [ RunTime:0.0178s ]
SQL: SHOW COLUMNS FROM `xh_ucenter_member` [ RunTime:0.0175s ]
SQL: SELECT `last_login_ip` FROM `xh_ucenter_member` WHERE ( id = 7 ) LIMIT 1   [ RunTime:0.0206s ]
SQL: SHOW COLUMNS FROM `xh_member` [ RunTime:0.0182s ]
SQL: SELECT `login` FROM `xh_member` WHERE ( uid = 7 ) LIMIT 1   [ RunTime:0.0182s ]
INFO: [ view_parse ] --START--
INFO: [ template_filter ] --START--
INFO: Run Behavior\ContentReplaceBehavior [ RunTime:0.000244s ]
INFO: [ template_filter ] --END-- [ RunTime:0.000315s ]
SQL: SHOW COLUMNS FROM `xh_adv` [ RunTime:0.0187s ]
SQL: SELECT * FROM `xh_adv` LEFT JOIN xh_adv_pos as b ON xh_adv.pos_id = b.id  WHERE b.status = 1 AND b.type = 1 AND b.path = 'Home/Member/index'  [ RunTime:0.0174s ]
NOTIC: [2] Invalid argument supplied for foreach() C:\Server\www\obj\Runtime\Cache\Home\fec31c49e38973483127c830dec35846.php 第 4 行.
NOTIC: [8] Undefined variable: oneplus_seo_meta C:\Server\www\obj\Runtime\Cache\Home\fec31c49e38973483127c830dec35846.php 第 6 行.
NOTIC: [8] Undefined variable: seo C:\Server\www\obj\Runtime\Cache\Home\fec31c49e38973483127c830dec35846.php 第 6 行.
SQL: SHOW COLUMNS FROM `xh_seo_rule` [ RunTime:0.0195s ]
INFO: Run Behavior\ParseTemplateBehavior [ RunTime:0.082509s ]
INFO: [ view_parse ] --END-- [ RunTime:0.082611s ]
INFO: [ view_filter ] --START--
INFO: Run Behavior\WriteHtmlCacheBehavior [ RunTime:0.000381s ]
INFO: [ view_filter ] --END-- [ RunTime:0.000429s ]
INFO: [ app_end ] --START--
INFO: Run Behavior\ShowPageTraceBehavior [ RunTime:0.000712s ]
INFO: [ app_end ] --END-- [ RunTime:0.000771s ]

[ 2016-07-24T21:46:01+08:00 ] 127.0.0.1 /images/%E6%9C%AA%E6%A0%87%E9%A2%98-1.png
INFO: [ app_init ] --START--
INFO: Run Behavior\BuildLiteBehavior [ RunTime:0.000016s ]
INFO: Run Common\Behavior\InitHookBehavior [ RunTime:0.002908s ]
INFO: [ app_init ] --END-- [ RunTime:0.003424s ]
INFO: [ app_begin ] --START--
INFO: Run Behavior\ReadHtmlCacheBehavior [ RunTime:0.000553s ]
INFO: [ app_begin ] --END-- [ RunTime:0.000623s ]

[ 2016-07-24T21:46:02+08:00 ] 127.0.0.1 /favicon.ico
INFO: [ app_init ] --START--
INFO: Run Behavior\BuildLiteBehavior [ RunTime:0.000017s ]
INFO: Run Common\Behavior\InitHookBehavior [ RunTime:0.002004s ]
INFO: [ app_init ] --END-- [ RunTime:0.002455s ]
INFO: [ app_begin ] --START--
INFO: Run Behavior\ReadHtmlCacheBehavior [ RunTime:0.000819s ]
INFO: [ app_begin ] --END-- [ RunTime:0.001025s ]

[ 2016-07-24T21:46:06+08:00 ] 127.0.0.1 /index.php?s=Home/user/login.html
INFO: [ app_init ] --START--
INFO: Run Behavior\BuildLiteBehavior [ RunTime:0.000012s ]
INFO: Run Common\Behavior\InitHookBehavior [ RunTime:0.001284s ]
INFO: [ app_init ] --END-- [ RunTime:0.001620s ]
INFO: [ app_begin ] --START--
INFO: Run Behavior\ReadHtmlCacheBehavior [ RunTime:0.000525s ]
INFO: [ app_begin ] --END-- [ RunTime:0.000577s ]
SQL: SHOW COLUMNS FROM `xh_config` [ RunTime:0.0208s ]
SQL: SELECT `type`,`name`,`value` FROM `xh_config` WHERE `status` = 1  [ RunTime:0.0208s ]
INFO: [ view_parse ] --START--
INFO: [ template_filter ] --START--
INFO: Run Behavior\ContentReplaceBehavior [ RunTime:0.000140s ]
INFO: [ template_filter ] --END-- [ RunTime:0.000186s ]
SQL: SHOW COLUMNS FROM `xh_adv` [ RunTime:0.0282s ]
SQL: SELECT * FROM `xh_adv` LEFT JOIN xh_adv_pos as b ON xh_adv.pos_id = b.id  WHERE b.status = 1 AND b.type = 1 AND b.path = 'Home/User/login'  [ RunTime:0.0211s ]
NOTIC: [2] Invalid argument supplied for foreach() C:\Server\www\obj\Runtime\Cache\Home\b171d71961885d3bf0f7a9b2e0867b01.php 第 4 行.
NOTIC: [8] Undefined variable: oneplus_seo_meta C:\Server\www\obj\Runtime\Cache\Home\b171d71961885d3bf0f7a9b2e0867b01.php 第 6 行.
NOTIC: [8] Undefined variable: seo C:\Server\www\obj\Runtime\Cache\Home\b171d71961885d3bf0f7a9b2e0867b01.php 第 6 行.
SQL: SHOW COLUMNS FROM `xh_seo_rule` [ RunTime:0.0192s ]
INFO: Run Behavior\ParseTemplateBehavior [ RunTime:0.081633s ]
INFO: [ view_parse ] --END-- [ RunTime:0.081695s ]
INFO: [ view_filter ] --START--
INFO: Run Behavior\WriteHtmlCacheBehavior [ RunTime:0.000297s ]
INFO: [ view_filter ] --END-- [ RunTime:0.000329s ]
INFO: [ app_end ] --START--
INFO: Run Behavior\ShowPageTraceBehavior [ RunTime:0.000425s ]
INFO: [ app_end ] --END-- [ RunTime:0.000455s ]

[ 2016-07-24T21:46:06+08:00 ] 127.0.0.1 /favicon.ico
INFO: [ app_init ] --START--
INFO: Run Behavior\BuildLiteBehavior [ RunTime:0.000016s ]
INFO: Run Common\Behavior\InitHookBehavior [ RunTime:0.001652s ]
INFO: [ app_init ] --END-- [ RunTime:0.002081s ]
INFO: [ app_begin ] --START--
INFO: Run Behavior\ReadHtmlCacheBehavior [ RunTime:0.000535s ]
INFO: [ app_begin ] --END-- [ RunTime:0.000608s ]

[ 2016-07-24T21:46:09+08:00 ] 127.0.0.1 /index.php?s=Home/user/login.html
INFO: [ app_init ] --START--
INFO: Run Behavior\BuildLiteBehavior [ RunTime:0.000047s ]
INFO: Run Common\Behavior\InitHookBehavior [ RunTime:0.004808s ]
INFO: [ app_init ] --END-- [ RunTime:0.006350s ]
INFO: [ app_begin ] --START--
INFO: Run Behavior\ReadHtmlCacheBehavior [ RunTime:0.000826s ]
INFO: [ app_begin ] --END-- [ RunTime:0.000953s ]
SQL: SHOW COLUMNS FROM `xh_config` [ RunTime:0.0182s ]
SQL: SELECT `type`,`name`,`value` FROM `xh_config` WHERE `status` = 1  [ RunTime:0.0159s ]
NOTIC: [8] Undefined index: lite C:\Server\www\obj\ThinkPHP\Library\Think\Db.class.php 第 37 行.
SQL: SHOW COLUMNS FROM `xh_member` [ RunTime:0.0162s ]
SQL: SELECT `uid`,`nickname`,`sex`,`birthday`,`qq`,`score`,`login`,`reg_ip`,`reg_time`,`last_login_ip`,`last_login_time`,`status` FROM `xh_member` WHERE `uid` = 7 LIMIT 1   [ RunTime:0.0156s ]
SQL: UPDATE `xh_member` SET `login`=`login`+1,`last_login_time`='1469367969',`last_login_ip`='2130706433' WHERE `uid` = 7 [ RunTime:0.0156s ]
SQL: SHOW COLUMNS FROM `xh_action` [ RunTime:0.0162s ]
SQL: SELECT * FROM `xh_action` WHERE `name` = 'user_login' LIMIT 1   [ RunTime:0.0156s ]
SQL: SHOW COLUMNS FROM `xh_action_log` [ RunTime:0.0163s ]
SQL: INSERT INTO `xh_action_log` (`action_id`,`user_id`,`action_ip`,`model`,`record_id`,`create_time`,`remark`) VALUES ('1','7','2130706433','member','7','1469367969','ggxh250847在2016-07-24 21:46登录了后台') [ RunTime:0.0154s ]
SQL: SELECT * FROM `xh_action` WHERE `name` = 'user_login' LIMIT 1   [ RunTime:0.0160s ]
NOTIC: [8] Undefined offset: 1 C:\Server\www\obj\Application\Common\Common\function.php 第 679 行.
NOTIC: [2] array_key_exists() expects parameter 2 to be array, null given C:\Server\www\obj\Application\Common\Common\function.php 第 679 行.
SQL: SELECT COUNT(*) AS tp_count FROM `xh_action_log` WHERE `action_id` = 1 AND `user_id` = 7 AND `create_time` > 1469281569 LIMIT 1   [ RunTime:0.0156s ]

[ 2016-07-24T21:46:10+08:00 ] 127.0.0.1 /index.php?s=/Home/Member/index.html
INFO: [ app_init ] --START--
INFO: Run Behavior\BuildLiteBehavior [ RunTime:0.000103s ]
INFO: Run Common\Behavior\InitHookBehavior [ RunTime:0.003405s ]
INFO: [ app_init ] --END-- [ RunTime:0.004635s ]
INFO: [ app_begin ] --START--
INFO: Run Behavior\ReadHtmlCacheBehavior [ RunTime:0.001024s ]
INFO: [ app_begin ] --END-- [ RunTime:0.001151s ]
SQL: SHOW COLUMNS FROM `xh_config` [ RunTime:0.0207s ]
SQL: SELECT `type`,`name`,`value` FROM `xh_config` WHERE `status` = 1  [ RunTime:0.0231s ]
SQL: SHOW COLUMNS FROM `xh_ucenter_member` [ RunTime:0.0203s ]
SQL: SELECT `last_login_ip` FROM `xh_ucenter_member` WHERE ( id = 7 ) LIMIT 1   [ RunTime:0.0194s ]
SQL: SHOW COLUMNS FROM `xh_member` [ RunTime:0.0220s ]
SQL: SELECT `login` FROM `xh_member` WHERE ( uid = 7 ) LIMIT 1   [ RunTime:0.0196s ]
INFO: [ view_parse ] --START--
INFO: [ template_filter ] --START--
INFO: Run Behavior\ContentReplaceBehavior [ RunTime:0.000337s ]
INFO: [ template_filter ] --END-- [ RunTime:0.000452s ]
SQL: SHOW COLUMNS FROM `xh_adv` [ RunTime:0.0208s ]
SQL: SELECT * FROM `xh_adv` LEFT JOIN xh_adv_pos as b ON xh_adv.pos_id = b.id  WHERE b.status = 1 AND b.type = 1 AND b.path = 'Home/Member/index'  [ RunTime:0.0205s ]
NOTIC: [2] Invalid argument supplied for foreach() C:\Server\www\obj\Runtime\Cache\Home\fec31c49e38973483127c830dec35846.php 第 4 行.
NOTIC: [8] Undefined variable: oneplus_seo_meta C:\Server\www\obj\Runtime\Cache\Home\fec31c49e38973483127c830dec35846.php 第 6 行.
NOTIC: [8] Undefined variable: seo C:\Server\www\obj\Runtime\Cache\Home\fec31c49e38973483127c830dec35846.php 第 6 行.
SQL: SHOW COLUMNS FROM `xh_seo_rule` [ RunTime:0.0206s ]
INFO: Run Behavior\ParseTemplateBehavior [ RunTime:0.101451s ]
INFO: [ view_parse ] --END-- [ RunTime:0.101706s ]
INFO: [ view_filter ] --START--
INFO: Run Behavior\WriteHtmlCacheBehavior [ RunTime:0.001202s ]
INFO: [ view_filter ] --END-- [ RunTime:0.001346s ]
INFO: [ app_end ] --START--
INFO: Run Behavior\ShowPageTraceBehavior [ RunTime:0.002600s ]
INFO: [ app_end ] --END-- [ RunTime:0.002883s ]

[ 2016-07-24T21:46:10+08:00 ] 127.0.0.1 /images/%E6%9C%AA%E6%A0%87%E9%A2%98-1.png
INFO: [ app_init ] --START--
INFO: Run Behavior\BuildLiteBehavior [ RunTime:0.000024s ]
INFO: Run Common\Behavior\InitHookBehavior [ RunTime:0.002705s ]
INFO: [ app_init ] --END-- [ RunTime:0.003412s ]
INFO: [ app_begin ] --START--
INFO: Run Behavior\ReadHtmlCacheBehavior [ RunTime:0.001197s ]
INFO: [ app_begin ] --END-- [ RunTime:0.001348s ]

[ 2016-07-24T21:46:10+08:00 ] 127.0.0.1 /favicon.ico
INFO: [ app_init ] --START--
INFO: Run Behavior\BuildLiteBehavior [ RunTime:0.000013s ]
INFO: Run Common\Behavior\InitHookBehavior [ RunTime:0.001399s ]
INFO: [ app_init ] --END-- [ RunTime:0.001759s ]
INFO: [ app_begin ] --START--
INFO: Run Behavior\ReadHtmlCacheBehavior [ RunTime:0.000468s ]
INFO: [ app_begin ] --END-- [ RunTime:0.000525s ]

[ 2016-07-24T21:46:12+08:00 ] 127.0.0.1 /index.php?s=Home/user/login.html
INFO: [ app_init ] --START--
INFO: Run Behavior\BuildLiteBehavior [ RunTime:0.000047s ]
INFO: Run Common\Behavior\InitHookBehavior [ RunTime:0.005645s ]
INFO: [ app_init ] --END-- [ RunTime:0.007131s ]
INFO: [ app_begin ] --START--
INFO: Run Behavior\ReadHtmlCacheBehavior [ RunTime:0.004033s ]
INFO: [ app_begin ] --END-- [ RunTime:0.004289s ]
SQL: SHOW COLUMNS FROM `xh_config` [ RunTime:0.0207s ]
SQL: SELECT `type`,`name`,`value` FROM `xh_config` WHERE `status` = 1  [ RunTime:0.0176s ]
INFO: [ view_parse ] --START--
INFO: [ template_filter ] --START--
INFO: Run Behavior\ContentReplaceBehavior [ RunTime:0.000459s ]
INFO: [ template_filter ] --END-- [ RunTime:0.000637s ]
SQL: SHOW COLUMNS FROM `xh_adv` [ RunTime:0.0194s ]
SQL: SELECT * FROM `xh_adv` LEFT JOIN xh_adv_pos as b ON xh_adv.pos_id = b.id  WHERE b.status = 1 AND b.type = 1 AND b.path = 'Home/User/login'  [ RunTime:0.0176s ]
NOTIC: [2] Invalid argument supplied for foreach() C:\Server\www\obj\Runtime\Cache\Home\b171d71961885d3bf0f7a9b2e0867b01.php 第 4 行.
NOTIC: [8] Undefined variable: oneplus_seo_meta C:\Server\www\obj\Runtime\Cache\Home\b171d71961885d3bf0f7a9b2e0867b01.php 第 6 行.
NOTIC: [8] Undefined variable: seo C:\Server\www\obj\Runtime\Cache\Home\b171d71961885d3bf0f7a9b2e0867b01.php 第 6 行.
SQL: SHOW COLUMNS FROM `xh_seo_rule` [ RunTime:0.0180s ]
INFO: Run Behavior\ParseTemplateBehavior [ RunTime:0.105891s ]
INFO: [ view_parse ] --END-- [ RunTime:0.106043s ]
INFO: [ view_filter ] --START--
INFO: Run Behavior\WriteHtmlCacheBehavior [ RunTime:0.001071s ]
INFO: [ view_filter ] --END-- [ RunTime:0.001198s ]
INFO: [ app_end ] --START--
INFO: Run Behavior\ShowPageTraceBehavior [ RunTime:0.001839s ]
INFO: [ app_end ] --END-- [ RunTime:0.002038s ]

[ 2016-07-24T21:46:13+08:00 ] 127.0.0.1 /favicon.ico
INFO: [ app_init ] --START--
INFO: Run Behavior\BuildLiteBehavior [ RunTime:0.000014s ]
INFO: Run Common\Behavior\InitHookBehavior [ RunTime:0.001743s ]
INFO: [ app_init ] --END-- [ RunTime:0.002206s ]
INFO: [ app_begin ] --START--
INFO: Run Behavior\ReadHtmlCacheBehavior [ RunTime:0.000514s ]
INFO: [ app_begin ] --END-- [ RunTime:0.000592s ]

